[1.511s] DEBUG:colcon:Command line arguments: ['/usr/bin/colcon', 'build']
[1.511s] DEBUG:colcon:Parsed command line arguments: Namespace(log_base=None, log_level=None, verb_name='build', build_base='build', install_base='install', merge_install=False, symlink_install=False, test_result_base=None, continue_on_error=False, executor='parallel', parallel_workers=8, event_handlers=None, ignore_user_meta=False, metas=['./colcon.meta'], base_paths=['.'], packages_ignore=None, packages_ignore_regex=None, paths=None, packages_up_to=None, packages_up_to_regex=None, packages_above=None, packages_above_and_dependencies=None, packages_above_depth=None, packages_select_by_dep=None, packages_skip_by_dep=None, packages_skip_up_to=None, packages_select_build_failed=False, packages_skip_build_finished=False, packages_select_test_failures=False, packages_skip_test_passed=False, packages_select=None, packages_skip=None, packages_select_regex=None, packages_skip_regex=None, packages_start=None, packages_end=None, allow_overriding=[], cmake_args=None, cmake_target=None, cmake_target_skip_unavailable=False, cmake_clean_cache=False, cmake_clean_first=False, cmake_force_configure=False, ament_cmake_args=None, catkin_cmake_args=None, catkin_skip_building_tests=False, verb_parser=<colcon_defaults.argument_parser.defaults.DefaultArgumentsDecorator object at 0x7f1159fd7a60>, verb_extension=<colcon_core.verb.build.BuildVerb object at 0x7f115a210fd0>, main=<bound method BuildVerb.main of <colcon_core.verb.build.BuildVerb object at 0x7f115a210fd0>>)
[1.654s] Level 1:colcon.colcon_core.package_discovery:discover_packages(colcon_meta) check parameters
[1.655s] Level 1:colcon.colcon_core.package_discovery:discover_packages(recursive) check parameters
[1.655s] Level 1:colcon.colcon_core.package_discovery:discover_packages(ignore) check parameters
[1.655s] Level 1:colcon.colcon_core.package_discovery:discover_packages(path) check parameters
[1.656s] Level 1:colcon.colcon_core.package_discovery:discover_packages(colcon_meta) discover
[1.656s] Level 1:colcon.colcon_core.package_discovery:discover_packages(recursive) discover
[1.657s] INFO:colcon.colcon_core.package_discovery:Crawling recursively for packages in '/home/saviveros/RoboticaGrupo11'
[1.657s] Level 1:colcon.colcon_core.package_identification:_identify(.) by extensions ['ignore', 'ignore_ament_install']
[1.657s] Level 1:colcon.colcon_core.package_identification:_identify(.) by extension 'ignore'
[1.658s] Level 1:colcon.colcon_core.package_identification:_identify(.) by extension 'ignore_ament_install'
[1.658s] Level 1:colcon.colcon_core.package_identification:_identify(.) by extensions ['colcon_pkg']
[1.658s] Level 1:colcon.colcon_core.package_identification:_identify(.) by extension 'colcon_pkg'
[1.658s] Level 1:colcon.colcon_core.package_identification:_identify(.) by extensions ['colcon_meta']
[1.658s] Level 1:colcon.colcon_core.package_identification:_identify(.) by extension 'colcon_meta'
[1.658s] Level 1:colcon.colcon_core.package_identification:_identify(.) by extensions ['ros']
[1.659s] Level 1:colcon.colcon_core.package_identification:_identify(.) by extension 'ros'
[1.689s] Level 1:colcon.colcon_core.package_identification:_identify(.) by extensions ['cmake', 'python']
[1.690s] Level 1:colcon.colcon_core.package_identification:_identify(.) by extension 'cmake'
[1.690s] Level 1:colcon.colcon_core.package_identification:_identify(.) by extension 'python'
[1.690s] Level 1:colcon.colcon_core.package_identification:_identify(.) by extensions ['python_setup_py']
[1.690s] Level 1:colcon.colcon_core.package_identification:_identify(.) by extension 'python_setup_py'
[1.691s] Level 1:colcon.colcon_core.package_identification:_identify(build) by extensions ['ignore', 'ignore_ament_install']
[1.691s] Level 1:colcon.colcon_core.package_identification:_identify(build) by extension 'ignore'
[1.692s] Level 1:colcon.colcon_core.package_identification:_identify(build) ignored
[1.693s] Level 1:colcon.colcon_core.package_identification:_identify(install) by extensions ['ignore', 'ignore_ament_install']
[1.695s] Level 1:colcon.colcon_core.package_identification:_identify(install) by extension 'ignore'
[1.696s] Level 1:colcon.colcon_core.package_identification:_identify(install) ignored
[1.697s] Level 1:colcon.colcon_core.package_identification:_identify(log) by extensions ['ignore', 'ignore_ament_install']
[1.698s] Level 1:colcon.colcon_core.package_identification:_identify(log) by extension 'ignore'
[1.698s] Level 1:colcon.colcon_core.package_identification:_identify(log) ignored
[1.698s] Level 1:colcon.colcon_core.package_identification:_identify(src) by extensions ['ignore', 'ignore_ament_install']
[1.698s] Level 1:colcon.colcon_core.package_identification:_identify(src) by extension 'ignore'
[1.699s] Level 1:colcon.colcon_core.package_identification:_identify(src) by extension 'ignore_ament_install'
[1.699s] Level 1:colcon.colcon_core.package_identification:_identify(src) by extensions ['colcon_pkg']
[1.699s] Level 1:colcon.colcon_core.package_identification:_identify(src) by extension 'colcon_pkg'
[1.699s] Level 1:colcon.colcon_core.package_identification:_identify(src) by extensions ['colcon_meta']
[1.699s] Level 1:colcon.colcon_core.package_identification:_identify(src) by extension 'colcon_meta'
[1.699s] Level 1:colcon.colcon_core.package_identification:_identify(src) by extensions ['ros']
[1.699s] Level 1:colcon.colcon_core.package_identification:_identify(src) by extension 'ros'
[1.699s] Level 1:colcon.colcon_core.package_identification:_identify(src) by extensions ['cmake', 'python']
[1.699s] Level 1:colcon.colcon_core.package_identification:_identify(src) by extension 'cmake'
[1.699s] Level 1:colcon.colcon_core.package_identification:_identify(src) by extension 'python'
[1.699s] Level 1:colcon.colcon_core.package_identification:_identify(src) by extensions ['python_setup_py']
[1.699s] Level 1:colcon.colcon_core.package_identification:_identify(src) by extension 'python_setup_py'
[1.700s] Level 1:colcon.colcon_core.package_identification:_identify(src/servicios) by extensions ['ignore', 'ignore_ament_install']
[1.700s] Level 1:colcon.colcon_core.package_identification:_identify(src/servicios) by extension 'ignore'
[1.700s] Level 1:colcon.colcon_core.package_identification:_identify(src/servicios) by extension 'ignore_ament_install'
[1.700s] Level 1:colcon.colcon_core.package_identification:_identify(src/servicios) by extensions ['colcon_pkg']
[1.700s] Level 1:colcon.colcon_core.package_identification:_identify(src/servicios) by extension 'colcon_pkg'
[1.700s] Level 1:colcon.colcon_core.package_identification:_identify(src/servicios) by extensions ['colcon_meta']
[1.700s] Level 1:colcon.colcon_core.package_identification:_identify(src/servicios) by extension 'colcon_meta'
[1.700s] Level 1:colcon.colcon_core.package_identification:_identify(src/servicios) by extensions ['ros']
[1.701s] Level 1:colcon.colcon_core.package_identification:_identify(src/servicios) by extension 'ros'
[1.708s] DEBUG:colcon.colcon_core.package_identification:Package 'src/servicios' with type 'ros.ament_cmake' and name 'servicios'
[1.709s] Level 1:colcon.colcon_core.package_identification:_identify(src/turtle_bot_nodos) by extensions ['ignore', 'ignore_ament_install']
[1.710s] Level 1:colcon.colcon_core.package_identification:_identify(src/turtle_bot_nodos) by extension 'ignore'
[1.710s] Level 1:colcon.colcon_core.package_identification:_identify(src/turtle_bot_nodos) by extension 'ignore_ament_install'
[1.711s] Level 1:colcon.colcon_core.package_identification:_identify(src/turtle_bot_nodos) by extensions ['colcon_pkg']
[1.711s] Level 1:colcon.colcon_core.package_identification:_identify(src/turtle_bot_nodos) by extension 'colcon_pkg'
[1.711s] Level 1:colcon.colcon_core.package_identification:_identify(src/turtle_bot_nodos) by extensions ['colcon_meta']
[1.711s] Level 1:colcon.colcon_core.package_identification:_identify(src/turtle_bot_nodos) by extension 'colcon_meta'
[1.711s] Level 1:colcon.colcon_core.package_identification:_identify(src/turtle_bot_nodos) by extensions ['ros']
[1.711s] Level 1:colcon.colcon_core.package_identification:_identify(src/turtle_bot_nodos) by extension 'ros'
[1.713s] DEBUG:colcon.colcon_core.package_identification:Package 'src/turtle_bot_nodos' with type 'ros.ament_python' and name 'turtle_bot_nodos'
[1.713s] Level 1:colcon.colcon_core.package_discovery:discover_packages(recursive) using defaults
[1.714s] Level 1:colcon.colcon_core.package_discovery:discover_packages(ignore) discover
[1.714s] Level 1:colcon.colcon_core.package_discovery:discover_packages(ignore) using defaults
[1.714s] Level 1:colcon.colcon_core.package_discovery:discover_packages(path) discover
[1.714s] Level 1:colcon.colcon_core.package_discovery:discover_packages(path) using defaults
[1.808s] Level 1:colcon.colcon_core.package_discovery:discover_packages(prefix_path) check parameters
[1.809s] Level 1:colcon.colcon_core.package_discovery:discover_packages(prefix_path) discover
[1.820s] DEBUG:colcon.colcon_installed_package_information.package_discovery:Found 2 installed packages in /home/saviveros/RoboticaGrupo11/install
[1.825s] DEBUG:colcon.colcon_installed_package_information.package_discovery:Found 284 installed packages in /opt/ros/humble
[1.831s] Level 1:colcon.colcon_core.package_discovery:discover_packages(prefix_path) using defaults
[2.084s] Level 5:colcon.colcon_core.verb:set package 'servicios' build argument 'cmake_args' from command line to 'None'
[2.085s] Level 5:colcon.colcon_core.verb:set package 'servicios' build argument 'cmake_target' from command line to 'None'
[2.085s] Level 5:colcon.colcon_core.verb:set package 'servicios' build argument 'cmake_target_skip_unavailable' from command line to 'False'
[2.085s] Level 5:colcon.colcon_core.verb:set package 'servicios' build argument 'cmake_clean_cache' from command line to 'False'
[2.085s] Level 5:colcon.colcon_core.verb:set package 'servicios' build argument 'cmake_clean_first' from command line to 'False'
[2.085s] Level 5:colcon.colcon_core.verb:set package 'servicios' build argument 'cmake_force_configure' from command line to 'False'
[2.085s] Level 5:colcon.colcon_core.verb:set package 'servicios' build argument 'ament_cmake_args' from command line to 'None'
[2.085s] Level 5:colcon.colcon_core.verb:set package 'servicios' build argument 'catkin_cmake_args' from command line to 'None'
[2.085s] Level 5:colcon.colcon_core.verb:set package 'servicios' build argument 'catkin_skip_building_tests' from command line to 'False'
[2.085s] DEBUG:colcon.colcon_core.verb:Building package 'servicios' with the following arguments: {'ament_cmake_args': None, 'build_base': '/home/saviveros/RoboticaGrupo11/build/servicios', 'catkin_cmake_args': None, 'catkin_skip_building_tests': False, 'cmake_args': None, 'cmake_clean_cache': False, 'cmake_clean_first': False, 'cmake_force_configure': False, 'cmake_target': None, 'cmake_target_skip_unavailable': False, 'install_base': '/home/saviveros/RoboticaGrupo11/install/servicios', 'merge_install': False, 'path': '/home/saviveros/RoboticaGrupo11/src/servicios', 'symlink_install': False, 'test_result_base': None}
[2.090s] Level 5:colcon.colcon_core.verb:set package 'turtle_bot_nodos' build argument 'cmake_args' from command line to 'None'
[2.091s] Level 5:colcon.colcon_core.verb:set package 'turtle_bot_nodos' build argument 'cmake_target' from command line to 'None'
[2.091s] Level 5:colcon.colcon_core.verb:set package 'turtle_bot_nodos' build argument 'cmake_target_skip_unavailable' from command line to 'False'
[2.091s] Level 5:colcon.colcon_core.verb:set package 'turtle_bot_nodos' build argument 'cmake_clean_cache' from command line to 'False'
[2.091s] Level 5:colcon.colcon_core.verb:set package 'turtle_bot_nodos' build argument 'cmake_clean_first' from command line to 'False'
[2.091s] Level 5:colcon.colcon_core.verb:set package 'turtle_bot_nodos' build argument 'cmake_force_configure' from command line to 'False'
[2.091s] Level 5:colcon.colcon_core.verb:set package 'turtle_bot_nodos' build argument 'ament_cmake_args' from command line to 'None'
[2.092s] Level 5:colcon.colcon_core.verb:set package 'turtle_bot_nodos' build argument 'catkin_cmake_args' from command line to 'None'
[2.092s] Level 5:colcon.colcon_core.verb:set package 'turtle_bot_nodos' build argument 'catkin_skip_building_tests' from command line to 'False'
[2.092s] DEBUG:colcon.colcon_core.verb:Building package 'turtle_bot_nodos' with the following arguments: {'ament_cmake_args': None, 'build_base': '/home/saviveros/RoboticaGrupo11/build/turtle_bot_nodos', 'catkin_cmake_args': None, 'catkin_skip_building_tests': False, 'cmake_args': None, 'cmake_clean_cache': False, 'cmake_clean_first': False, 'cmake_force_configure': False, 'cmake_target': None, 'cmake_target_skip_unavailable': False, 'install_base': '/home/saviveros/RoboticaGrupo11/install/turtle_bot_nodos', 'merge_install': False, 'path': '/home/saviveros/RoboticaGrupo11/src/turtle_bot_nodos', 'symlink_install': False, 'test_result_base': None}
[2.094s] INFO:colcon.colcon_core.executor:Executing jobs using 'parallel' executor
[2.104s] DEBUG:colcon.colcon_parallel_executor.executor.parallel:run_until_complete
[2.105s] INFO:colcon.colcon_ros.task.ament_cmake.build:Building ROS package in '/home/saviveros/RoboticaGrupo11/src/servicios' with build type 'ament_cmake'
[2.106s] INFO:colcon.colcon_cmake.task.cmake.build:Building CMake package in '/home/saviveros/RoboticaGrupo11/src/servicios'
[2.126s] INFO:colcon.colcon_core.plugin_system:Skipping extension 'colcon_core.shell.bat': Not used on non-Windows systems
[2.127s] INFO:colcon.colcon_core.shell:Skip shell extension 'powershell' for command environment: Not usable outside of PowerShell
[2.127s] DEBUG:colcon.colcon_core.shell:Skip shell extension 'dsv' for command environment
[2.148s] INFO:colcon.colcon_ros.task.ament_python.build:Building ROS package in '/home/saviveros/RoboticaGrupo11/src/turtle_bot_nodos' with build type 'ament_python'
[2.150s] Level 1:colcon.colcon_core.shell:create_environment_hook('turtle_bot_nodos', 'ament_prefix_path')
[2.164s] INFO:colcon.colcon_core.shell:Creating environment hook '/home/saviveros/RoboticaGrupo11/install/turtle_bot_nodos/share/turtle_bot_nodos/hook/ament_prefix_path.ps1'
[2.179s] INFO:colcon.colcon_core.shell:Creating environment descriptor '/home/saviveros/RoboticaGrupo11/install/turtle_bot_nodos/share/turtle_bot_nodos/hook/ament_prefix_path.dsv'
[2.183s] INFO:colcon.colcon_core.shell:Creating environment hook '/home/saviveros/RoboticaGrupo11/install/turtle_bot_nodos/share/turtle_bot_nodos/hook/ament_prefix_path.sh'
[2.200s] INFO:colcon.colcon_core.shell:Skip shell extension 'powershell' for command environment: Not usable outside of PowerShell
[2.202s] DEBUG:colcon.colcon_core.shell:Skip shell extension 'dsv' for command environment
[2.244s] DEBUG:colcon.colcon_core.event_handler.log_command:Invoking command in '/home/saviveros/RoboticaGrupo11/build/servicios': CMAKE_PREFIX_PATH=${CMAKE_PREFIX_PATH}:/home/saviveros/RoboticaGrupo11/install/turtle_bot_nodos:/opt/ros/humble /usr/bin/cmake --build /home/saviveros/RoboticaGrupo11/build/servicios -- -j8 -l8
[3.676s] INFO:colcon.colcon_core.task.python.build:Building Python package in '/home/saviveros/RoboticaGrupo11/src/turtle_bot_nodos'
[3.684s] INFO:colcon.colcon_core.shell:Skip shell extension 'powershell' for command environment: Not usable outside of PowerShell
[3.685s] DEBUG:colcon.colcon_core.shell:Skip shell extension 'dsv' for command environment
[4.070s] DEBUG:colcon.colcon_core.event_handler.log_command:Invoked command in '/home/saviveros/RoboticaGrupo11/build/servicios' returned '0': CMAKE_PREFIX_PATH=${CMAKE_PREFIX_PATH}:/home/saviveros/RoboticaGrupo11/install/turtle_bot_nodos:/opt/ros/humble /usr/bin/cmake --build /home/saviveros/RoboticaGrupo11/build/servicios -- -j8 -l8
[4.482s] DEBUG:colcon.colcon_core.event_handler.log_command:Invoking command in '/home/saviveros/RoboticaGrupo11/build/servicios': CMAKE_PREFIX_PATH=${CMAKE_PREFIX_PATH}:/home/saviveros/RoboticaGrupo11/install/turtle_bot_nodos:/opt/ros/humble /usr/bin/cmake --install /home/saviveros/RoboticaGrupo11/build/servicios
[4.727s] Level 1:colcon.colcon_core.environment:create_environment_scripts_only(servicios)
[4.748s] Level 1:colcon.colcon_core.environment:checking '/home/saviveros/RoboticaGrupo11/install/servicios' for CMake module files
[4.763s] DEBUG:colcon.colcon_core.event_handler.log_command:Invoked command in '/home/saviveros/RoboticaGrupo11/build/servicios' returned '0': CMAKE_PREFIX_PATH=${CMAKE_PREFIX_PATH}:/home/saviveros/RoboticaGrupo11/install/turtle_bot_nodos:/opt/ros/humble /usr/bin/cmake --install /home/saviveros/RoboticaGrupo11/build/servicios
[4.764s] Level 1:colcon.colcon_core.environment:checking '/home/saviveros/RoboticaGrupo11/install/servicios' for CMake config files
[4.764s] Level 1:colcon.colcon_core.shell:create_environment_hook('servicios', 'cmake_prefix_path')
[4.768s] INFO:colcon.colcon_core.shell:Creating environment hook '/home/saviveros/RoboticaGrupo11/install/servicios/share/servicios/hook/cmake_prefix_path.ps1'
[4.770s] INFO:colcon.colcon_core.shell:Creating environment descriptor '/home/saviveros/RoboticaGrupo11/install/servicios/share/servicios/hook/cmake_prefix_path.dsv'
[4.772s] INFO:colcon.colcon_core.shell:Creating environment hook '/home/saviveros/RoboticaGrupo11/install/servicios/share/servicios/hook/cmake_prefix_path.sh'
[4.779s] Level 1:colcon.colcon_core.environment:checking '/home/saviveros/RoboticaGrupo11/install/servicios/lib'
[4.780s] Level 1:colcon.colcon_core.shell:create_environment_hook('servicios', 'ld_library_path_lib')
[4.783s] INFO:colcon.colcon_core.shell:Creating environment hook '/home/saviveros/RoboticaGrupo11/install/servicios/share/servicios/hook/ld_library_path_lib.ps1'
[4.784s] INFO:colcon.colcon_core.shell:Creating environment descriptor '/home/saviveros/RoboticaGrupo11/install/servicios/share/servicios/hook/ld_library_path_lib.dsv'
[4.785s] INFO:colcon.colcon_core.shell:Creating environment hook '/home/saviveros/RoboticaGrupo11/install/servicios/share/servicios/hook/ld_library_path_lib.sh'
[4.787s] Level 1:colcon.colcon_core.environment:checking '/home/saviveros/RoboticaGrupo11/install/servicios/bin'
[4.787s] Level 1:colcon.colcon_core.environment:checking '/home/saviveros/RoboticaGrupo11/install/servicios/lib/pkgconfig/servicios.pc'
[4.788s] Level 1:colcon.colcon_core.environment:checking '/home/saviveros/RoboticaGrupo11/install/servicios/lib/python3.10/site-packages'
[4.789s] Level 1:colcon.colcon_core.environment:checking '/home/saviveros/RoboticaGrupo11/install/servicios/bin'
[4.797s] INFO:colcon.colcon_core.shell:Creating package script '/home/saviveros/RoboticaGrupo11/install/servicios/share/servicios/package.ps1'
[4.800s] INFO:colcon.colcon_core.shell:Creating package descriptor '/home/saviveros/RoboticaGrupo11/install/servicios/share/servicios/package.dsv'
[4.801s] INFO:colcon.colcon_core.shell:Creating package script '/home/saviveros/RoboticaGrupo11/install/servicios/share/servicios/package.sh'
[4.805s] INFO:colcon.colcon_core.shell:Creating package script '/home/saviveros/RoboticaGrupo11/install/servicios/share/servicios/package.bash'
[4.808s] INFO:colcon.colcon_core.shell:Creating package script '/home/saviveros/RoboticaGrupo11/install/servicios/share/servicios/package.zsh'
[4.811s] Level 1:colcon.colcon_core.environment:create_file_with_runtime_dependencies(/home/saviveros/RoboticaGrupo11/install/servicios/share/colcon-core/packages/servicios)
[5.278s] Level 1:colcon.colcon_core.environment:create_environment_scripts_only(servicios)
[5.285s] Level 1:colcon.colcon_core.environment:checking '/home/saviveros/RoboticaGrupo11/install/servicios' for CMake module files
[5.288s] Level 1:colcon.colcon_core.environment:checking '/home/saviveros/RoboticaGrupo11/install/servicios' for CMake config files
[5.290s] Level 1:colcon.colcon_core.shell:create_environment_hook('servicios', 'cmake_prefix_path')
[5.301s] INFO:colcon.colcon_core.shell:Creating environment hook '/home/saviveros/RoboticaGrupo11/install/servicios/share/servicios/hook/cmake_prefix_path.ps1'
[5.302s] INFO:colcon.colcon_core.shell:Creating environment descriptor '/home/saviveros/RoboticaGrupo11/install/servicios/share/servicios/hook/cmake_prefix_path.dsv'
[5.304s] INFO:colcon.colcon_core.shell:Creating environment hook '/home/saviveros/RoboticaGrupo11/install/servicios/share/servicios/hook/cmake_prefix_path.sh'
[5.306s] Level 1:colcon.colcon_core.environment:checking '/home/saviveros/RoboticaGrupo11/install/servicios/lib'
[5.307s] Level 1:colcon.colcon_core.shell:create_environment_hook('servicios', 'ld_library_path_lib')
[5.320s] INFO:colcon.colcon_core.shell:Creating environment hook '/home/saviveros/RoboticaGrupo11/install/servicios/share/servicios/hook/ld_library_path_lib.ps1'
[5.322s] INFO:colcon.colcon_core.shell:Creating environment descriptor '/home/saviveros/RoboticaGrupo11/install/servicios/share/servicios/hook/ld_library_path_lib.dsv'
[5.325s] INFO:colcon.colcon_core.shell:Creating environment hook '/home/saviveros/RoboticaGrupo11/install/servicios/share/servicios/hook/ld_library_path_lib.sh'
[5.329s] Level 1:colcon.colcon_core.environment:checking '/home/saviveros/RoboticaGrupo11/install/servicios/bin'
[5.330s] Level 1:colcon.colcon_core.environment:checking '/home/saviveros/RoboticaGrupo11/install/servicios/lib/pkgconfig/servicios.pc'
[5.332s] Level 1:colcon.colcon_core.environment:checking '/home/saviveros/RoboticaGrupo11/install/servicios/lib/python3.10/site-packages'
[5.332s] Level 1:colcon.colcon_core.environment:checking '/home/saviveros/RoboticaGrupo11/install/servicios/bin'
[5.336s] INFO:colcon.colcon_core.shell:Creating package script '/home/saviveros/RoboticaGrupo11/install/servicios/share/servicios/package.ps1'
[5.339s] INFO:colcon.colcon_core.shell:Creating package descriptor '/home/saviveros/RoboticaGrupo11/install/servicios/share/servicios/package.dsv'
[5.342s] INFO:colcon.colcon_core.shell:Creating package script '/home/saviveros/RoboticaGrupo11/install/servicios/share/servicios/package.sh'
[5.348s] INFO:colcon.colcon_core.shell:Creating package script '/home/saviveros/RoboticaGrupo11/install/servicios/share/servicios/package.bash'
[5.349s] INFO:colcon.colcon_core.shell:Creating package script '/home/saviveros/RoboticaGrupo11/install/servicios/share/servicios/package.zsh'
[5.351s] Level 1:colcon.colcon_core.environment:create_file_with_runtime_dependencies(/home/saviveros/RoboticaGrupo11/install/servicios/share/colcon-core/packages/servicios)
[5.835s] DEBUG:colcon.colcon_core.event_handler.log_command:Invoking command in '/home/saviveros/RoboticaGrupo11/src/turtle_bot_nodos': PYTHONPATH=/home/saviveros/RoboticaGrupo11/build/turtle_bot_nodos/prefix_override:/home/saviveros/RoboticaGrupo11/install/turtle_bot_nodos/lib/python3.10/site-packages:${PYTHONPATH} /usr/bin/python3 setup.py egg_info --egg-base ../../build/turtle_bot_nodos build --build-base /home/saviveros/RoboticaGrupo11/build/turtle_bot_nodos/build install --record /home/saviveros/RoboticaGrupo11/build/turtle_bot_nodos/install.log --single-version-externally-managed
[7.193s] Level 1:colcon.colcon_core.environment:checking '/home/saviveros/RoboticaGrupo11/install/turtle_bot_nodos' for CMake module files
[7.194s] DEBUG:colcon.colcon_core.event_handler.log_command:Invoked command in '/home/saviveros/RoboticaGrupo11/src/turtle_bot_nodos' returned '0': PYTHONPATH=/home/saviveros/RoboticaGrupo11/build/turtle_bot_nodos/prefix_override:/home/saviveros/RoboticaGrupo11/install/turtle_bot_nodos/lib/python3.10/site-packages:${PYTHONPATH} /usr/bin/python3 setup.py egg_info --egg-base ../../build/turtle_bot_nodos build --build-base /home/saviveros/RoboticaGrupo11/build/turtle_bot_nodos/build install --record /home/saviveros/RoboticaGrupo11/build/turtle_bot_nodos/install.log --single-version-externally-managed
[7.197s] Level 1:colcon.colcon_core.environment:checking '/home/saviveros/RoboticaGrupo11/install/turtle_bot_nodos' for CMake config files
[7.201s] Level 1:colcon.colcon_core.environment:checking '/home/saviveros/RoboticaGrupo11/install/turtle_bot_nodos/lib'
[7.201s] Level 1:colcon.colcon_core.environment:checking '/home/saviveros/RoboticaGrupo11/install/turtle_bot_nodos/bin'
[7.202s] Level 1:colcon.colcon_core.environment:checking '/home/saviveros/RoboticaGrupo11/install/turtle_bot_nodos/lib/pkgconfig/turtle_bot_nodos.pc'
[7.202s] Level 1:colcon.colcon_core.environment:checking '/home/saviveros/RoboticaGrupo11/install/turtle_bot_nodos/lib/python3.10/site-packages'
[7.202s] Level 1:colcon.colcon_core.shell:create_environment_hook('turtle_bot_nodos', 'pythonpath')
[7.209s] INFO:colcon.colcon_core.shell:Creating environment hook '/home/saviveros/RoboticaGrupo11/install/turtle_bot_nodos/share/turtle_bot_nodos/hook/pythonpath.ps1'
[7.212s] INFO:colcon.colcon_core.shell:Creating environment descriptor '/home/saviveros/RoboticaGrupo11/install/turtle_bot_nodos/share/turtle_bot_nodos/hook/pythonpath.dsv'
[7.213s] INFO:colcon.colcon_core.shell:Creating environment hook '/home/saviveros/RoboticaGrupo11/install/turtle_bot_nodos/share/turtle_bot_nodos/hook/pythonpath.sh'
[7.215s] Level 1:colcon.colcon_core.environment:checking '/home/saviveros/RoboticaGrupo11/install/turtle_bot_nodos/bin'
[7.215s] Level 1:colcon.colcon_core.environment:create_environment_scripts_only(turtle_bot_nodos)
[7.221s] INFO:colcon.colcon_core.shell:Creating package script '/home/saviveros/RoboticaGrupo11/install/turtle_bot_nodos/share/turtle_bot_nodos/package.ps1'
[7.223s] INFO:colcon.colcon_core.shell:Creating package descriptor '/home/saviveros/RoboticaGrupo11/install/turtle_bot_nodos/share/turtle_bot_nodos/package.dsv'
[7.228s] INFO:colcon.colcon_core.shell:Creating package script '/home/saviveros/RoboticaGrupo11/install/turtle_bot_nodos/share/turtle_bot_nodos/package.sh'
[7.230s] INFO:colcon.colcon_core.shell:Creating package script '/home/saviveros/RoboticaGrupo11/install/turtle_bot_nodos/share/turtle_bot_nodos/package.bash'
[7.230s] INFO:colcon.colcon_core.shell:Creating package script '/home/saviveros/RoboticaGrupo11/install/turtle_bot_nodos/share/turtle_bot_nodos/package.zsh'
[7.231s] Level 1:colcon.colcon_core.environment:create_file_with_runtime_dependencies(/home/saviveros/RoboticaGrupo11/install/turtle_bot_nodos/share/colcon-core/packages/turtle_bot_nodos)
[7.233s] DEBUG:colcon.colcon_parallel_executor.executor.parallel:closing loop
[7.234s] DEBUG:colcon.colcon_parallel_executor.executor.parallel:loop closed
[7.235s] DEBUG:colcon.colcon_parallel_executor.executor.parallel:run_until_complete finished with '0'
[7.235s] DEBUG:colcon.colcon_core.event_reactor:joining thread
[7.471s] INFO:colcon.colcon_core.plugin_system:Skipping extension 'colcon_notification.desktop_notification.notify_send': Could not find 'notify-send'
[7.472s] INFO:colcon.colcon_core.plugin_system:Skipping extension 'colcon_notification.desktop_notification.terminal_notifier': Not used on non-Darwin systems
[7.472s] INFO:colcon.colcon_core.plugin_system:Skipping extension 'colcon_notification.desktop_notification.win32': Not used on non-Windows systems
[7.473s] INFO:colcon.colcon_notification.desktop_notification:Sending desktop notification using 'notify2'
[7.498s] DEBUG:colcon.colcon_notification.desktop_notification.notify2:Failed to initialize notify2: org.freedesktop.DBus.Error.ServiceUnknown: The name org.freedesktop.Notifications was not provided by any .service files
[7.499s] DEBUG:colcon.colcon_core.event_reactor:joined thread
[7.505s] INFO:colcon.colcon_core.shell:Creating prefix script '/home/saviveros/RoboticaGrupo11/install/local_setup.ps1'
[7.511s] INFO:colcon.colcon_core.shell:Creating prefix util module '/home/saviveros/RoboticaGrupo11/install/_local_setup_util_ps1.py'
[7.515s] INFO:colcon.colcon_core.shell:Creating prefix chain script '/home/saviveros/RoboticaGrupo11/install/setup.ps1'
[7.525s] INFO:colcon.colcon_core.shell:Creating prefix script '/home/saviveros/RoboticaGrupo11/install/local_setup.sh'
[7.528s] INFO:colcon.colcon_core.shell:Creating prefix util module '/home/saviveros/RoboticaGrupo11/install/_local_setup_util_sh.py'
[7.529s] INFO:colcon.colcon_core.shell:Creating prefix chain script '/home/saviveros/RoboticaGrupo11/install/setup.sh'
[7.533s] INFO:colcon.colcon_core.shell:Creating prefix script '/home/saviveros/RoboticaGrupo11/install/local_setup.bash'
[7.534s] INFO:colcon.colcon_core.shell:Creating prefix chain script '/home/saviveros/RoboticaGrupo11/install/setup.bash'
[7.544s] INFO:colcon.colcon_core.shell:Creating prefix script '/home/saviveros/RoboticaGrupo11/install/local_setup.zsh'
[7.549s] INFO:colcon.colcon_core.shell:Creating prefix chain script '/home/saviveros/RoboticaGrupo11/install/setup.zsh'
