[2.302s] Invoking command in '/home/saviveros/RoboticaGrupo11/src/turtle_bot_nodos': PYTHONPATH=/home/saviveros/RoboticaGrupo11/build/turtle_bot_nodos/prefix_override:/home/saviveros/RoboticaGrupo11/install/turtle_bot_nodos/lib/python3.10/site-packages:${PYTHONPATH} /usr/bin/python3 setup.py egg_info --egg-base ../../build/turtle_bot_nodos build --build-base /home/saviveros/RoboticaGrupo11/build/turtle_bot_nodos/build install --record /home/saviveros/RoboticaGrupo11/build/turtle_bot_nodos/install.log --single-version-externally-managed
[2.790s] running egg_info
[2.792s] writing ../../build/turtle_bot_nodos/turtle_bot_nodos.egg-info/PKG-INFO
[2.793s] writing dependency_links to ../../build/turtle_bot_nodos/turtle_bot_nodos.egg-info/dependency_links.txt
[2.793s] writing entry points to ../../build/turtle_bot_nodos/turtle_bot_nodos.egg-info/entry_points.txt
[2.793s] writing requirements to ../../build/turtle_bot_nodos/turtle_bot_nodos.egg-info/requires.txt
[2.794s] writing top-level names to ../../build/turtle_bot_nodos/turtle_bot_nodos.egg-info/top_level.txt
[2.796s] reading manifest file '../../build/turtle_bot_nodos/turtle_bot_nodos.egg-info/SOURCES.txt'
[2.798s] writing manifest file '../../build/turtle_bot_nodos/turtle_bot_nodos.egg-info/SOURCES.txt'
[2.798s] running build
[2.799s] running build_py
[2.799s] copying turtle_bot_nodos/turtle_bot_teleop.py -> /home/saviveros/RoboticaGrupo11/build/turtle_bot_nodos/build/lib/turtle_bot_nodos
[2.800s] running install
[2.800s] /usr/lib/python3/dist-packages/setuptools/command/install.py:34: SetuptoolsDeprecationWarning: setup.py install is deprecated. Use build and pip and other standards-based tools.
[2.800s]   warnings.warn(
[2.801s] running install_lib
[2.802s] copying /home/saviveros/RoboticaGrupo11/build/turtle_bot_nodos/build/lib/turtle_bot_nodos/turtle_bot_teleop.py -> /home/saviveros/RoboticaGrupo11/install/turtle_bot_nodos/lib/python3.10/site-packages/turtle_bot_nodos
[2.803s] byte-compiling /home/saviveros/RoboticaGrupo11/install/turtle_bot_nodos/lib/python3.10/site-packages/turtle_bot_nodos/turtle_bot_teleop.py to turtle_bot_teleop.cpython-310.pyc
[2.805s] running install_data
[2.806s] running install_egg_info
[2.808s] removing '/home/saviveros/RoboticaGrupo11/install/turtle_bot_nodos/lib/python3.10/site-packages/turtle_bot_nodos-0.0.0-py3.10.egg-info' (and everything under it)
[2.809s] Copying ../../build/turtle_bot_nodos/turtle_bot_nodos.egg-info to /home/saviveros/RoboticaGrupo11/install/turtle_bot_nodos/lib/python3.10/site-packages/turtle_bot_nodos-0.0.0-py3.10.egg-info
[2.810s] running install_scripts
[2.882s] Installing turtle_bot_interface script to /home/saviveros/RoboticaGrupo11/install/turtle_bot_nodos/lib/turtle_bot_nodos
[2.883s] Installing turtle_bot_player script to /home/saviveros/RoboticaGrupo11/install/turtle_bot_nodos/lib/turtle_bot_nodos
[2.883s] Installing turtle_bot_save_route script to /home/saviveros/RoboticaGrupo11/install/turtle_bot_nodos/lib/turtle_bot_nodos
[2.883s] Installing turtle_bot_teleop_ script to /home/saviveros/RoboticaGrupo11/install/turtle_bot_nodos/lib/turtle_bot_nodos
[2.884s] writing list of installed files to '/home/saviveros/RoboticaGrupo11/build/turtle_bot_nodos/install.log'
[2.953s] Invoked command in '/home/saviveros/RoboticaGrupo11/src/turtle_bot_nodos' returned '0': PYTHONPATH=/home/saviveros/RoboticaGrupo11/build/turtle_bot_nodos/prefix_override:/home/saviveros/RoboticaGrupo11/install/turtle_bot_nodos/lib/python3.10/site-packages:${PYTHONPATH} /usr/bin/python3 setup.py egg_info --egg-base ../../build/turtle_bot_nodos build --build-base /home/saviveros/RoboticaGrupo11/build/turtle_bot_nodos/build install --record /home/saviveros/RoboticaGrupo11/build/turtle_bot_nodos/install.log --single-version-externally-managed
