[0.740s] DEBUG:colcon:Command line arguments: ['/usr/bin/colcon', 'build']
[0.740s] DEBUG:colcon:Parsed command line arguments: Namespace(log_base=None, log_level=None, verb_name='build', build_base='build', install_base='install', merge_install=False, symlink_install=False, test_result_base=None, continue_on_error=False, executor='parallel', parallel_workers=8, event_handlers=None, ignore_user_meta=False, metas=['./colcon.meta'], base_paths=['.'], packages_ignore=None, packages_ignore_regex=None, paths=None, packages_up_to=None, packages_up_to_regex=None, packages_above=None, packages_above_and_dependencies=None, packages_above_depth=None, packages_select_by_dep=None, packages_skip_by_dep=None, packages_skip_up_to=None, packages_select_build_failed=False, packages_skip_build_finished=False, packages_select_test_failures=False, packages_skip_test_passed=False, packages_select=None, packages_skip=None, packages_select_regex=None, packages_skip_regex=None, packages_start=None, packages_end=None, allow_overriding=[], cmake_args=None, cmake_target=None, cmake_target_skip_unavailable=False, cmake_clean_cache=False, cmake_clean_first=False, cmake_force_configure=False, ament_cmake_args=None, catkin_cmake_args=None, catkin_skip_building_tests=False, verb_parser=<colcon_defaults.argument_parser.defaults.DefaultArgumentsDecorator object at 0x7fada7fcbb80>, verb_extension=<colcon_core.verb.build.BuildVerb object at 0x7fada87ee2f0>, main=<bound method BuildVerb.main of <colcon_core.verb.build.BuildVerb object at 0x7fada87ee2f0>>)
[0.805s] Level 1:colcon.colcon_core.package_discovery:discover_packages(colcon_meta) check parameters
[0.806s] Level 1:colcon.colcon_core.package_discovery:discover_packages(recursive) check parameters
[0.806s] Level 1:colcon.colcon_core.package_discovery:discover_packages(ignore) check parameters
[0.806s] Level 1:colcon.colcon_core.package_discovery:discover_packages(path) check parameters
[0.806s] Level 1:colcon.colcon_core.package_discovery:discover_packages(colcon_meta) discover
[0.806s] Level 1:colcon.colcon_core.package_discovery:discover_packages(recursive) discover
[0.806s] INFO:colcon.colcon_core.package_discovery:Crawling recursively for packages in '/home/saviveros/RoboticaGrupo11'
[0.806s] Level 1:colcon.colcon_core.package_identification:_identify(.) by extensions ['ignore', 'ignore_ament_install']
[0.806s] Level 1:colcon.colcon_core.package_identification:_identify(.) by extension 'ignore'
[0.807s] Level 1:colcon.colcon_core.package_identification:_identify(.) by extension 'ignore_ament_install'
[0.807s] Level 1:colcon.colcon_core.package_identification:_identify(.) by extensions ['colcon_pkg']
[0.807s] Level 1:colcon.colcon_core.package_identification:_identify(.) by extension 'colcon_pkg'
[0.807s] Level 1:colcon.colcon_core.package_identification:_identify(.) by extensions ['colcon_meta']
[0.807s] Level 1:colcon.colcon_core.package_identification:_identify(.) by extension 'colcon_meta'
[0.807s] Level 1:colcon.colcon_core.package_identification:_identify(.) by extensions ['ros']
[0.808s] Level 1:colcon.colcon_core.package_identification:_identify(.) by extension 'ros'
[0.845s] Level 1:colcon.colcon_core.package_identification:_identify(.) by extensions ['cmake', 'python']
[0.846s] Level 1:colcon.colcon_core.package_identification:_identify(.) by extension 'cmake'
[0.846s] Level 1:colcon.colcon_core.package_identification:_identify(.) by extension 'python'
[0.846s] Level 1:colcon.colcon_core.package_identification:_identify(.) by extensions ['python_setup_py']
[0.846s] Level 1:colcon.colcon_core.package_identification:_identify(.) by extension 'python_setup_py'
[0.846s] Level 1:colcon.colcon_core.package_identification:_identify(build) by extensions ['ignore', 'ignore_ament_install']
[0.846s] Level 1:colcon.colcon_core.package_identification:_identify(build) by extension 'ignore'
[0.846s] Level 1:colcon.colcon_core.package_identification:_identify(build) ignored
[0.846s] Level 1:colcon.colcon_core.package_identification:_identify(install) by extensions ['ignore', 'ignore_ament_install']
[0.846s] Level 1:colcon.colcon_core.package_identification:_identify(install) by extension 'ignore'
[0.847s] Level 1:colcon.colcon_core.package_identification:_identify(install) ignored
[0.847s] Level 1:colcon.colcon_core.package_identification:_identify(log) by extensions ['ignore', 'ignore_ament_install']
[0.847s] Level 1:colcon.colcon_core.package_identification:_identify(log) by extension 'ignore'
[0.847s] Level 1:colcon.colcon_core.package_identification:_identify(log) ignored
[0.847s] Level 1:colcon.colcon_core.package_identification:_identify(src) by extensions ['ignore', 'ignore_ament_install']
[0.847s] Level 1:colcon.colcon_core.package_identification:_identify(src) by extension 'ignore'
[0.847s] Level 1:colcon.colcon_core.package_identification:_identify(src) by extension 'ignore_ament_install'
[0.847s] Level 1:colcon.colcon_core.package_identification:_identify(src) by extensions ['colcon_pkg']
[0.847s] Level 1:colcon.colcon_core.package_identification:_identify(src) by extension 'colcon_pkg'
[0.848s] Level 1:colcon.colcon_core.package_identification:_identify(src) by extensions ['colcon_meta']
[0.848s] Level 1:colcon.colcon_core.package_identification:_identify(src) by extension 'colcon_meta'
[0.848s] Level 1:colcon.colcon_core.package_identification:_identify(src) by extensions ['ros']
[0.848s] Level 1:colcon.colcon_core.package_identification:_identify(src) by extension 'ros'
[0.848s] Level 1:colcon.colcon_core.package_identification:_identify(src) by extensions ['cmake', 'python']
[0.848s] Level 1:colcon.colcon_core.package_identification:_identify(src) by extension 'cmake'
[0.848s] Level 1:colcon.colcon_core.package_identification:_identify(src) by extension 'python'
[0.848s] Level 1:colcon.colcon_core.package_identification:_identify(src) by extensions ['python_setup_py']
[0.848s] Level 1:colcon.colcon_core.package_identification:_identify(src) by extension 'python_setup_py'
[0.848s] Level 1:colcon.colcon_core.package_identification:_identify(src/servicios) by extensions ['ignore', 'ignore_ament_install']
[0.848s] Level 1:colcon.colcon_core.package_identification:_identify(src/servicios) by extension 'ignore'
[0.848s] Level 1:colcon.colcon_core.package_identification:_identify(src/servicios) by extension 'ignore_ament_install'
[0.848s] Level 1:colcon.colcon_core.package_identification:_identify(src/servicios) by extensions ['colcon_pkg']
[0.849s] Level 1:colcon.colcon_core.package_identification:_identify(src/servicios) by extension 'colcon_pkg'
[0.849s] Level 1:colcon.colcon_core.package_identification:_identify(src/servicios) by extensions ['colcon_meta']
[0.849s] Level 1:colcon.colcon_core.package_identification:_identify(src/servicios) by extension 'colcon_meta'
[0.849s] Level 1:colcon.colcon_core.package_identification:_identify(src/servicios) by extensions ['ros']
[0.849s] Level 1:colcon.colcon_core.package_identification:_identify(src/servicios) by extension 'ros'
[0.852s] DEBUG:colcon.colcon_core.package_identification:Package 'src/servicios' with type 'ros.ament_cmake' and name 'servicios'
[0.853s] Level 1:colcon.colcon_core.package_identification:_identify(src/turtle_bot_nodos) by extensions ['ignore', 'ignore_ament_install']
[0.853s] Level 1:colcon.colcon_core.package_identification:_identify(src/turtle_bot_nodos) by extension 'ignore'
[0.853s] Level 1:colcon.colcon_core.package_identification:_identify(src/turtle_bot_nodos) by extension 'ignore_ament_install'
[0.853s] Level 1:colcon.colcon_core.package_identification:_identify(src/turtle_bot_nodos) by extensions ['colcon_pkg']
[0.853s] Level 1:colcon.colcon_core.package_identification:_identify(src/turtle_bot_nodos) by extension 'colcon_pkg'
[0.853s] Level 1:colcon.colcon_core.package_identification:_identify(src/turtle_bot_nodos) by extensions ['colcon_meta']
[0.853s] Level 1:colcon.colcon_core.package_identification:_identify(src/turtle_bot_nodos) by extension 'colcon_meta'
[0.854s] Level 1:colcon.colcon_core.package_identification:_identify(src/turtle_bot_nodos) by extensions ['ros']
[0.854s] Level 1:colcon.colcon_core.package_identification:_identify(src/turtle_bot_nodos) by extension 'ros'
[0.855s] DEBUG:colcon.colcon_core.package_identification:Package 'src/turtle_bot_nodos' with type 'ros.ament_python' and name 'turtle_bot_nodos'
[0.855s] Level 1:colcon.colcon_core.package_discovery:discover_packages(recursive) using defaults
[0.856s] Level 1:colcon.colcon_core.package_discovery:discover_packages(ignore) discover
[0.856s] Level 1:colcon.colcon_core.package_discovery:discover_packages(ignore) using defaults
[0.856s] Level 1:colcon.colcon_core.package_discovery:discover_packages(path) discover
[0.856s] Level 1:colcon.colcon_core.package_discovery:discover_packages(path) using defaults
[0.911s] Level 1:colcon.colcon_core.package_discovery:discover_packages(prefix_path) check parameters
[0.911s] Level 1:colcon.colcon_core.package_discovery:discover_packages(prefix_path) discover
[0.919s] DEBUG:colcon.colcon_installed_package_information.package_discovery:Found 2 installed packages in /home/saviveros/RoboticaGrupo11/install
[0.923s] DEBUG:colcon.colcon_installed_package_information.package_discovery:Found 284 installed packages in /opt/ros/humble
[0.927s] Level 1:colcon.colcon_core.package_discovery:discover_packages(prefix_path) using defaults
[1.086s] Level 5:colcon.colcon_core.verb:set package 'servicios' build argument 'cmake_args' from command line to 'None'
[1.086s] Level 5:colcon.colcon_core.verb:set package 'servicios' build argument 'cmake_target' from command line to 'None'
[1.087s] Level 5:colcon.colcon_core.verb:set package 'servicios' build argument 'cmake_target_skip_unavailable' from command line to 'False'
[1.087s] Level 5:colcon.colcon_core.verb:set package 'servicios' build argument 'cmake_clean_cache' from command line to 'False'
[1.087s] Level 5:colcon.colcon_core.verb:set package 'servicios' build argument 'cmake_clean_first' from command line to 'False'
[1.087s] Level 5:colcon.colcon_core.verb:set package 'servicios' build argument 'cmake_force_configure' from command line to 'False'
[1.087s] Level 5:colcon.colcon_core.verb:set package 'servicios' build argument 'ament_cmake_args' from command line to 'None'
[1.087s] Level 5:colcon.colcon_core.verb:set package 'servicios' build argument 'catkin_cmake_args' from command line to 'None'
[1.087s] Level 5:colcon.colcon_core.verb:set package 'servicios' build argument 'catkin_skip_building_tests' from command line to 'False'
[1.087s] DEBUG:colcon.colcon_core.verb:Building package 'servicios' with the following arguments: {'ament_cmake_args': None, 'build_base': '/home/saviveros/RoboticaGrupo11/build/servicios', 'catkin_cmake_args': None, 'catkin_skip_building_tests': False, 'cmake_args': None, 'cmake_clean_cache': False, 'cmake_clean_first': False, 'cmake_force_configure': False, 'cmake_target': None, 'cmake_target_skip_unavailable': False, 'install_base': '/home/saviveros/RoboticaGrupo11/install/servicios', 'merge_install': False, 'path': '/home/saviveros/RoboticaGrupo11/src/servicios', 'symlink_install': False, 'test_result_base': None}
[1.091s] Level 5:colcon.colcon_core.verb:set package 'turtle_bot_nodos' build argument 'cmake_args' from command line to 'None'
[1.092s] Level 5:colcon.colcon_core.verb:set package 'turtle_bot_nodos' build argument 'cmake_target' from command line to 'None'
[1.094s] Level 5:colcon.colcon_core.verb:set package 'turtle_bot_nodos' build argument 'cmake_target_skip_unavailable' from command line to 'False'
[1.096s] Level 5:colcon.colcon_core.verb:set package 'turtle_bot_nodos' build argument 'cmake_clean_cache' from command line to 'False'
[1.098s] Level 5:colcon.colcon_core.verb:set package 'turtle_bot_nodos' build argument 'cmake_clean_first' from command line to 'False'
[1.099s] Level 5:colcon.colcon_core.verb:set package 'turtle_bot_nodos' build argument 'cmake_force_configure' from command line to 'False'
[1.099s] Level 5:colcon.colcon_core.verb:set package 'turtle_bot_nodos' build argument 'ament_cmake_args' from command line to 'None'
[1.100s] Level 5:colcon.colcon_core.verb:set package 'turtle_bot_nodos' build argument 'catkin_cmake_args' from command line to 'None'
[1.100s] Level 5:colcon.colcon_core.verb:set package 'turtle_bot_nodos' build argument 'catkin_skip_building_tests' from command line to 'False'
[1.100s] DEBUG:colcon.colcon_core.verb:Building package 'turtle_bot_nodos' with the following arguments: {'ament_cmake_args': None, 'build_base': '/home/saviveros/RoboticaGrupo11/build/turtle_bot_nodos', 'catkin_cmake_args': None, 'catkin_skip_building_tests': False, 'cmake_args': None, 'cmake_clean_cache': False, 'cmake_clean_first': False, 'cmake_force_configure': False, 'cmake_target': None, 'cmake_target_skip_unavailable': False, 'install_base': '/home/saviveros/RoboticaGrupo11/install/turtle_bot_nodos', 'merge_install': False, 'path': '/home/saviveros/RoboticaGrupo11/src/turtle_bot_nodos', 'symlink_install': False, 'test_result_base': None}
[1.102s] INFO:colcon.colcon_core.executor:Executing jobs using 'parallel' executor
[1.111s] DEBUG:colcon.colcon_parallel_executor.executor.parallel:run_until_complete
[1.112s] INFO:colcon.colcon_ros.task.ament_cmake.build:Building ROS package in '/home/saviveros/RoboticaGrupo11/src/servicios' with build type 'ament_cmake'
[1.112s] INFO:colcon.colcon_cmake.task.cmake.build:Building CMake package in '/home/saviveros/RoboticaGrupo11/src/servicios'
[1.125s] INFO:colcon.colcon_core.plugin_system:Skipping extension 'colcon_core.shell.bat': Not used on non-Windows systems
[1.126s] INFO:colcon.colcon_core.shell:Skip shell extension 'powershell' for command environment: Not usable outside of PowerShell
[1.126s] DEBUG:colcon.colcon_core.shell:Skip shell extension 'dsv' for command environment
[1.147s] INFO:colcon.colcon_ros.task.ament_python.build:Building ROS package in '/home/saviveros/RoboticaGrupo11/src/turtle_bot_nodos' with build type 'ament_python'
[1.148s] Level 1:colcon.colcon_core.shell:create_environment_hook('turtle_bot_nodos', 'ament_prefix_path')
[1.151s] INFO:colcon.colcon_core.shell:Creating environment hook '/home/saviveros/RoboticaGrupo11/install/turtle_bot_nodos/share/turtle_bot_nodos/hook/ament_prefix_path.ps1'
[1.154s] INFO:colcon.colcon_core.shell:Creating environment descriptor '/home/saviveros/RoboticaGrupo11/install/turtle_bot_nodos/share/turtle_bot_nodos/hook/ament_prefix_path.dsv'
[1.157s] INFO:colcon.colcon_core.shell:Creating environment hook '/home/saviveros/RoboticaGrupo11/install/turtle_bot_nodos/share/turtle_bot_nodos/hook/ament_prefix_path.sh'
[1.165s] INFO:colcon.colcon_core.shell:Skip shell extension 'powershell' for command environment: Not usable outside of PowerShell
[1.166s] DEBUG:colcon.colcon_core.shell:Skip shell extension 'dsv' for command environment
[1.215s] DEBUG:colcon.colcon_core.event_handler.log_command:Invoking command in '/home/saviveros/RoboticaGrupo11/build/servicios': CMAKE_PREFIX_PATH=${CMAKE_PREFIX_PATH}:/home/saviveros/RoboticaGrupo11/install/turtle_bot_nodos:/opt/ros/humble /usr/bin/cmake --build /home/saviveros/RoboticaGrupo11/build/servicios -- -j8 -l8
[2.152s] INFO:colcon.colcon_core.task.python.build:Building Python package in '/home/saviveros/RoboticaGrupo11/src/turtle_bot_nodos'
[2.155s] INFO:colcon.colcon_core.shell:Skip shell extension 'powershell' for command environment: Not usable outside of PowerShell
[2.156s] DEBUG:colcon.colcon_core.shell:Skip shell extension 'dsv' for command environment
[2.446s] DEBUG:colcon.colcon_core.event_handler.log_command:Invoked command in '/home/saviveros/RoboticaGrupo11/build/servicios' returned '0': CMAKE_PREFIX_PATH=${CMAKE_PREFIX_PATH}:/home/saviveros/RoboticaGrupo11/install/turtle_bot_nodos:/opt/ros/humble /usr/bin/cmake --build /home/saviveros/RoboticaGrupo11/build/servicios -- -j8 -l8
[2.665s] DEBUG:colcon.colcon_core.event_handler.log_command:Invoking command in '/home/saviveros/RoboticaGrupo11/build/servicios': CMAKE_PREFIX_PATH=${CMAKE_PREFIX_PATH}:/home/saviveros/RoboticaGrupo11/install/turtle_bot_nodos:/opt/ros/humble /usr/bin/cmake --install /home/saviveros/RoboticaGrupo11/build/servicios
[2.818s] Level 1:colcon.colcon_core.environment:create_environment_scripts_only(servicios)
[2.828s] DEBUG:colcon.colcon_core.event_handler.log_command:Invoked command in '/home/saviveros/RoboticaGrupo11/build/servicios' returned '0': CMAKE_PREFIX_PATH=${CMAKE_PREFIX_PATH}:/home/saviveros/RoboticaGrupo11/install/turtle_bot_nodos:/opt/ros/humble /usr/bin/cmake --install /home/saviveros/RoboticaGrupo11/build/servicios
[2.840s] Level 1:colcon.colcon_core.environment:checking '/home/saviveros/RoboticaGrupo11/install/servicios' for CMake module files
[2.842s] Level 1:colcon.colcon_core.environment:checking '/home/saviveros/RoboticaGrupo11/install/servicios' for CMake config files
[2.845s] Level 1:colcon.colcon_core.shell:create_environment_hook('servicios', 'cmake_prefix_path')
[2.849s] INFO:colcon.colcon_core.shell:Creating environment hook '/home/saviveros/RoboticaGrupo11/install/servicios/share/servicios/hook/cmake_prefix_path.ps1'
[2.849s] INFO:colcon.colcon_core.shell:Creating environment descriptor '/home/saviveros/RoboticaGrupo11/install/servicios/share/servicios/hook/cmake_prefix_path.dsv'
[2.850s] INFO:colcon.colcon_core.shell:Creating environment hook '/home/saviveros/RoboticaGrupo11/install/servicios/share/servicios/hook/cmake_prefix_path.sh'
[2.852s] Level 1:colcon.colcon_core.environment:checking '/home/saviveros/RoboticaGrupo11/install/servicios/lib'
[2.852s] Level 1:colcon.colcon_core.shell:create_environment_hook('servicios', 'ld_library_path_lib')
[2.856s] INFO:colcon.colcon_core.shell:Creating environment hook '/home/saviveros/RoboticaGrupo11/install/servicios/share/servicios/hook/ld_library_path_lib.ps1'
[2.858s] INFO:colcon.colcon_core.shell:Creating environment descriptor '/home/saviveros/RoboticaGrupo11/install/servicios/share/servicios/hook/ld_library_path_lib.dsv'
[2.859s] INFO:colcon.colcon_core.shell:Creating environment hook '/home/saviveros/RoboticaGrupo11/install/servicios/share/servicios/hook/ld_library_path_lib.sh'
[2.859s] Level 1:colcon.colcon_core.environment:checking '/home/saviveros/RoboticaGrupo11/install/servicios/bin'
[2.860s] Level 1:colcon.colcon_core.environment:checking '/home/saviveros/RoboticaGrupo11/install/servicios/lib/pkgconfig/servicios.pc'
[2.860s] Level 1:colcon.colcon_core.environment:checking '/home/saviveros/RoboticaGrupo11/install/servicios/lib/python3.10/site-packages'
[2.860s] Level 1:colcon.colcon_core.environment:checking '/home/saviveros/RoboticaGrupo11/install/servicios/bin'
[2.862s] INFO:colcon.colcon_core.shell:Creating package script '/home/saviveros/RoboticaGrupo11/install/servicios/share/servicios/package.ps1'
[2.864s] INFO:colcon.colcon_core.shell:Creating package descriptor '/home/saviveros/RoboticaGrupo11/install/servicios/share/servicios/package.dsv'
[2.865s] INFO:colcon.colcon_core.shell:Creating package script '/home/saviveros/RoboticaGrupo11/install/servicios/share/servicios/package.sh'
[2.866s] INFO:colcon.colcon_core.shell:Creating package script '/home/saviveros/RoboticaGrupo11/install/servicios/share/servicios/package.bash'
[2.869s] INFO:colcon.colcon_core.shell:Creating package script '/home/saviveros/RoboticaGrupo11/install/servicios/share/servicios/package.zsh'
[2.872s] Level 1:colcon.colcon_core.environment:create_file_with_runtime_dependencies(/home/saviveros/RoboticaGrupo11/install/servicios/share/colcon-core/packages/servicios)
[3.113s] Level 1:colcon.colcon_core.environment:create_environment_scripts_only(servicios)
[3.119s] Level 1:colcon.colcon_core.environment:checking '/home/saviveros/RoboticaGrupo11/install/servicios' for CMake module files
[3.122s] Level 1:colcon.colcon_core.environment:checking '/home/saviveros/RoboticaGrupo11/install/servicios' for CMake config files
[3.123s] Level 1:colcon.colcon_core.shell:create_environment_hook('servicios', 'cmake_prefix_path')
[3.128s] INFO:colcon.colcon_core.shell:Creating environment hook '/home/saviveros/RoboticaGrupo11/install/servicios/share/servicios/hook/cmake_prefix_path.ps1'
[3.128s] INFO:colcon.colcon_core.shell:Creating environment descriptor '/home/saviveros/RoboticaGrupo11/install/servicios/share/servicios/hook/cmake_prefix_path.dsv'
[3.129s] INFO:colcon.colcon_core.shell:Creating environment hook '/home/saviveros/RoboticaGrupo11/install/servicios/share/servicios/hook/cmake_prefix_path.sh'
[3.130s] Level 1:colcon.colcon_core.environment:checking '/home/saviveros/RoboticaGrupo11/install/servicios/lib'
[3.130s] Level 1:colcon.colcon_core.shell:create_environment_hook('servicios', 'ld_library_path_lib')
[3.131s] INFO:colcon.colcon_core.shell:Creating environment hook '/home/saviveros/RoboticaGrupo11/install/servicios/share/servicios/hook/ld_library_path_lib.ps1'
[3.132s] INFO:colcon.colcon_core.shell:Creating environment descriptor '/home/saviveros/RoboticaGrupo11/install/servicios/share/servicios/hook/ld_library_path_lib.dsv'
[3.133s] INFO:colcon.colcon_core.shell:Creating environment hook '/home/saviveros/RoboticaGrupo11/install/servicios/share/servicios/hook/ld_library_path_lib.sh'
[3.134s] Level 1:colcon.colcon_core.environment:checking '/home/saviveros/RoboticaGrupo11/install/servicios/bin'
[3.135s] Level 1:colcon.colcon_core.environment:checking '/home/saviveros/RoboticaGrupo11/install/servicios/lib/pkgconfig/servicios.pc'
[3.135s] Level 1:colcon.colcon_core.environment:checking '/home/saviveros/RoboticaGrupo11/install/servicios/lib/python3.10/site-packages'
[3.136s] Level 1:colcon.colcon_core.environment:checking '/home/saviveros/RoboticaGrupo11/install/servicios/bin'
[3.140s] INFO:colcon.colcon_core.shell:Creating package script '/home/saviveros/RoboticaGrupo11/install/servicios/share/servicios/package.ps1'
[3.144s] INFO:colcon.colcon_core.shell:Creating package descriptor '/home/saviveros/RoboticaGrupo11/install/servicios/share/servicios/package.dsv'
[3.147s] INFO:colcon.colcon_core.shell:Creating package script '/home/saviveros/RoboticaGrupo11/install/servicios/share/servicios/package.sh'
[3.148s] INFO:colcon.colcon_core.shell:Creating package script '/home/saviveros/RoboticaGrupo11/install/servicios/share/servicios/package.bash'
[3.149s] INFO:colcon.colcon_core.shell:Creating package script '/home/saviveros/RoboticaGrupo11/install/servicios/share/servicios/package.zsh'
[3.149s] Level 1:colcon.colcon_core.environment:create_file_with_runtime_dependencies(/home/saviveros/RoboticaGrupo11/install/servicios/share/colcon-core/packages/servicios)
[3.449s] DEBUG:colcon.colcon_core.event_handler.log_command:Invoking command in '/home/saviveros/RoboticaGrupo11/src/turtle_bot_nodos': PYTHONPATH=/home/saviveros/RoboticaGrupo11/build/turtle_bot_nodos/prefix_override:/home/saviveros/RoboticaGrupo11/install/turtle_bot_nodos/lib/python3.10/site-packages:${PYTHONPATH} /usr/bin/python3 setup.py egg_info --egg-base ../../build/turtle_bot_nodos build --build-base /home/saviveros/RoboticaGrupo11/build/turtle_bot_nodos/build install --record /home/saviveros/RoboticaGrupo11/build/turtle_bot_nodos/install.log --single-version-externally-managed
[4.099s] Level 1:colcon.colcon_core.environment:checking '/home/saviveros/RoboticaGrupo11/install/turtle_bot_nodos' for CMake module files
[4.100s] DEBUG:colcon.colcon_core.event_handler.log_command:Invoked command in '/home/saviveros/RoboticaGrupo11/src/turtle_bot_nodos' returned '0': PYTHONPATH=/home/saviveros/RoboticaGrupo11/build/turtle_bot_nodos/prefix_override:/home/saviveros/RoboticaGrupo11/install/turtle_bot_nodos/lib/python3.10/site-packages:${PYTHONPATH} /usr/bin/python3 setup.py egg_info --egg-base ../../build/turtle_bot_nodos build --build-base /home/saviveros/RoboticaGrupo11/build/turtle_bot_nodos/build install --record /home/saviveros/RoboticaGrupo11/build/turtle_bot_nodos/install.log --single-version-externally-managed
[4.101s] Level 1:colcon.colcon_core.environment:checking '/home/saviveros/RoboticaGrupo11/install/turtle_bot_nodos' for CMake config files
[4.103s] Level 1:colcon.colcon_core.environment:checking '/home/saviveros/RoboticaGrupo11/install/turtle_bot_nodos/lib'
[4.103s] Level 1:colcon.colcon_core.environment:checking '/home/saviveros/RoboticaGrupo11/install/turtle_bot_nodos/bin'
[4.103s] Level 1:colcon.colcon_core.environment:checking '/home/saviveros/RoboticaGrupo11/install/turtle_bot_nodos/lib/pkgconfig/turtle_bot_nodos.pc'
[4.104s] Level 1:colcon.colcon_core.environment:checking '/home/saviveros/RoboticaGrupo11/install/turtle_bot_nodos/lib/python3.10/site-packages'
[4.104s] Level 1:colcon.colcon_core.shell:create_environment_hook('turtle_bot_nodos', 'pythonpath')
[4.107s] INFO:colcon.colcon_core.shell:Creating environment hook '/home/saviveros/RoboticaGrupo11/install/turtle_bot_nodos/share/turtle_bot_nodos/hook/pythonpath.ps1'
[4.111s] INFO:colcon.colcon_core.shell:Creating environment descriptor '/home/saviveros/RoboticaGrupo11/install/turtle_bot_nodos/share/turtle_bot_nodos/hook/pythonpath.dsv'
[4.116s] INFO:colcon.colcon_core.shell:Creating environment hook '/home/saviveros/RoboticaGrupo11/install/turtle_bot_nodos/share/turtle_bot_nodos/hook/pythonpath.sh'
[4.118s] Level 1:colcon.colcon_core.environment:checking '/home/saviveros/RoboticaGrupo11/install/turtle_bot_nodos/bin'
[4.118s] Level 1:colcon.colcon_core.environment:create_environment_scripts_only(turtle_bot_nodos)
[4.120s] INFO:colcon.colcon_core.shell:Creating package script '/home/saviveros/RoboticaGrupo11/install/turtle_bot_nodos/share/turtle_bot_nodos/package.ps1'
[4.121s] INFO:colcon.colcon_core.shell:Creating package descriptor '/home/saviveros/RoboticaGrupo11/install/turtle_bot_nodos/share/turtle_bot_nodos/package.dsv'
[4.127s] INFO:colcon.colcon_core.shell:Creating package script '/home/saviveros/RoboticaGrupo11/install/turtle_bot_nodos/share/turtle_bot_nodos/package.sh'
[4.128s] INFO:colcon.colcon_core.shell:Creating package script '/home/saviveros/RoboticaGrupo11/install/turtle_bot_nodos/share/turtle_bot_nodos/package.bash'
[4.129s] INFO:colcon.colcon_core.shell:Creating package script '/home/saviveros/RoboticaGrupo11/install/turtle_bot_nodos/share/turtle_bot_nodos/package.zsh'
[4.129s] Level 1:colcon.colcon_core.environment:create_file_with_runtime_dependencies(/home/saviveros/RoboticaGrupo11/install/turtle_bot_nodos/share/colcon-core/packages/turtle_bot_nodos)
[4.130s] DEBUG:colcon.colcon_parallel_executor.executor.parallel:closing loop
[4.131s] DEBUG:colcon.colcon_parallel_executor.executor.parallel:loop closed
[4.131s] DEBUG:colcon.colcon_parallel_executor.executor.parallel:run_until_complete finished with '0'
[4.132s] DEBUG:colcon.colcon_core.event_reactor:joining thread
[4.239s] INFO:colcon.colcon_core.plugin_system:Skipping extension 'colcon_notification.desktop_notification.notify_send': Could not find 'notify-send'
[4.239s] INFO:colcon.colcon_core.plugin_system:Skipping extension 'colcon_notification.desktop_notification.terminal_notifier': Not used on non-Darwin systems
[4.239s] INFO:colcon.colcon_core.plugin_system:Skipping extension 'colcon_notification.desktop_notification.win32': Not used on non-Windows systems
[4.239s] INFO:colcon.colcon_notification.desktop_notification:Sending desktop notification using 'notify2'
[4.251s] DEBUG:colcon.colcon_notification.desktop_notification.notify2:Failed to initialize notify2: org.freedesktop.DBus.Error.ServiceUnknown: The name org.freedesktop.Notifications was not provided by any .service files
[4.252s] DEBUG:colcon.colcon_core.event_reactor:joined thread
[4.257s] INFO:colcon.colcon_core.shell:Creating prefix script '/home/saviveros/RoboticaGrupo11/install/local_setup.ps1'
[4.260s] INFO:colcon.colcon_core.shell:Creating prefix util module '/home/saviveros/RoboticaGrupo11/install/_local_setup_util_ps1.py'
[4.264s] INFO:colcon.colcon_core.shell:Creating prefix chain script '/home/saviveros/RoboticaGrupo11/install/setup.ps1'
[4.266s] INFO:colcon.colcon_core.shell:Creating prefix script '/home/saviveros/RoboticaGrupo11/install/local_setup.sh'
[4.267s] INFO:colcon.colcon_core.shell:Creating prefix util module '/home/saviveros/RoboticaGrupo11/install/_local_setup_util_sh.py'
[4.268s] INFO:colcon.colcon_core.shell:Creating prefix chain script '/home/saviveros/RoboticaGrupo11/install/setup.sh'
[4.271s] INFO:colcon.colcon_core.shell:Creating prefix script '/home/saviveros/RoboticaGrupo11/install/local_setup.bash'
[4.272s] INFO:colcon.colcon_core.shell:Creating prefix chain script '/home/saviveros/RoboticaGrupo11/install/setup.bash'
[4.275s] INFO:colcon.colcon_core.shell:Creating prefix script '/home/saviveros/RoboticaGrupo11/install/local_setup.zsh'
[4.276s] INFO:colcon.colcon_core.shell:Creating prefix chain script '/home/saviveros/RoboticaGrupo11/install/setup.zsh'
