[0.057s] Invoking command in '/home/saviveros/RoboticaGrupo11/build/servicios': CMAKE_PREFIX_PATH=${CMAKE_PREFIX_PATH}:/home/saviveros/RoboticaGrupo11/install/turtle_bot_nodos:/opt/ros/humble /usr/bin/cmake --build /home/saviveros/RoboticaGrupo11/build/servicios -- -j8 -l8
[0.139s] [  2%] Built target servicios__cpp
[0.145s] [ 12%] Built target servicios__rosidl_generator_c
[0.171s] [ 12%] Built target ament_cmake_python_copy_servicios
[0.223s] [ 23%] Built target servicios__rosidl_typesupport_fastrtps_cpp
[0.226s] [ 34%] Built target servicios__rosidl_typesupport_introspection_cpp
[0.226s] [ 44%] Built target servicios__rosidl_typesupport_c
[0.229s] [ 55%] Built target servicios__rosidl_typesupport_cpp
[0.229s] [ 65%] Built target servicios__rosidl_typesupport_fastrtps_c
[0.241s] [ 76%] Built target servicios__rosidl_typesupport_introspection_c
[0.280s] [ 76%] Built target servicios
[0.318s] [ 78%] Built target servicios__py
[0.363s] [ 87%] Built target servicios__rosidl_generator_py
[0.407s] [ 95%] Built target servicios__rosidl_typesupport_introspection_c__pyext
[0.407s] [ 95%] Built target servicios__rosidl_typesupport_fastrtps_c__pyext
[0.414s] [100%] Built target servicios__rosidl_typesupport_c__pyext
[0.711s] running egg_info
[0.712s] writing servicios.egg-info/PKG-INFO
[0.713s] writing dependency_links to servicios.egg-info/dependency_links.txt
[0.713s] writing top-level names to servicios.egg-info/top_level.txt
[0.720s] reading manifest file 'servicios.egg-info/SOURCES.txt'
[0.721s] writing manifest file 'servicios.egg-info/SOURCES.txt'
[0.786s] [100%] Built target ament_cmake_python_build_servicios_egg
[0.815s] Invoked command in '/home/saviveros/RoboticaGrupo11/build/servicios' returned '0': CMAKE_PREFIX_PATH=${CMAKE_PREFIX_PATH}:/home/saviveros/RoboticaGrupo11/install/turtle_bot_nodos:/opt/ros/humble /usr/bin/cmake --build /home/saviveros/RoboticaGrupo11/build/servicios -- -j8 -l8
[0.992s] Invoking command in '/home/saviveros/RoboticaGrupo11/build/servicios': CMAKE_PREFIX_PATH=${CMAKE_PREFIX_PATH}:/home/saviveros/RoboticaGrupo11/install/turtle_bot_nodos:/opt/ros/humble /usr/bin/cmake --install /home/saviveros/RoboticaGrupo11/build/servicios
[1.003s] -- Install configuration: ""
[1.004s] -- Up-to-date: /home/saviveros/RoboticaGrupo11/install/servicios/share/ament_index/resource_index/rosidl_interfaces/servicios
[1.004s] -- Up-to-date: /home/saviveros/RoboticaGrupo11/install/servicios/include/servicios/servicios
[1.005s] -- Up-to-date: /home/saviveros/RoboticaGrupo11/install/servicios/include/servicios/servicios/srv
[1.005s] -- Up-to-date: /home/saviveros/RoboticaGrupo11/install/servicios/include/servicios/servicios/srv/end.h
[1.006s] -- Up-to-date: /home/saviveros/RoboticaGrupo11/install/servicios/include/servicios/servicios/srv/reproduce_route.h
[1.006s] -- Up-to-date: /home/saviveros/RoboticaGrupo11/install/servicios/include/servicios/servicios/srv/save.h
[1.006s] -- Up-to-date: /home/saviveros/RoboticaGrupo11/install/servicios/include/servicios/servicios/srv/detail
[1.007s] -- Up-to-date: /home/saviveros/RoboticaGrupo11/install/servicios/include/servicios/servicios/srv/detail/end__functions.c
[1.007s] -- Up-to-date: /home/saviveros/RoboticaGrupo11/install/servicios/include/servicios/servicios/srv/detail/save__type_support.h
[1.008s] -- Up-to-date: /home/saviveros/RoboticaGrupo11/install/servicios/include/servicios/servicios/srv/detail/save__functions.c
[1.008s] -- Up-to-date: /home/saviveros/RoboticaGrupo11/install/servicios/include/servicios/servicios/srv/detail/reproduce_route__functions.c
[1.008s] -- Up-to-date: /home/saviveros/RoboticaGrupo11/install/servicios/include/servicios/servicios/srv/detail/end__functions.h
[1.009s] -- Up-to-date: /home/saviveros/RoboticaGrupo11/install/servicios/include/servicios/servicios/srv/detail/reproduce_route__type_support.h
[1.010s] -- Up-to-date: /home/saviveros/RoboticaGrupo11/install/servicios/include/servicios/servicios/srv/detail/end__struct.h
[1.011s] -- Up-to-date: /home/saviveros/RoboticaGrupo11/install/servicios/include/servicios/servicios/srv/detail/save__functions.h
[1.011s] -- Up-to-date: /home/saviveros/RoboticaGrupo11/install/servicios/include/servicios/servicios/srv/detail/end__type_support.h
[1.012s] -- Up-to-date: /home/saviveros/RoboticaGrupo11/install/servicios/include/servicios/servicios/srv/detail/reproduce_route__functions.h
[1.012s] -- Up-to-date: /home/saviveros/RoboticaGrupo11/install/servicios/include/servicios/servicios/srv/detail/reproduce_route__struct.h
[1.013s] -- Up-to-date: /home/saviveros/RoboticaGrupo11/install/servicios/include/servicios/servicios/srv/detail/save__struct.h
[1.013s] -- Up-to-date: /home/saviveros/RoboticaGrupo11/install/servicios/include/servicios/servicios/msg
[1.013s] -- Up-to-date: /home/saviveros/RoboticaGrupo11/install/servicios/include/servicios/servicios/msg/rosidl_generator_c__visibility_control.h
[1.014s] -- Up-to-date: /home/saviveros/RoboticaGrupo11/install/servicios/share/servicios/environment/library_path.sh
[1.014s] -- Up-to-date: /home/saviveros/RoboticaGrupo11/install/servicios/share/servicios/environment/library_path.dsv
[1.015s] -- Up-to-date: /home/saviveros/RoboticaGrupo11/install/servicios/lib/libservicios__rosidl_generator_c.so
[1.015s] -- Up-to-date: /home/saviveros/RoboticaGrupo11/install/servicios/include/servicios/servicios
[1.016s] -- Up-to-date: /home/saviveros/RoboticaGrupo11/install/servicios/include/servicios/servicios/srv
[1.016s] -- Up-to-date: /home/saviveros/RoboticaGrupo11/install/servicios/include/servicios/servicios/srv/detail
[1.017s] -- Up-to-date: /home/saviveros/RoboticaGrupo11/install/servicios/include/servicios/servicios/srv/detail/end__rosidl_typesupport_fastrtps_c.h
[1.017s] -- Up-to-date: /home/saviveros/RoboticaGrupo11/install/servicios/include/servicios/servicios/srv/detail/save__rosidl_typesupport_fastrtps_c.h
[1.017s] -- Up-to-date: /home/saviveros/RoboticaGrupo11/install/servicios/include/servicios/servicios/srv/detail/reproduce_route__rosidl_typesupport_fastrtps_c.h
[1.017s] -- Up-to-date: /home/saviveros/RoboticaGrupo11/install/servicios/include/servicios/servicios/msg
[1.017s] -- Up-to-date: /home/saviveros/RoboticaGrupo11/install/servicios/include/servicios/servicios/msg/rosidl_typesupport_fastrtps_c__visibility_control.h
[1.017s] -- Up-to-date: /home/saviveros/RoboticaGrupo11/install/servicios/lib/libservicios__rosidl_typesupport_fastrtps_c.so
[1.017s] -- Up-to-date: /home/saviveros/RoboticaGrupo11/install/servicios/include/servicios/servicios
[1.017s] -- Up-to-date: /home/saviveros/RoboticaGrupo11/install/servicios/include/servicios/servicios/srv
[1.017s] -- Up-to-date: /home/saviveros/RoboticaGrupo11/install/servicios/include/servicios/servicios/srv/reproduce_route.hpp
[1.017s] -- Up-to-date: /home/saviveros/RoboticaGrupo11/install/servicios/include/servicios/servicios/srv/save.hpp
[1.017s] -- Up-to-date: /home/saviveros/RoboticaGrupo11/install/servicios/include/servicios/servicios/srv/end.hpp
[1.018s] -- Up-to-date: /home/saviveros/RoboticaGrupo11/install/servicios/include/servicios/servicios/srv/detail
[1.018s] -- Up-to-date: /home/saviveros/RoboticaGrupo11/install/servicios/include/servicios/servicios/srv/detail/save__struct.hpp
[1.018s] -- Up-to-date: /home/saviveros/RoboticaGrupo11/install/servicios/include/servicios/servicios/srv/detail/save__builder.hpp
[1.018s] -- Up-to-date: /home/saviveros/RoboticaGrupo11/install/servicios/include/servicios/servicios/srv/detail/reproduce_route__builder.hpp
[1.019s] -- Up-to-date: /home/saviveros/RoboticaGrupo11/install/servicios/include/servicios/servicios/srv/detail/save__traits.hpp
[1.019s] -- Up-to-date: /home/saviveros/RoboticaGrupo11/install/servicios/include/servicios/servicios/srv/detail/end__builder.hpp
[1.019s] -- Up-to-date: /home/saviveros/RoboticaGrupo11/install/servicios/include/servicios/servicios/srv/detail/end__traits.hpp
[1.019s] -- Up-to-date: /home/saviveros/RoboticaGrupo11/install/servicios/include/servicios/servicios/srv/detail/end__struct.hpp
[1.019s] -- Up-to-date: /home/saviveros/RoboticaGrupo11/install/servicios/include/servicios/servicios/srv/detail/reproduce_route__struct.hpp
[1.019s] -- Up-to-date: /home/saviveros/RoboticaGrupo11/install/servicios/include/servicios/servicios/srv/detail/reproduce_route__traits.hpp
[1.020s] -- Up-to-date: /home/saviveros/RoboticaGrupo11/install/servicios/include/servicios/servicios
[1.020s] -- Up-to-date: /home/saviveros/RoboticaGrupo11/install/servicios/include/servicios/servicios/srv
[1.020s] -- Up-to-date: /home/saviveros/RoboticaGrupo11/install/servicios/include/servicios/servicios/srv/detail
[1.020s] -- Up-to-date: /home/saviveros/RoboticaGrupo11/install/servicios/include/servicios/servicios/srv/detail/end__rosidl_typesupport_fastrtps_cpp.hpp
[1.020s] -- Up-to-date: /home/saviveros/RoboticaGrupo11/install/servicios/include/servicios/servicios/srv/detail/save__rosidl_typesupport_fastrtps_cpp.hpp
[1.020s] -- Up-to-date: /home/saviveros/RoboticaGrupo11/install/servicios/include/servicios/servicios/srv/detail/dds_fastrtps
[1.020s] -- Up-to-date: /home/saviveros/RoboticaGrupo11/install/servicios/include/servicios/servicios/srv/detail/reproduce_route__rosidl_typesupport_fastrtps_cpp.hpp
[1.020s] -- Up-to-date: /home/saviveros/RoboticaGrupo11/install/servicios/include/servicios/servicios/msg
[1.021s] -- Up-to-date: /home/saviveros/RoboticaGrupo11/install/servicios/include/servicios/servicios/msg/rosidl_typesupport_fastrtps_cpp__visibility_control.h
[1.021s] -- Up-to-date: /home/saviveros/RoboticaGrupo11/install/servicios/lib/libservicios__rosidl_typesupport_fastrtps_cpp.so
[1.021s] -- Up-to-date: /home/saviveros/RoboticaGrupo11/install/servicios/include/servicios/servicios
[1.021s] -- Up-to-date: /home/saviveros/RoboticaGrupo11/install/servicios/include/servicios/servicios/srv
[1.021s] -- Up-to-date: /home/saviveros/RoboticaGrupo11/install/servicios/include/servicios/servicios/srv/detail
[1.021s] -- Up-to-date: /home/saviveros/RoboticaGrupo11/install/servicios/include/servicios/servicios/srv/detail/end__rosidl_typesupport_introspection_c.h
[1.021s] -- Up-to-date: /home/saviveros/RoboticaGrupo11/install/servicios/include/servicios/servicios/srv/detail/save__rosidl_typesupport_introspection_c.h
[1.021s] -- Up-to-date: /home/saviveros/RoboticaGrupo11/install/servicios/include/servicios/servicios/srv/detail/reproduce_route__rosidl_typesupport_introspection_c.h
[1.022s] -- Up-to-date: /home/saviveros/RoboticaGrupo11/install/servicios/include/servicios/servicios/srv/detail/save__type_support.c
[1.022s] -- Up-to-date: /home/saviveros/RoboticaGrupo11/install/servicios/include/servicios/servicios/srv/detail/reproduce_route__type_support.c
[1.022s] -- Up-to-date: /home/saviveros/RoboticaGrupo11/install/servicios/include/servicios/servicios/srv/detail/end__type_support.c
[1.022s] -- Up-to-date: /home/saviveros/RoboticaGrupo11/install/servicios/include/servicios/servicios/msg
[1.022s] -- Up-to-date: /home/saviveros/RoboticaGrupo11/install/servicios/include/servicios/servicios/msg/rosidl_typesupport_introspection_c__visibility_control.h
[1.022s] -- Up-to-date: /home/saviveros/RoboticaGrupo11/install/servicios/lib/libservicios__rosidl_typesupport_introspection_c.so
[1.022s] -- Up-to-date: /home/saviveros/RoboticaGrupo11/install/servicios/lib/libservicios__rosidl_typesupport_c.so
[1.022s] -- Up-to-date: /home/saviveros/RoboticaGrupo11/install/servicios/include/servicios/servicios
[1.023s] -- Up-to-date: /home/saviveros/RoboticaGrupo11/install/servicios/include/servicios/servicios/srv
[1.023s] -- Up-to-date: /home/saviveros/RoboticaGrupo11/install/servicios/include/servicios/servicios/srv/detail
[1.023s] -- Up-to-date: /home/saviveros/RoboticaGrupo11/install/servicios/include/servicios/servicios/srv/detail/reproduce_route__rosidl_typesupport_introspection_cpp.hpp
[1.023s] -- Up-to-date: /home/saviveros/RoboticaGrupo11/install/servicios/include/servicios/servicios/srv/detail/end__rosidl_typesupport_introspection_cpp.hpp
[1.023s] -- Up-to-date: /home/saviveros/RoboticaGrupo11/install/servicios/include/servicios/servicios/srv/detail/end__type_support.cpp
[1.023s] -- Up-to-date: /home/saviveros/RoboticaGrupo11/install/servicios/include/servicios/servicios/srv/detail/save__type_support.cpp
[1.023s] -- Up-to-date: /home/saviveros/RoboticaGrupo11/install/servicios/include/servicios/servicios/srv/detail/reproduce_route__type_support.cpp
[1.024s] -- Up-to-date: /home/saviveros/RoboticaGrupo11/install/servicios/include/servicios/servicios/srv/detail/save__rosidl_typesupport_introspection_cpp.hpp
[1.024s] -- Up-to-date: /home/saviveros/RoboticaGrupo11/install/servicios/lib/libservicios__rosidl_typesupport_introspection_cpp.so
[1.024s] -- Up-to-date: /home/saviveros/RoboticaGrupo11/install/servicios/lib/libservicios__rosidl_typesupport_cpp.so
[1.024s] -- Up-to-date: /home/saviveros/RoboticaGrupo11/install/servicios/share/servicios/environment/pythonpath.sh
[1.024s] -- Up-to-date: /home/saviveros/RoboticaGrupo11/install/servicios/share/servicios/environment/pythonpath.dsv
[1.024s] -- Up-to-date: /home/saviveros/RoboticaGrupo11/install/servicios/local/lib/python3.10/dist-packages/servicios-0.0.0-py3.10.egg-info
[1.024s] -- Installing: /home/saviveros/RoboticaGrupo11/install/servicios/local/lib/python3.10/dist-packages/servicios-0.0.0-py3.10.egg-info/top_level.txt
[1.025s] -- Installing: /home/saviveros/RoboticaGrupo11/install/servicios/local/lib/python3.10/dist-packages/servicios-0.0.0-py3.10.egg-info/dependency_links.txt
[1.025s] -- Installing: /home/saviveros/RoboticaGrupo11/install/servicios/local/lib/python3.10/dist-packages/servicios-0.0.0-py3.10.egg-info/SOURCES.txt
[1.025s] -- Installing: /home/saviveros/RoboticaGrupo11/install/servicios/local/lib/python3.10/dist-packages/servicios-0.0.0-py3.10.egg-info/PKG-INFO
[1.025s] -- Up-to-date: /home/saviveros/RoboticaGrupo11/install/servicios/local/lib/python3.10/dist-packages/servicios
[1.025s] -- Up-to-date: /home/saviveros/RoboticaGrupo11/install/servicios/local/lib/python3.10/dist-packages/servicios/srv
[1.025s] -- Up-to-date: /home/saviveros/RoboticaGrupo11/install/servicios/local/lib/python3.10/dist-packages/servicios/srv/_reproduce_route.py
[1.026s] -- Up-to-date: /home/saviveros/RoboticaGrupo11/install/servicios/local/lib/python3.10/dist-packages/servicios/srv/_end_s.c
[1.026s] -- Up-to-date: /home/saviveros/RoboticaGrupo11/install/servicios/local/lib/python3.10/dist-packages/servicios/srv/_reproduce_route_s.c
[1.026s] -- Up-to-date: /home/saviveros/RoboticaGrupo11/install/servicios/local/lib/python3.10/dist-packages/servicios/srv/_save_s.c
[1.026s] -- Up-to-date: /home/saviveros/RoboticaGrupo11/install/servicios/local/lib/python3.10/dist-packages/servicios/srv/_end.py
[1.026s] -- Up-to-date: /home/saviveros/RoboticaGrupo11/install/servicios/local/lib/python3.10/dist-packages/servicios/srv/_save.py
[1.026s] -- Up-to-date: /home/saviveros/RoboticaGrupo11/install/servicios/local/lib/python3.10/dist-packages/servicios/srv/__init__.py
[1.026s] -- Up-to-date: /home/saviveros/RoboticaGrupo11/install/servicios/local/lib/python3.10/dist-packages/servicios/servicios_s__rosidl_typesupport_fastrtps_c.cpython-310-x86_64-linux-gnu.so
[1.027s] -- Up-to-date: /home/saviveros/RoboticaGrupo11/install/servicios/local/lib/python3.10/dist-packages/servicios/servicios_s__rosidl_typesupport_introspection_c.cpython-310-x86_64-linux-gnu.so
[1.027s] -- Up-to-date: /home/saviveros/RoboticaGrupo11/install/servicios/local/lib/python3.10/dist-packages/servicios/_servicios_s.ep.rosidl_typesupport_introspection_c.c
[1.027s] -- Up-to-date: /home/saviveros/RoboticaGrupo11/install/servicios/local/lib/python3.10/dist-packages/servicios/servicios_s__rosidl_typesupport_c.cpython-310-x86_64-linux-gnu.so
[1.027s] -- Up-to-date: /home/saviveros/RoboticaGrupo11/install/servicios/local/lib/python3.10/dist-packages/servicios/libservicios__rosidl_generator_py.so
[1.027s] -- Up-to-date: /home/saviveros/RoboticaGrupo11/install/servicios/local/lib/python3.10/dist-packages/servicios/_servicios_s.ep.rosidl_typesupport_c.c
[1.028s] -- Up-to-date: /home/saviveros/RoboticaGrupo11/install/servicios/local/lib/python3.10/dist-packages/servicios/__init__.py
[1.028s] -- Up-to-date: /home/saviveros/RoboticaGrupo11/install/servicios/local/lib/python3.10/dist-packages/servicios/_servicios_s.ep.rosidl_typesupport_fastrtps_c.c
[1.091s] Listing '/home/saviveros/RoboticaGrupo11/install/servicios/local/lib/python3.10/dist-packages/servicios'...
[1.092s] Listing '/home/saviveros/RoboticaGrupo11/install/servicios/local/lib/python3.10/dist-packages/servicios/srv'...
[1.104s] -- Up-to-date: /home/saviveros/RoboticaGrupo11/install/servicios/local/lib/python3.10/dist-packages/servicios/servicios_s__rosidl_typesupport_fastrtps_c.cpython-310-x86_64-linux-gnu.so
[1.104s] -- Up-to-date: /home/saviveros/RoboticaGrupo11/install/servicios/local/lib/python3.10/dist-packages/servicios/servicios_s__rosidl_typesupport_introspection_c.cpython-310-x86_64-linux-gnu.so
[1.105s] -- Up-to-date: /home/saviveros/RoboticaGrupo11/install/servicios/local/lib/python3.10/dist-packages/servicios/servicios_s__rosidl_typesupport_c.cpython-310-x86_64-linux-gnu.so
[1.106s] -- Up-to-date: /home/saviveros/RoboticaGrupo11/install/servicios/lib/libservicios__rosidl_generator_py.so
[1.106s] -- Up-to-date: /home/saviveros/RoboticaGrupo11/install/servicios/share/servicios/srv/ReproduceRoute.idl
[1.107s] -- Up-to-date: /home/saviveros/RoboticaGrupo11/install/servicios/share/servicios/srv/Save.idl
[1.108s] -- Up-to-date: /home/saviveros/RoboticaGrupo11/install/servicios/share/servicios/srv/End.idl
[1.108s] -- Up-to-date: /home/saviveros/RoboticaGrupo11/install/servicios/share/servicios/srv/ReproduceRoute.srv
[1.109s] -- Up-to-date: /home/saviveros/RoboticaGrupo11/install/servicios/share/servicios/srv/ReproduceRoute_Request.msg
[1.109s] -- Up-to-date: /home/saviveros/RoboticaGrupo11/install/servicios/share/servicios/srv/ReproduceRoute_Response.msg
[1.110s] -- Up-to-date: /home/saviveros/RoboticaGrupo11/install/servicios/share/servicios/srv/Save.srv
[1.110s] -- Up-to-date: /home/saviveros/RoboticaGrupo11/install/servicios/share/servicios/srv/Save_Request.msg
[1.111s] -- Up-to-date: /home/saviveros/RoboticaGrupo11/install/servicios/share/servicios/srv/Save_Response.msg
[1.112s] -- Up-to-date: /home/saviveros/RoboticaGrupo11/install/servicios/share/servicios/srv/End.srv
[1.112s] -- Up-to-date: /home/saviveros/RoboticaGrupo11/install/servicios/share/servicios/srv/End_Request.msg
[1.113s] -- Up-to-date: /home/saviveros/RoboticaGrupo11/install/servicios/share/servicios/srv/End_Response.msg
[1.113s] -- Up-to-date: /home/saviveros/RoboticaGrupo11/install/servicios/share/ament_index/resource_index/package_run_dependencies/servicios
[1.113s] -- Up-to-date: /home/saviveros/RoboticaGrupo11/install/servicios/share/ament_index/resource_index/parent_prefix_path/servicios
[1.113s] -- Up-to-date: /home/saviveros/RoboticaGrupo11/install/servicios/share/servicios/environment/ament_prefix_path.sh
[1.113s] -- Up-to-date: /home/saviveros/RoboticaGrupo11/install/servicios/share/servicios/environment/ament_prefix_path.dsv
[1.113s] -- Up-to-date: /home/saviveros/RoboticaGrupo11/install/servicios/share/servicios/environment/path.sh
[1.113s] -- Up-to-date: /home/saviveros/RoboticaGrupo11/install/servicios/share/servicios/environment/path.dsv
[1.114s] -- Up-to-date: /home/saviveros/RoboticaGrupo11/install/servicios/share/servicios/local_setup.bash
[1.114s] -- Up-to-date: /home/saviveros/RoboticaGrupo11/install/servicios/share/servicios/local_setup.sh
[1.114s] -- Up-to-date: /home/saviveros/RoboticaGrupo11/install/servicios/share/servicios/local_setup.zsh
[1.114s] -- Up-to-date: /home/saviveros/RoboticaGrupo11/install/servicios/share/servicios/local_setup.dsv
[1.114s] -- Installing: /home/saviveros/RoboticaGrupo11/install/servicios/share/servicios/package.dsv
[1.114s] -- Up-to-date: /home/saviveros/RoboticaGrupo11/install/servicios/share/ament_index/resource_index/packages/servicios
[1.115s] -- Up-to-date: /home/saviveros/RoboticaGrupo11/install/servicios/share/servicios/cmake/export_servicios__rosidl_generator_cExport.cmake
[1.115s] -- Up-to-date: /home/saviveros/RoboticaGrupo11/install/servicios/share/servicios/cmake/export_servicios__rosidl_generator_cExport-noconfig.cmake
[1.115s] -- Up-to-date: /home/saviveros/RoboticaGrupo11/install/servicios/share/servicios/cmake/export_servicios__rosidl_typesupport_fastrtps_cExport.cmake
[1.115s] -- Up-to-date: /home/saviveros/RoboticaGrupo11/install/servicios/share/servicios/cmake/export_servicios__rosidl_typesupport_fastrtps_cExport-noconfig.cmake
[1.115s] -- Up-to-date: /home/saviveros/RoboticaGrupo11/install/servicios/share/servicios/cmake/export_servicios__rosidl_generator_cppExport.cmake
[1.116s] -- Up-to-date: /home/saviveros/RoboticaGrupo11/install/servicios/share/servicios/cmake/export_servicios__rosidl_typesupport_fastrtps_cppExport.cmake
[1.116s] -- Up-to-date: /home/saviveros/RoboticaGrupo11/install/servicios/share/servicios/cmake/export_servicios__rosidl_typesupport_fastrtps_cppExport-noconfig.cmake
[1.116s] -- Up-to-date: /home/saviveros/RoboticaGrupo11/install/servicios/share/servicios/cmake/servicios__rosidl_typesupport_introspection_cExport.cmake
[1.119s] -- Up-to-date: /home/saviveros/RoboticaGrupo11/install/servicios/share/servicios/cmake/servicios__rosidl_typesupport_introspection_cExport-noconfig.cmake
[1.119s] -- Up-to-date: /home/saviveros/RoboticaGrupo11/install/servicios/share/servicios/cmake/servicios__rosidl_typesupport_cExport.cmake
[1.120s] -- Up-to-date: /home/saviveros/RoboticaGrupo11/install/servicios/share/servicios/cmake/servicios__rosidl_typesupport_cExport-noconfig.cmake
[1.120s] -- Up-to-date: /home/saviveros/RoboticaGrupo11/install/servicios/share/servicios/cmake/servicios__rosidl_typesupport_introspection_cppExport.cmake
[1.120s] -- Up-to-date: /home/saviveros/RoboticaGrupo11/install/servicios/share/servicios/cmake/servicios__rosidl_typesupport_introspection_cppExport-noconfig.cmake
[1.120s] -- Up-to-date: /home/saviveros/RoboticaGrupo11/install/servicios/share/servicios/cmake/servicios__rosidl_typesupport_cppExport.cmake
[1.121s] -- Up-to-date: /home/saviveros/RoboticaGrupo11/install/servicios/share/servicios/cmake/servicios__rosidl_typesupport_cppExport-noconfig.cmake
[1.121s] -- Up-to-date: /home/saviveros/RoboticaGrupo11/install/servicios/share/servicios/cmake/export_servicios__rosidl_generator_pyExport.cmake
[1.121s] -- Up-to-date: /home/saviveros/RoboticaGrupo11/install/servicios/share/servicios/cmake/export_servicios__rosidl_generator_pyExport-noconfig.cmake
[1.121s] -- Up-to-date: /home/saviveros/RoboticaGrupo11/install/servicios/share/servicios/cmake/rosidl_cmake-extras.cmake
[1.122s] -- Up-to-date: /home/saviveros/RoboticaGrupo11/install/servicios/share/servicios/cmake/ament_cmake_export_dependencies-extras.cmake
[1.125s] -- Up-to-date: /home/saviveros/RoboticaGrupo11/install/servicios/share/servicios/cmake/ament_cmake_export_include_directories-extras.cmake
[1.126s] -- Up-to-date: /home/saviveros/RoboticaGrupo11/install/servicios/share/servicios/cmake/ament_cmake_export_libraries-extras.cmake
[1.126s] -- Up-to-date: /home/saviveros/RoboticaGrupo11/install/servicios/share/servicios/cmake/ament_cmake_export_targets-extras.cmake
[1.127s] -- Up-to-date: /home/saviveros/RoboticaGrupo11/install/servicios/share/servicios/cmake/rosidl_cmake_export_typesupport_targets-extras.cmake
[1.127s] -- Up-to-date: /home/saviveros/RoboticaGrupo11/install/servicios/share/servicios/cmake/rosidl_cmake_export_typesupport_libraries-extras.cmake
[1.127s] -- Up-to-date: /home/saviveros/RoboticaGrupo11/install/servicios/share/servicios/cmake/serviciosConfig.cmake
[1.128s] -- Up-to-date: /home/saviveros/RoboticaGrupo11/install/servicios/share/servicios/cmake/serviciosConfig-version.cmake
[1.128s] -- Up-to-date: /home/saviveros/RoboticaGrupo11/install/servicios/share/servicios/package.xml
[1.131s] Invoked command in '/home/saviveros/RoboticaGrupo11/build/servicios' returned '0': CMAKE_PREFIX_PATH=${CMAKE_PREFIX_PATH}:/home/saviveros/RoboticaGrupo11/install/turtle_bot_nodos:/opt/ros/humble /usr/bin/cmake --install /home/saviveros/RoboticaGrupo11/build/servicios
