[0.581s] DEBUG:colcon:Command line arguments: ['/usr/bin/colcon', 'build']
[0.582s] DEBUG:colcon:Parsed command line arguments: Namespace(log_base=None, log_level=None, verb_name='build', build_base='build', install_base='install', merge_install=False, symlink_install=False, test_result_base=None, continue_on_error=False, executor='parallel', parallel_workers=8, event_handlers=None, ignore_user_meta=False, metas=['./colcon.meta'], base_paths=['.'], packages_ignore=None, packages_ignore_regex=None, paths=None, packages_up_to=None, packages_up_to_regex=None, packages_above=None, packages_above_and_dependencies=None, packages_above_depth=None, packages_select_by_dep=None, packages_skip_by_dep=None, packages_skip_up_to=None, packages_select_build_failed=False, packages_skip_build_finished=False, packages_select_test_failures=False, packages_skip_test_passed=False, packages_select=None, packages_skip=None, packages_select_regex=None, packages_skip_regex=None, packages_start=None, packages_end=None, allow_overriding=[], cmake_args=None, cmake_target=None, cmake_target_skip_unavailable=False, cmake_clean_cache=False, cmake_clean_first=False, cmake_force_configure=False, ament_cmake_args=None, catkin_cmake_args=None, catkin_skip_building_tests=False, verb_parser=<colcon_defaults.argument_parser.defaults.DefaultArgumentsDecorator object at 0x7f24ae04bc40>, verb_extension=<colcon_core.verb.build.BuildVerb object at 0x7f24ae7ee290>, main=<bound method BuildVerb.main of <colcon_core.verb.build.BuildVerb object at 0x7f24ae7ee290>>)
[0.633s] Level 1:colcon.colcon_core.package_discovery:discover_packages(colcon_meta) check parameters
[0.634s] Level 1:colcon.colcon_core.package_discovery:discover_packages(recursive) check parameters
[0.634s] Level 1:colcon.colcon_core.package_discovery:discover_packages(ignore) check parameters
[0.634s] Level 1:colcon.colcon_core.package_discovery:discover_packages(path) check parameters
[0.634s] Level 1:colcon.colcon_core.package_discovery:discover_packages(colcon_meta) discover
[0.634s] Level 1:colcon.colcon_core.package_discovery:discover_packages(recursive) discover
[0.634s] INFO:colcon.colcon_core.package_discovery:Crawling recursively for packages in '/home/saviveros/RoboticaGrupo11'
[0.634s] Level 1:colcon.colcon_core.package_identification:_identify(.) by extensions ['ignore', 'ignore_ament_install']
[0.634s] Level 1:colcon.colcon_core.package_identification:_identify(.) by extension 'ignore'
[0.635s] Level 1:colcon.colcon_core.package_identification:_identify(.) by extension 'ignore_ament_install'
[0.635s] Level 1:colcon.colcon_core.package_identification:_identify(.) by extensions ['colcon_pkg']
[0.635s] Level 1:colcon.colcon_core.package_identification:_identify(.) by extension 'colcon_pkg'
[0.635s] Level 1:colcon.colcon_core.package_identification:_identify(.) by extensions ['colcon_meta']
[0.635s] Level 1:colcon.colcon_core.package_identification:_identify(.) by extension 'colcon_meta'
[0.635s] Level 1:colcon.colcon_core.package_identification:_identify(.) by extensions ['ros']
[0.635s] Level 1:colcon.colcon_core.package_identification:_identify(.) by extension 'ros'
[0.656s] Level 1:colcon.colcon_core.package_identification:_identify(.) by extensions ['cmake', 'python']
[0.656s] Level 1:colcon.colcon_core.package_identification:_identify(.) by extension 'cmake'
[0.656s] Level 1:colcon.colcon_core.package_identification:_identify(.) by extension 'python'
[0.656s] Level 1:colcon.colcon_core.package_identification:_identify(.) by extensions ['python_setup_py']
[0.657s] Level 1:colcon.colcon_core.package_identification:_identify(.) by extension 'python_setup_py'
[0.657s] Level 1:colcon.colcon_core.package_identification:_identify(build) by extensions ['ignore', 'ignore_ament_install']
[0.657s] Level 1:colcon.colcon_core.package_identification:_identify(build) by extension 'ignore'
[0.657s] Level 1:colcon.colcon_core.package_identification:_identify(build) ignored
[0.657s] Level 1:colcon.colcon_core.package_identification:_identify(install) by extensions ['ignore', 'ignore_ament_install']
[0.658s] Level 1:colcon.colcon_core.package_identification:_identify(install) by extension 'ignore'
[0.658s] Level 1:colcon.colcon_core.package_identification:_identify(install) ignored
[0.658s] Level 1:colcon.colcon_core.package_identification:_identify(log) by extensions ['ignore', 'ignore_ament_install']
[0.658s] Level 1:colcon.colcon_core.package_identification:_identify(log) by extension 'ignore'
[0.658s] Level 1:colcon.colcon_core.package_identification:_identify(log) ignored
[0.658s] Level 1:colcon.colcon_core.package_identification:_identify(src) by extensions ['ignore', 'ignore_ament_install']
[0.659s] Level 1:colcon.colcon_core.package_identification:_identify(src) by extension 'ignore'
[0.659s] Level 1:colcon.colcon_core.package_identification:_identify(src) by extension 'ignore_ament_install'
[0.659s] Level 1:colcon.colcon_core.package_identification:_identify(src) by extensions ['colcon_pkg']
[0.659s] Level 1:colcon.colcon_core.package_identification:_identify(src) by extension 'colcon_pkg'
[0.659s] Level 1:colcon.colcon_core.package_identification:_identify(src) by extensions ['colcon_meta']
[0.659s] Level 1:colcon.colcon_core.package_identification:_identify(src) by extension 'colcon_meta'
[0.659s] Level 1:colcon.colcon_core.package_identification:_identify(src) by extensions ['ros']
[0.659s] Level 1:colcon.colcon_core.package_identification:_identify(src) by extension 'ros'
[0.660s] Level 1:colcon.colcon_core.package_identification:_identify(src) by extensions ['cmake', 'python']
[0.660s] Level 1:colcon.colcon_core.package_identification:_identify(src) by extension 'cmake'
[0.660s] Level 1:colcon.colcon_core.package_identification:_identify(src) by extension 'python'
[0.660s] Level 1:colcon.colcon_core.package_identification:_identify(src) by extensions ['python_setup_py']
[0.660s] Level 1:colcon.colcon_core.package_identification:_identify(src) by extension 'python_setup_py'
[0.660s] Level 1:colcon.colcon_core.package_identification:_identify(src/servicios) by extensions ['ignore', 'ignore_ament_install']
[0.660s] Level 1:colcon.colcon_core.package_identification:_identify(src/servicios) by extension 'ignore'
[0.660s] Level 1:colcon.colcon_core.package_identification:_identify(src/servicios) by extension 'ignore_ament_install'
[0.661s] Level 1:colcon.colcon_core.package_identification:_identify(src/servicios) by extensions ['colcon_pkg']
[0.661s] Level 1:colcon.colcon_core.package_identification:_identify(src/servicios) by extension 'colcon_pkg'
[0.661s] Level 1:colcon.colcon_core.package_identification:_identify(src/servicios) by extensions ['colcon_meta']
[0.661s] Level 1:colcon.colcon_core.package_identification:_identify(src/servicios) by extension 'colcon_meta'
[0.661s] Level 1:colcon.colcon_core.package_identification:_identify(src/servicios) by extensions ['ros']
[0.661s] Level 1:colcon.colcon_core.package_identification:_identify(src/servicios) by extension 'ros'
[0.665s] DEBUG:colcon.colcon_core.package_identification:Package 'src/servicios' with type 'ros.ament_cmake' and name 'servicios'
[0.665s] Level 1:colcon.colcon_core.package_identification:_identify(src/turtle_bot_nodos) by extensions ['ignore', 'ignore_ament_install']
[0.665s] Level 1:colcon.colcon_core.package_identification:_identify(src/turtle_bot_nodos) by extension 'ignore'
[0.666s] Level 1:colcon.colcon_core.package_identification:_identify(src/turtle_bot_nodos) by extension 'ignore_ament_install'
[0.666s] Level 1:colcon.colcon_core.package_identification:_identify(src/turtle_bot_nodos) by extensions ['colcon_pkg']
[0.666s] Level 1:colcon.colcon_core.package_identification:_identify(src/turtle_bot_nodos) by extension 'colcon_pkg'
[0.666s] Level 1:colcon.colcon_core.package_identification:_identify(src/turtle_bot_nodos) by extensions ['colcon_meta']
[0.666s] Level 1:colcon.colcon_core.package_identification:_identify(src/turtle_bot_nodos) by extension 'colcon_meta'
[0.666s] Level 1:colcon.colcon_core.package_identification:_identify(src/turtle_bot_nodos) by extensions ['ros']
[0.666s] Level 1:colcon.colcon_core.package_identification:_identify(src/turtle_bot_nodos) by extension 'ros'
[0.667s] DEBUG:colcon.colcon_core.package_identification:Package 'src/turtle_bot_nodos' with type 'ros.ament_python' and name 'turtle_bot_nodos'
[0.667s] Level 1:colcon.colcon_core.package_discovery:discover_packages(recursive) using defaults
[0.667s] Level 1:colcon.colcon_core.package_discovery:discover_packages(ignore) discover
[0.668s] Level 1:colcon.colcon_core.package_discovery:discover_packages(ignore) using defaults
[0.668s] Level 1:colcon.colcon_core.package_discovery:discover_packages(path) discover
[0.668s] Level 1:colcon.colcon_core.package_discovery:discover_packages(path) using defaults
[0.699s] Level 1:colcon.colcon_core.package_discovery:discover_packages(prefix_path) check parameters
[0.699s] Level 1:colcon.colcon_core.package_discovery:discover_packages(prefix_path) discover
[0.701s] DEBUG:colcon.colcon_installed_package_information.package_discovery:Found 2 installed packages in /home/saviveros/RoboticaGrupo11/install
[0.703s] DEBUG:colcon.colcon_installed_package_information.package_discovery:Found 284 installed packages in /opt/ros/humble
[0.705s] Level 1:colcon.colcon_core.package_discovery:discover_packages(prefix_path) using defaults
[0.793s] Level 5:colcon.colcon_core.verb:set package 'servicios' build argument 'cmake_args' from command line to 'None'
[0.793s] Level 5:colcon.colcon_core.verb:set package 'servicios' build argument 'cmake_target' from command line to 'None'
[0.793s] Level 5:colcon.colcon_core.verb:set package 'servicios' build argument 'cmake_target_skip_unavailable' from command line to 'False'
[0.793s] Level 5:colcon.colcon_core.verb:set package 'servicios' build argument 'cmake_clean_cache' from command line to 'False'
[0.793s] Level 5:colcon.colcon_core.verb:set package 'servicios' build argument 'cmake_clean_first' from command line to 'False'
[0.793s] Level 5:colcon.colcon_core.verb:set package 'servicios' build argument 'cmake_force_configure' from command line to 'False'
[0.793s] Level 5:colcon.colcon_core.verb:set package 'servicios' build argument 'ament_cmake_args' from command line to 'None'
[0.793s] Level 5:colcon.colcon_core.verb:set package 'servicios' build argument 'catkin_cmake_args' from command line to 'None'
[0.793s] Level 5:colcon.colcon_core.verb:set package 'servicios' build argument 'catkin_skip_building_tests' from command line to 'False'
[0.794s] DEBUG:colcon.colcon_core.verb:Building package 'servicios' with the following arguments: {'ament_cmake_args': None, 'build_base': '/home/saviveros/RoboticaGrupo11/build/servicios', 'catkin_cmake_args': None, 'catkin_skip_building_tests': False, 'cmake_args': None, 'cmake_clean_cache': False, 'cmake_clean_first': False, 'cmake_force_configure': False, 'cmake_target': None, 'cmake_target_skip_unavailable': False, 'install_base': '/home/saviveros/RoboticaGrupo11/install/servicios', 'merge_install': False, 'path': '/home/saviveros/RoboticaGrupo11/src/servicios', 'symlink_install': False, 'test_result_base': None}
[0.795s] Level 5:colcon.colcon_core.verb:set package 'turtle_bot_nodos' build argument 'cmake_args' from command line to 'None'
[0.795s] Level 5:colcon.colcon_core.verb:set package 'turtle_bot_nodos' build argument 'cmake_target' from command line to 'None'
[0.795s] Level 5:colcon.colcon_core.verb:set package 'turtle_bot_nodos' build argument 'cmake_target_skip_unavailable' from command line to 'False'
[0.795s] Level 5:colcon.colcon_core.verb:set package 'turtle_bot_nodos' build argument 'cmake_clean_cache' from command line to 'False'
[0.795s] Level 5:colcon.colcon_core.verb:set package 'turtle_bot_nodos' build argument 'cmake_clean_first' from command line to 'False'
[0.795s] Level 5:colcon.colcon_core.verb:set package 'turtle_bot_nodos' build argument 'cmake_force_configure' from command line to 'False'
[0.795s] Level 5:colcon.colcon_core.verb:set package 'turtle_bot_nodos' build argument 'ament_cmake_args' from command line to 'None'
[0.795s] Level 5:colcon.colcon_core.verb:set package 'turtle_bot_nodos' build argument 'catkin_cmake_args' from command line to 'None'
[0.795s] Level 5:colcon.colcon_core.verb:set package 'turtle_bot_nodos' build argument 'catkin_skip_building_tests' from command line to 'False'
[0.795s] DEBUG:colcon.colcon_core.verb:Building package 'turtle_bot_nodos' with the following arguments: {'ament_cmake_args': None, 'build_base': '/home/saviveros/RoboticaGrupo11/build/turtle_bot_nodos', 'catkin_cmake_args': None, 'catkin_skip_building_tests': False, 'cmake_args': None, 'cmake_clean_cache': False, 'cmake_clean_first': False, 'cmake_force_configure': False, 'cmake_target': None, 'cmake_target_skip_unavailable': False, 'install_base': '/home/saviveros/RoboticaGrupo11/install/turtle_bot_nodos', 'merge_install': False, 'path': '/home/saviveros/RoboticaGrupo11/src/turtle_bot_nodos', 'symlink_install': False, 'test_result_base': None}
[0.796s] INFO:colcon.colcon_core.executor:Executing jobs using 'parallel' executor
[0.801s] DEBUG:colcon.colcon_parallel_executor.executor.parallel:run_until_complete
[0.802s] INFO:colcon.colcon_ros.task.ament_cmake.build:Building ROS package in '/home/saviveros/RoboticaGrupo11/src/servicios' with build type 'ament_cmake'
[0.802s] INFO:colcon.colcon_cmake.task.cmake.build:Building CMake package in '/home/saviveros/RoboticaGrupo11/src/servicios'
[0.812s] INFO:colcon.colcon_core.plugin_system:Skipping extension 'colcon_core.shell.bat': Not used on non-Windows systems
[0.812s] INFO:colcon.colcon_core.shell:Skip shell extension 'powershell' for command environment: Not usable outside of PowerShell
[0.812s] DEBUG:colcon.colcon_core.shell:Skip shell extension 'dsv' for command environment
[0.817s] INFO:colcon.colcon_ros.task.ament_python.build:Building ROS package in '/home/saviveros/RoboticaGrupo11/src/turtle_bot_nodos' with build type 'ament_python'
[0.817s] Level 1:colcon.colcon_core.shell:create_environment_hook('turtle_bot_nodos', 'ament_prefix_path')
[0.820s] INFO:colcon.colcon_core.shell:Creating environment hook '/home/saviveros/RoboticaGrupo11/install/turtle_bot_nodos/share/turtle_bot_nodos/hook/ament_prefix_path.ps1'
[0.822s] INFO:colcon.colcon_core.shell:Creating environment descriptor '/home/saviveros/RoboticaGrupo11/install/turtle_bot_nodos/share/turtle_bot_nodos/hook/ament_prefix_path.dsv'
[0.824s] INFO:colcon.colcon_core.shell:Creating environment hook '/home/saviveros/RoboticaGrupo11/install/turtle_bot_nodos/share/turtle_bot_nodos/hook/ament_prefix_path.sh'
[0.829s] INFO:colcon.colcon_core.shell:Skip shell extension 'powershell' for command environment: Not usable outside of PowerShell
[0.830s] DEBUG:colcon.colcon_core.shell:Skip shell extension 'dsv' for command environment
[0.860s] DEBUG:colcon.colcon_core.event_handler.log_command:Invoking command in '/home/saviveros/RoboticaGrupo11/build/servicios': CMAKE_PREFIX_PATH=${CMAKE_PREFIX_PATH}:/home/saviveros/RoboticaGrupo11/install/turtle_bot_nodos:/opt/ros/humble /usr/bin/cmake --build /home/saviveros/RoboticaGrupo11/build/servicios -- -j8 -l8
[1.399s] INFO:colcon.colcon_core.task.python.build:Building Python package in '/home/saviveros/RoboticaGrupo11/src/turtle_bot_nodos'
[1.401s] INFO:colcon.colcon_core.shell:Skip shell extension 'powershell' for command environment: Not usable outside of PowerShell
[1.401s] DEBUG:colcon.colcon_core.shell:Skip shell extension 'dsv' for command environment
[1.499s] DEBUG:colcon.colcon_core.event_handler.log_command:Invoked command in '/home/saviveros/RoboticaGrupo11/build/servicios' returned '0': CMAKE_PREFIX_PATH=${CMAKE_PREFIX_PATH}:/home/saviveros/RoboticaGrupo11/install/turtle_bot_nodos:/opt/ros/humble /usr/bin/cmake --build /home/saviveros/RoboticaGrupo11/build/servicios -- -j8 -l8
[1.673s] DEBUG:colcon.colcon_core.event_handler.log_command:Invoking command in '/home/saviveros/RoboticaGrupo11/build/servicios': CMAKE_PREFIX_PATH=${CMAKE_PREFIX_PATH}:/home/saviveros/RoboticaGrupo11/install/turtle_bot_nodos:/opt/ros/humble /usr/bin/cmake --install /home/saviveros/RoboticaGrupo11/build/servicios
[1.774s] Level 1:colcon.colcon_core.environment:create_environment_scripts_only(servicios)
[1.791s] DEBUG:colcon.colcon_core.event_handler.log_command:Invoked command in '/home/saviveros/RoboticaGrupo11/build/servicios' returned '0': CMAKE_PREFIX_PATH=${CMAKE_PREFIX_PATH}:/home/saviveros/RoboticaGrupo11/install/turtle_bot_nodos:/opt/ros/humble /usr/bin/cmake --install /home/saviveros/RoboticaGrupo11/build/servicios
[1.797s] Level 1:colcon.colcon_core.environment:checking '/home/saviveros/RoboticaGrupo11/install/servicios' for CMake module files
[1.799s] Level 1:colcon.colcon_core.environment:checking '/home/saviveros/RoboticaGrupo11/install/servicios' for CMake config files
[1.799s] Level 1:colcon.colcon_core.shell:create_environment_hook('servicios', 'cmake_prefix_path')
[1.803s] INFO:colcon.colcon_core.shell:Creating environment hook '/home/saviveros/RoboticaGrupo11/install/servicios/share/servicios/hook/cmake_prefix_path.ps1'
[1.804s] INFO:colcon.colcon_core.shell:Creating environment descriptor '/home/saviveros/RoboticaGrupo11/install/servicios/share/servicios/hook/cmake_prefix_path.dsv'
[1.805s] INFO:colcon.colcon_core.shell:Creating environment hook '/home/saviveros/RoboticaGrupo11/install/servicios/share/servicios/hook/cmake_prefix_path.sh'
[1.806s] Level 1:colcon.colcon_core.environment:checking '/home/saviveros/RoboticaGrupo11/install/servicios/lib'
[1.807s] Level 1:colcon.colcon_core.shell:create_environment_hook('servicios', 'ld_library_path_lib')
[1.811s] INFO:colcon.colcon_core.shell:Creating environment hook '/home/saviveros/RoboticaGrupo11/install/servicios/share/servicios/hook/ld_library_path_lib.ps1'
[1.812s] INFO:colcon.colcon_core.shell:Creating environment descriptor '/home/saviveros/RoboticaGrupo11/install/servicios/share/servicios/hook/ld_library_path_lib.dsv'
[1.813s] INFO:colcon.colcon_core.shell:Creating environment hook '/home/saviveros/RoboticaGrupo11/install/servicios/share/servicios/hook/ld_library_path_lib.sh'
[1.814s] Level 1:colcon.colcon_core.environment:checking '/home/saviveros/RoboticaGrupo11/install/servicios/bin'
[1.814s] Level 1:colcon.colcon_core.environment:checking '/home/saviveros/RoboticaGrupo11/install/servicios/lib/pkgconfig/servicios.pc'
[1.814s] Level 1:colcon.colcon_core.environment:checking '/home/saviveros/RoboticaGrupo11/install/servicios/lib/python3.10/site-packages'
[1.814s] Level 1:colcon.colcon_core.environment:checking '/home/saviveros/RoboticaGrupo11/install/servicios/bin'
[1.816s] INFO:colcon.colcon_core.shell:Creating package script '/home/saviveros/RoboticaGrupo11/install/servicios/share/servicios/package.ps1'
[1.818s] INFO:colcon.colcon_core.shell:Creating package descriptor '/home/saviveros/RoboticaGrupo11/install/servicios/share/servicios/package.dsv'
[1.819s] INFO:colcon.colcon_core.shell:Creating package script '/home/saviveros/RoboticaGrupo11/install/servicios/share/servicios/package.sh'
[1.820s] INFO:colcon.colcon_core.shell:Creating package script '/home/saviveros/RoboticaGrupo11/install/servicios/share/servicios/package.bash'
[1.822s] INFO:colcon.colcon_core.shell:Creating package script '/home/saviveros/RoboticaGrupo11/install/servicios/share/servicios/package.zsh'
[1.824s] Level 1:colcon.colcon_core.environment:create_file_with_runtime_dependencies(/home/saviveros/RoboticaGrupo11/install/servicios/share/colcon-core/packages/servicios)
[2.013s] Level 1:colcon.colcon_core.environment:create_environment_scripts_only(servicios)
[2.015s] Level 1:colcon.colcon_core.environment:checking '/home/saviveros/RoboticaGrupo11/install/servicios' for CMake module files
[2.017s] Level 1:colcon.colcon_core.environment:checking '/home/saviveros/RoboticaGrupo11/install/servicios' for CMake config files
[2.017s] Level 1:colcon.colcon_core.shell:create_environment_hook('servicios', 'cmake_prefix_path')
[2.019s] INFO:colcon.colcon_core.shell:Creating environment hook '/home/saviveros/RoboticaGrupo11/install/servicios/share/servicios/hook/cmake_prefix_path.ps1'
[2.020s] INFO:colcon.colcon_core.shell:Creating environment descriptor '/home/saviveros/RoboticaGrupo11/install/servicios/share/servicios/hook/cmake_prefix_path.dsv'
[2.020s] INFO:colcon.colcon_core.shell:Creating environment hook '/home/saviveros/RoboticaGrupo11/install/servicios/share/servicios/hook/cmake_prefix_path.sh'
[2.021s] Level 1:colcon.colcon_core.environment:checking '/home/saviveros/RoboticaGrupo11/install/servicios/lib'
[2.022s] Level 1:colcon.colcon_core.shell:create_environment_hook('servicios', 'ld_library_path_lib')
[2.024s] INFO:colcon.colcon_core.shell:Creating environment hook '/home/saviveros/RoboticaGrupo11/install/servicios/share/servicios/hook/ld_library_path_lib.ps1'
[2.026s] INFO:colcon.colcon_core.shell:Creating environment descriptor '/home/saviveros/RoboticaGrupo11/install/servicios/share/servicios/hook/ld_library_path_lib.dsv'
[2.026s] INFO:colcon.colcon_core.shell:Creating environment hook '/home/saviveros/RoboticaGrupo11/install/servicios/share/servicios/hook/ld_library_path_lib.sh'
[2.027s] Level 1:colcon.colcon_core.environment:checking '/home/saviveros/RoboticaGrupo11/install/servicios/bin'
[2.027s] Level 1:colcon.colcon_core.environment:checking '/home/saviveros/RoboticaGrupo11/install/servicios/lib/pkgconfig/servicios.pc'
[2.028s] Level 1:colcon.colcon_core.environment:checking '/home/saviveros/RoboticaGrupo11/install/servicios/lib/python3.10/site-packages'
[2.028s] Level 1:colcon.colcon_core.environment:checking '/home/saviveros/RoboticaGrupo11/install/servicios/bin'
[2.030s] INFO:colcon.colcon_core.shell:Creating package script '/home/saviveros/RoboticaGrupo11/install/servicios/share/servicios/package.ps1'
[2.031s] INFO:colcon.colcon_core.shell:Creating package descriptor '/home/saviveros/RoboticaGrupo11/install/servicios/share/servicios/package.dsv'
[2.031s] INFO:colcon.colcon_core.shell:Creating package script '/home/saviveros/RoboticaGrupo11/install/servicios/share/servicios/package.sh'
[2.032s] INFO:colcon.colcon_core.shell:Creating package script '/home/saviveros/RoboticaGrupo11/install/servicios/share/servicios/package.bash'
[2.032s] INFO:colcon.colcon_core.shell:Creating package script '/home/saviveros/RoboticaGrupo11/install/servicios/share/servicios/package.zsh'
[2.033s] Level 1:colcon.colcon_core.environment:create_file_with_runtime_dependencies(/home/saviveros/RoboticaGrupo11/install/servicios/share/colcon-core/packages/servicios)
[2.284s] DEBUG:colcon.colcon_core.event_handler.log_command:Invoking command in '/home/saviveros/RoboticaGrupo11/src/turtle_bot_nodos': PYTHONPATH=/home/saviveros/RoboticaGrupo11/build/turtle_bot_nodos/prefix_override:/home/saviveros/RoboticaGrupo11/install/turtle_bot_nodos/lib/python3.10/site-packages:${PYTHONPATH} /usr/bin/python3 setup.py egg_info --egg-base ../../build/turtle_bot_nodos build --build-base /home/saviveros/RoboticaGrupo11/build/turtle_bot_nodos/build install --record /home/saviveros/RoboticaGrupo11/build/turtle_bot_nodos/install.log --single-version-externally-managed
[2.734s] Level 1:colcon.colcon_core.environment:checking '/home/saviveros/RoboticaGrupo11/install/turtle_bot_nodos' for CMake module files
[2.735s] DEBUG:colcon.colcon_core.event_handler.log_command:Invoked command in '/home/saviveros/RoboticaGrupo11/src/turtle_bot_nodos' returned '0': PYTHONPATH=/home/saviveros/RoboticaGrupo11/build/turtle_bot_nodos/prefix_override:/home/saviveros/RoboticaGrupo11/install/turtle_bot_nodos/lib/python3.10/site-packages:${PYTHONPATH} /usr/bin/python3 setup.py egg_info --egg-base ../../build/turtle_bot_nodos build --build-base /home/saviveros/RoboticaGrupo11/build/turtle_bot_nodos/build install --record /home/saviveros/RoboticaGrupo11/build/turtle_bot_nodos/install.log --single-version-externally-managed
[2.736s] Level 1:colcon.colcon_core.environment:checking '/home/saviveros/RoboticaGrupo11/install/turtle_bot_nodos' for CMake config files
[2.737s] Level 1:colcon.colcon_core.environment:checking '/home/saviveros/RoboticaGrupo11/install/turtle_bot_nodos/lib'
[2.737s] Level 1:colcon.colcon_core.environment:checking '/home/saviveros/RoboticaGrupo11/install/turtle_bot_nodos/bin'
[2.737s] Level 1:colcon.colcon_core.environment:checking '/home/saviveros/RoboticaGrupo11/install/turtle_bot_nodos/lib/pkgconfig/turtle_bot_nodos.pc'
[2.738s] Level 1:colcon.colcon_core.environment:checking '/home/saviveros/RoboticaGrupo11/install/turtle_bot_nodos/lib/python3.10/site-packages'
[2.738s] Level 1:colcon.colcon_core.shell:create_environment_hook('turtle_bot_nodos', 'pythonpath')
[2.740s] INFO:colcon.colcon_core.shell:Creating environment hook '/home/saviveros/RoboticaGrupo11/install/turtle_bot_nodos/share/turtle_bot_nodos/hook/pythonpath.ps1'
[2.741s] INFO:colcon.colcon_core.shell:Creating environment descriptor '/home/saviveros/RoboticaGrupo11/install/turtle_bot_nodos/share/turtle_bot_nodos/hook/pythonpath.dsv'
[2.742s] INFO:colcon.colcon_core.shell:Creating environment hook '/home/saviveros/RoboticaGrupo11/install/turtle_bot_nodos/share/turtle_bot_nodos/hook/pythonpath.sh'
[2.743s] Level 1:colcon.colcon_core.environment:checking '/home/saviveros/RoboticaGrupo11/install/turtle_bot_nodos/bin'
[2.743s] Level 1:colcon.colcon_core.environment:create_environment_scripts_only(turtle_bot_nodos)
[2.745s] INFO:colcon.colcon_core.shell:Creating package script '/home/saviveros/RoboticaGrupo11/install/turtle_bot_nodos/share/turtle_bot_nodos/package.ps1'
[2.745s] INFO:colcon.colcon_core.shell:Creating package descriptor '/home/saviveros/RoboticaGrupo11/install/turtle_bot_nodos/share/turtle_bot_nodos/package.dsv'
[2.746s] INFO:colcon.colcon_core.shell:Creating package script '/home/saviveros/RoboticaGrupo11/install/turtle_bot_nodos/share/turtle_bot_nodos/package.sh'
[2.747s] INFO:colcon.colcon_core.shell:Creating package script '/home/saviveros/RoboticaGrupo11/install/turtle_bot_nodos/share/turtle_bot_nodos/package.bash'
[2.747s] INFO:colcon.colcon_core.shell:Creating package script '/home/saviveros/RoboticaGrupo11/install/turtle_bot_nodos/share/turtle_bot_nodos/package.zsh'
[2.747s] Level 1:colcon.colcon_core.environment:create_file_with_runtime_dependencies(/home/saviveros/RoboticaGrupo11/install/turtle_bot_nodos/share/colcon-core/packages/turtle_bot_nodos)
[2.749s] DEBUG:colcon.colcon_parallel_executor.executor.parallel:closing loop
[2.749s] DEBUG:colcon.colcon_parallel_executor.executor.parallel:loop closed
[2.750s] DEBUG:colcon.colcon_parallel_executor.executor.parallel:run_until_complete finished with '0'
[2.750s] DEBUG:colcon.colcon_core.event_reactor:joining thread
[2.856s] INFO:colcon.colcon_core.plugin_system:Skipping extension 'colcon_notification.desktop_notification.notify_send': Could not find 'notify-send'
[2.856s] INFO:colcon.colcon_core.plugin_system:Skipping extension 'colcon_notification.desktop_notification.terminal_notifier': Not used on non-Darwin systems
[2.856s] INFO:colcon.colcon_core.plugin_system:Skipping extension 'colcon_notification.desktop_notification.win32': Not used on non-Windows systems
[2.856s] INFO:colcon.colcon_notification.desktop_notification:Sending desktop notification using 'notify2'
[2.865s] DEBUG:colcon.colcon_notification.desktop_notification.notify2:Failed to initialize notify2: org.freedesktop.DBus.Error.ServiceUnknown: The name org.freedesktop.Notifications was not provided by any .service files
[2.865s] DEBUG:colcon.colcon_core.event_reactor:joined thread
[2.867s] INFO:colcon.colcon_core.shell:Creating prefix script '/home/saviveros/RoboticaGrupo11/install/local_setup.ps1'
[2.869s] INFO:colcon.colcon_core.shell:Creating prefix util module '/home/saviveros/RoboticaGrupo11/install/_local_setup_util_ps1.py'
[2.872s] INFO:colcon.colcon_core.shell:Creating prefix chain script '/home/saviveros/RoboticaGrupo11/install/setup.ps1'
[2.875s] INFO:colcon.colcon_core.shell:Creating prefix script '/home/saviveros/RoboticaGrupo11/install/local_setup.sh'
[2.877s] INFO:colcon.colcon_core.shell:Creating prefix util module '/home/saviveros/RoboticaGrupo11/install/_local_setup_util_sh.py'
[2.879s] INFO:colcon.colcon_core.shell:Creating prefix chain script '/home/saviveros/RoboticaGrupo11/install/setup.sh'
[2.883s] INFO:colcon.colcon_core.shell:Creating prefix script '/home/saviveros/RoboticaGrupo11/install/local_setup.bash'
[2.884s] INFO:colcon.colcon_core.shell:Creating prefix chain script '/home/saviveros/RoboticaGrupo11/install/setup.bash'
[2.887s] INFO:colcon.colcon_core.shell:Creating prefix script '/home/saviveros/RoboticaGrupo11/install/local_setup.zsh'
[2.889s] INFO:colcon.colcon_core.shell:Creating prefix chain script '/home/saviveros/RoboticaGrupo11/install/setup.zsh'
