[1.122s] Invoking command in '/home/saviveros/RoboticaGrupo11/src/turtle_bot_nodos': PYTHONPATH=/home/saviveros/RoboticaGrupo11/build/turtle_bot_nodos/prefix_override:/home/saviveros/RoboticaGrupo11/install/turtle_bot_nodos/lib/python3.10/site-packages:${PYTHONPATH} /usr/bin/python3 setup.py egg_info --egg-base ../../build/turtle_bot_nodos build --build-base /home/saviveros/RoboticaGrupo11/build/turtle_bot_nodos/build install --record /home/saviveros/RoboticaGrupo11/build/turtle_bot_nodos/install.log --single-version-externally-managed
[1.380s] running egg_info
[1.381s] creating ../../build/turtle_bot_nodos/turtle_bot_nodos.egg-info
[1.381s] writing ../../build/turtle_bot_nodos/turtle_bot_nodos.egg-info/PKG-INFO
[1.381s] writing dependency_links to ../../build/turtle_bot_nodos/turtle_bot_nodos.egg-info/dependency_links.txt
[1.382s] writing entry points to ../../build/turtle_bot_nodos/turtle_bot_nodos.egg-info/entry_points.txt
[1.382s] writing requirements to ../../build/turtle_bot_nodos/turtle_bot_nodos.egg-info/requires.txt
[1.382s] writing top-level names to ../../build/turtle_bot_nodos/turtle_bot_nodos.egg-info/top_level.txt
[1.382s] writing manifest file '../../build/turtle_bot_nodos/turtle_bot_nodos.egg-info/SOURCES.txt'
[1.384s] reading manifest file '../../build/turtle_bot_nodos/turtle_bot_nodos.egg-info/SOURCES.txt'
[1.385s] writing manifest file '../../build/turtle_bot_nodos/turtle_bot_nodos.egg-info/SOURCES.txt'
[1.385s] running build
[1.385s] running build_py
[1.386s] creating /home/saviveros/RoboticaGrupo11/build/turtle_bot_nodos/build
[1.386s] creating /home/saviveros/RoboticaGrupo11/build/turtle_bot_nodos/build/lib
[1.386s] creating /home/saviveros/RoboticaGrupo11/build/turtle_bot_nodos/build/lib/turtle_bot_nodos
[1.386s] copying turtle_bot_nodos/turtle_bot_player.py -> /home/saviveros/RoboticaGrupo11/build/turtle_bot_nodos/build/lib/turtle_bot_nodos
[1.387s] copying turtle_bot_nodos/turtle_bot_save_route.py -> /home/saviveros/RoboticaGrupo11/build/turtle_bot_nodos/build/lib/turtle_bot_nodos
[1.387s] copying turtle_bot_nodos/turtle_bot_teleop.py -> /home/saviveros/RoboticaGrupo11/build/turtle_bot_nodos/build/lib/turtle_bot_nodos
[1.387s] copying turtle_bot_nodos/turtle_bot_interface.py -> /home/saviveros/RoboticaGrupo11/build/turtle_bot_nodos/build/lib/turtle_bot_nodos
[1.387s] copying turtle_bot_nodos/__init__.py -> /home/saviveros/RoboticaGrupo11/build/turtle_bot_nodos/build/lib/turtle_bot_nodos
[1.387s] running install
[1.388s] /usr/lib/python3/dist-packages/setuptools/command/install.py:34: SetuptoolsDeprecationWarning: setup.py install is deprecated. Use build and pip and other standards-based tools.
[1.388s]   warnings.warn(
[1.388s] running install_lib
[1.389s] creating /home/saviveros/RoboticaGrupo11/install/turtle_bot_nodos/lib/python3.10/site-packages/turtle_bot_nodos
[1.389s] copying /home/saviveros/RoboticaGrupo11/build/turtle_bot_nodos/build/lib/turtle_bot_nodos/turtle_bot_player.py -> /home/saviveros/RoboticaGrupo11/install/turtle_bot_nodos/lib/python3.10/site-packages/turtle_bot_nodos
[1.390s] copying /home/saviveros/RoboticaGrupo11/build/turtle_bot_nodos/build/lib/turtle_bot_nodos/turtle_bot_save_route.py -> /home/saviveros/RoboticaGrupo11/install/turtle_bot_nodos/lib/python3.10/site-packages/turtle_bot_nodos
[1.390s] copying /home/saviveros/RoboticaGrupo11/build/turtle_bot_nodos/build/lib/turtle_bot_nodos/turtle_bot_teleop.py -> /home/saviveros/RoboticaGrupo11/install/turtle_bot_nodos/lib/python3.10/site-packages/turtle_bot_nodos
[1.390s] copying /home/saviveros/RoboticaGrupo11/build/turtle_bot_nodos/build/lib/turtle_bot_nodos/turtle_bot_interface.py -> /home/saviveros/RoboticaGrupo11/install/turtle_bot_nodos/lib/python3.10/site-packages/turtle_bot_nodos
[1.390s] copying /home/saviveros/RoboticaGrupo11/build/turtle_bot_nodos/build/lib/turtle_bot_nodos/__init__.py -> /home/saviveros/RoboticaGrupo11/install/turtle_bot_nodos/lib/python3.10/site-packages/turtle_bot_nodos
[1.390s] byte-compiling /home/saviveros/RoboticaGrupo11/install/turtle_bot_nodos/lib/python3.10/site-packages/turtle_bot_nodos/turtle_bot_player.py to turtle_bot_player.cpython-310.pyc
[1.392s] byte-compiling /home/saviveros/RoboticaGrupo11/install/turtle_bot_nodos/lib/python3.10/site-packages/turtle_bot_nodos/turtle_bot_save_route.py to turtle_bot_save_route.cpython-310.pyc
[1.393s] byte-compiling /home/saviveros/RoboticaGrupo11/install/turtle_bot_nodos/lib/python3.10/site-packages/turtle_bot_nodos/turtle_bot_teleop.py to turtle_bot_teleop.cpython-310.pyc
[1.394s] byte-compiling /home/saviveros/RoboticaGrupo11/install/turtle_bot_nodos/lib/python3.10/site-packages/turtle_bot_nodos/turtle_bot_interface.py to turtle_bot_interface.cpython-310.pyc
[1.401s] byte-compiling /home/saviveros/RoboticaGrupo11/install/turtle_bot_nodos/lib/python3.10/site-packages/turtle_bot_nodos/__init__.py to __init__.cpython-310.pyc
[1.401s] running install_data
[1.402s] creating /home/saviveros/RoboticaGrupo11/install/turtle_bot_nodos/share/ament_index
[1.403s] creating /home/saviveros/RoboticaGrupo11/install/turtle_bot_nodos/share/ament_index/resource_index
[1.403s] creating /home/saviveros/RoboticaGrupo11/install/turtle_bot_nodos/share/ament_index/resource_index/packages
[1.403s] copying resource/turtle_bot_nodos -> /home/saviveros/RoboticaGrupo11/install/turtle_bot_nodos/share/ament_index/resource_index/packages
[1.403s] copying package.xml -> /home/saviveros/RoboticaGrupo11/install/turtle_bot_nodos/share/turtle_bot_nodos
[1.403s] running install_egg_info
[1.405s] Copying ../../build/turtle_bot_nodos/turtle_bot_nodos.egg-info to /home/saviveros/RoboticaGrupo11/install/turtle_bot_nodos/lib/python3.10/site-packages/turtle_bot_nodos-0.0.0-py3.10.egg-info
[1.406s] running install_scripts
[1.432s] Installing turtle_bot_interface script to /home/saviveros/RoboticaGrupo11/install/turtle_bot_nodos/lib/turtle_bot_nodos
[1.433s] Installing turtle_bot_player script to /home/saviveros/RoboticaGrupo11/install/turtle_bot_nodos/lib/turtle_bot_nodos
[1.433s] Installing turtle_bot_save_route script to /home/saviveros/RoboticaGrupo11/install/turtle_bot_nodos/lib/turtle_bot_nodos
[1.433s] Installing turtle_bot_teleop_ script to /home/saviveros/RoboticaGrupo11/install/turtle_bot_nodos/lib/turtle_bot_nodos
[1.434s] writing list of installed files to '/home/saviveros/RoboticaGrupo11/build/turtle_bot_nodos/install.log'
[1.468s] Invoked command in '/home/saviveros/RoboticaGrupo11/src/turtle_bot_nodos' returned '0': PYTHONPATH=/home/saviveros/RoboticaGrupo11/build/turtle_bot_nodos/prefix_override:/home/saviveros/RoboticaGrupo11/install/turtle_bot_nodos/lib/python3.10/site-packages:${PYTHONPATH} /usr/bin/python3 setup.py egg_info --egg-base ../../build/turtle_bot_nodos build --build-base /home/saviveros/RoboticaGrupo11/build/turtle_bot_nodos/build install --record /home/saviveros/RoboticaGrupo11/build/turtle_bot_nodos/install.log --single-version-externally-managed
