[0.023s] Invoking command in '/home/saviveros/RoboticaGrupo11/build/servicios': CMAKE_PREFIX_PATH=/opt/ros/humble /usr/bin/cmake /home/saviveros/RoboticaGrupo11/src/servicios -DCMAKE_INSTALL_PREFIX=/home/saviveros/RoboticaGrupo11/install/servicios
[0.189s] -- The C compiler identification is GNU 11.3.0
[0.684s] -- The CXX compiler identification is GNU 11.3.0
[1.076s] -- Detecting C compiler ABI info
[1.231s] -- Detecting C compiler ABI info - done
[1.240s] -- Check for working C compiler: /usr/bin/cc - skipped
[1.240s] -- Detecting C compile features
[1.241s] -- Detecting C compile features - done
[1.247s] -- Detecting CXX compiler ABI info
[1.412s] -- Detecting CXX compiler ABI info - done
[1.419s] -- Check for working CXX compiler: /usr/bin/c++ - skipped
[1.419s] -- Detecting CXX compile features
[1.419s] -- Detecting CXX compile features - done
[1.421s] -- Found ament_cmake: 1.3.3 (/opt/ros/humble/share/ament_cmake/cmake)
[1.594s] -- Found Python3: /usr/bin/python3.10 (found version "3.10.6") found components: Interpreter 
[1.672s] -- Found geometry_msgs: 4.2.3 (/opt/ros/humble/share/geometry_msgs/cmake)
[1.817s] -- Found rosidl_generator_c: 3.1.4 (/opt/ros/humble/share/rosidl_generator_c/cmake)
[1.821s] -- Found rosidl_adapter: 3.1.4 (/opt/ros/humble/share/rosidl_adapter/cmake)
[1.828s] -- Found rosidl_generator_cpp: 3.1.4 (/opt/ros/humble/share/rosidl_generator_cpp/cmake)
[1.838s] -- Using all available rosidl_typesupport_c: rosidl_typesupport_fastrtps_c;rosidl_typesupport_introspection_c
[1.855s] -- Using all available rosidl_typesupport_cpp: rosidl_typesupport_fastrtps_cpp;rosidl_typesupport_introspection_cpp
[1.965s] -- Found rosidl_default_generators: 1.2.0 (/opt/ros/humble/share/rosidl_default_generators/cmake)
[1.972s] [31mCMake Error at /opt/ros/humble/share/rosidl_cmake/cmake/rosidl_generate_interfaces.cmake:93 (message):
[1.972s]   rosidl_generate_interfaces() the passed file 'srv/SaveRoute.srv' doesn't
[1.972s]   exist relative to the CMAKE_CURRENT_SOURCE_DIR
[1.972s]   '/home/saviveros/RoboticaGrupo11/src/servicios'
[1.972s] Call Stack (most recent call first):
[1.972s]   CMakeLists.txt:13 (rosidl_generate_interfaces)
[1.972s] 
[1.972s] [0m
[1.972s] -- Configuring incomplete, errors occurred!
[1.973s] See also "/home/saviveros/RoboticaGrupo11/build/servicios/CMakeFiles/CMakeOutput.log".
[1.979s] Invoked command in '/home/saviveros/RoboticaGrupo11/build/servicios' returned '1': CMAKE_PREFIX_PATH=/opt/ros/humble /usr/bin/cmake /home/saviveros/RoboticaGrupo11/src/servicios -DCMAKE_INSTALL_PREFIX=/home/saviveros/RoboticaGrupo11/install/servicios
