In file included from [01m[K/home/saviveros/RoboticaGrupo11/build/servicios/rosidl_generator_c/servicios/srv/detail/end__functions.h:19[m[K,
                 from [01m[K/home/saviveros/RoboticaGrupo11/build/servicios/rosidl_generator_c/servicios/srv/detail/end__functions.c:4[m[K:
[01m[K/home/saviveros/RoboticaGrupo11/build/servicios/rosidl_generator_c/servicios/srv/detail/end__struct.h:22:10:[m[K [01;31m[Kfatal error: [m[Kservicios/msg/detail/bool__struct.h: No such file or directory
   22 | #include [01;31m[K"servicios/msg/detail/bool__struct.h"[m[K
      |          [01;31m[K^~~~~~~~~~~~~~~~~~~~~~~~~~~~~~~~~~~~~[m[K
compilation terminated.
In file included from [01m[K/home/saviveros/RoboticaGrupo11/build/servicios/rosidl_generator_c/servicios/srv/detail/save__functions.h:19[m[K,
                 from [01m[K/home/saviveros/RoboticaGrupo11/build/servicios/rosidl_generator_c/servicios/srv/detail/save__functions.c:4[m[K:
[01m[K/home/saviveros/RoboticaGrupo11/build/servicios/rosidl_generator_c/servicios/srv/detail/save__struct.h:22:10:[m[K [01;31m[Kfatal error: [m[Kservicios/msg/detail/bool__struct.h: No such file or directory
   22 | #include [01;31m[K"servicios/msg/detail/bool__struct.h"[m[K
      |          [01;31m[K^~~~~~~~~~~~~~~~~~~~~~~~~~~~~~~~~~~~~[m[K
compilation terminated.
gmake[2]: *** [CMakeFiles/servicios__rosidl_generator_c.dir/build.make:224: CMakeFiles/servicios__rosidl_generator_c.dir/rosidl_generator_c/servicios/srv/detail/end__functions.c.o] Error 1
gmake[2]: *** Waiting for unfinished jobs....
gmake[2]: *** [CMakeFiles/servicios__rosidl_generator_c.dir/build.make:210: CMakeFiles/servicios__rosidl_generator_c.dir/rosidl_generator_c/servicios/srv/detail/save__functions.c.o] Error 1
gmake[1]: *** [CMakeFiles/Makefile2:213: CMakeFiles/servicios__rosidl_generator_c.dir/all] Error 2
gmake[1]: *** Waiting for unfinished jobs....
In file included from [01m[K/home/saviveros/RoboticaGrupo11/build/servicios/rosidl_typesupport_cpp/servicios/srv/end__type_support.cpp:7[m[K:
[01m[K/home/saviveros/RoboticaGrupo11/build/servicios/rosidl_generator_cpp/servicios/srv/detail/end__struct.hpp:20:10:[m[K [01;31m[Kfatal error: [m[Kservicios/msg/detail/bool__struct.hpp: No such file or directory
   20 | #include [01;31m[K"servicios/msg/detail/bool__struct.hpp"[m[K
      |          [01;31m[K^~~~~~~~~~~~~~~~~~~~~~~~~~~~~~~~~~~~~~~[m[K
compilation terminated.
gmake[2]: *** [CMakeFiles/servicios__rosidl_typesupport_cpp.dir/build.make:181: CMakeFiles/servicios__rosidl_typesupport_cpp.dir/rosidl_typesupport_cpp/servicios/srv/end__type_support.cpp.o] Error 1
gmake[2]: *** Waiting for unfinished jobs....
In file included from [01m[K/home/saviveros/RoboticaGrupo11/build/servicios/rosidl_typesupport_cpp/servicios/srv/save__type_support.cpp:7[m[K:
[01m[K/home/saviveros/RoboticaGrupo11/build/servicios/rosidl_generator_cpp/servicios/srv/detail/save__struct.hpp:20:10:[m[K [01;31m[Kfatal error: [m[Kservicios/msg/detail/bool__struct.hpp: No such file or directory
   20 | #include [01;31m[K"servicios/msg/detail/bool__struct.hpp"[m[K
      |          [01;31m[K^~~~~~~~~~~~~~~~~~~~~~~~~~~~~~~~~~~~~~~[m[K
compilation terminated.
gmake[2]: *** [CMakeFiles/servicios__rosidl_typesupport_cpp.dir/build.make:167: CMakeFiles/servicios__rosidl_typesupport_cpp.dir/rosidl_typesupport_cpp/servicios/srv/save__type_support.cpp.o] Error 1
In file included from [01m[K/home/saviveros/RoboticaGrupo11/build/servicios/rosidl_typesupport_introspection_cpp/servicios/srv/detail/save__type_support.cpp:12[m[K:
[01m[K/home/saviveros/RoboticaGrupo11/build/servicios/rosidl_generator_cpp/servicios/srv/detail/save__struct.hpp:20:10:[m[K [01;31m[Kfatal error: [m[Kservicios/msg/detail/bool__struct.hpp: No such file or directory
   20 | #include [01;31m[K"servicios/msg/detail/bool__struct.hpp"[m[K
      |          [01;31m[K^~~~~~~~~~~~~~~~~~~~~~~~~~~~~~~~~~~~~~~[m[K
compilation terminated.
In file included from [01m[K/home/saviveros/RoboticaGrupo11/build/servicios/rosidl_typesupport_introspection_cpp/servicios/srv/detail/end__type_support.cpp:12[m[K:
[01m[K/home/saviveros/RoboticaGrupo11/build/servicios/rosidl_generator_cpp/servicios/srv/detail/end__struct.hpp:20:10:[m[K [01;31m[Kfatal error: [m[Kservicios/msg/detail/bool__struct.hpp: No such file or directory
   20 | #include [01;31m[K"servicios/msg/detail/bool__struct.hpp"[m[K
      |          [01;31m[K^~~~~~~~~~~~~~~~~~~~~~~~~~~~~~~~~~~~~~~[m[K
compilation terminated.
gmake[2]: *** [CMakeFiles/servicios__rosidl_typesupport_introspection_cpp.dir/build.make:178: CMakeFiles/servicios__rosidl_typesupport_introspection_cpp.dir/rosidl_typesupport_introspection_cpp/servicios/srv/detail/save__type_support.cpp.o] Error 1
gmake[2]: *** Waiting for unfinished jobs....
gmake[2]: *** [CMakeFiles/servicios__rosidl_typesupport_introspection_cpp.dir/build.make:192: CMakeFiles/servicios__rosidl_typesupport_introspection_cpp.dir/rosidl_typesupport_introspection_cpp/servicios/srv/detail/end__type_support.cpp.o] Error 1
In file included from [01m[K/home/saviveros/RoboticaGrupo11/build/servicios/rosidl_typesupport_fastrtps_cpp/servicios/srv/detail/save__rosidl_typesupport_fastrtps_cpp.hpp:11[m[K,
                 from [01m[K/home/saviveros/RoboticaGrupo11/build/servicios/rosidl_typesupport_fastrtps_cpp/servicios/srv/detail/dds_fastrtps/save__type_support.cpp:4[m[K:
[01m[K/home/saviveros/RoboticaGrupo11/build/servicios/rosidl_generator_cpp/servicios/srv/detail/save__struct.hpp:20:10:[m[K [01;31m[Kfatal error: [m[Kservicios/msg/detail/bool__struct.hpp: No such file or directory
   20 | #include [01;31m[K"servicios/msg/detail/bool__struct.hpp"[m[K
      |          [01;31m[K^~~~~~~~~~~~~~~~~~~~~~~~~~~~~~~~~~~~~~~[m[K
compilation terminated.
gmake[2]: *** [CMakeFiles/servicios__rosidl_typesupport_fastrtps_cpp.dir/build.make:178: CMakeFiles/servicios__rosidl_typesupport_fastrtps_cpp.dir/rosidl_typesupport_fastrtps_cpp/servicios/srv/detail/dds_fastrtps/save__type_support.cpp.o] Error 1
gmake[2]: *** Waiting for unfinished jobs....
In file included from [01m[K/home/saviveros/RoboticaGrupo11/build/servicios/rosidl_typesupport_fastrtps_cpp/servicios/srv/detail/end__rosidl_typesupport_fastrtps_cpp.hpp:11[m[K,
                 from [01m[K/home/saviveros/RoboticaGrupo11/build/servicios/rosidl_typesupport_fastrtps_cpp/servicios/srv/detail/dds_fastrtps/end__type_support.cpp:4[m[K:
[01m[K/home/saviveros/RoboticaGrupo11/build/servicios/rosidl_generator_cpp/servicios/srv/detail/end__struct.hpp:20:10:[m[K [01;31m[Kfatal error: [m[Kservicios/msg/detail/bool__struct.hpp: No such file or directory
   20 | #include [01;31m[K"servicios/msg/detail/bool__struct.hpp"[m[K
      |          [01;31m[K^~~~~~~~~~~~~~~~~~~~~~~~~~~~~~~~~~~~~~~[m[K
compilation terminated.
gmake[2]: *** [CMakeFiles/servicios__rosidl_typesupport_fastrtps_cpp.dir/build.make:192: CMakeFiles/servicios__rosidl_typesupport_fastrtps_cpp.dir/rosidl_typesupport_fastrtps_cpp/servicios/srv/detail/dds_fastrtps/end__type_support.cpp.o] Error 1
gmake[1]: *** [CMakeFiles/Makefile2:395: CMakeFiles/servicios__rosidl_typesupport_cpp.dir/all] Error 2
gmake[1]: *** [CMakeFiles/Makefile2:369: CMakeFiles/servicios__rosidl_typesupport_introspection_cpp.dir/all] Error 2
gmake[1]: *** [CMakeFiles/Makefile2:291: CMakeFiles/servicios__rosidl_typesupport_fastrtps_cpp.dir/all] Error 2
gmake: *** [Makefile:146: all] Error 2
