-- The C compiler identification is GNU 11.3.0
-- The CXX compiler identification is GNU 11.3.0
-- Detecting C compiler ABI info
-- Detecting C compiler ABI info - done
-- Check for working C compiler: /usr/bin/cc - skipped
-- Detecting C compile features
-- Detecting C compile features - done
-- Detecting CXX compiler ABI info
-- Detecting CXX compiler ABI info - done
-- Check for working CXX compiler: /usr/bin/c++ - skipped
-- Detecting CXX compile features
-- Detecting CXX compile features - done
-- Found ament_cmake: 1.3.3 (/opt/ros/humble/share/ament_cmake/cmake)
-- Found Python3: /usr/bin/python3.10 (found version "3.10.6") found components: Interpreter 
-- Found geometry_msgs: 4.2.3 (/opt/ros/humble/share/geometry_msgs/cmake)
-- Found rosidl_generator_c: 3.1.4 (/opt/ros/humble/share/rosidl_generator_c/cmake)
-- Found rosidl_adapter: 3.1.4 (/opt/ros/humble/share/rosidl_adapter/cmake)
-- Found rosidl_generator_cpp: 3.1.4 (/opt/ros/humble/share/rosidl_generator_cpp/cmake)
-- Using all available rosidl_typesupport_c: rosidl_typesupport_fastrtps_c;rosidl_typesupport_introspection_c
-- Using all available rosidl_typesupport_cpp: rosidl_typesupport_fastrtps_cpp;rosidl_typesupport_introspection_cpp
-- Found rosidl_default_generators: 1.2.0 (/opt/ros/humble/share/rosidl_default_generators/cmake)
-- Found ament_cmake_ros: 0.10.0 (/opt/ros/humble/share/ament_cmake_ros/cmake)
-- Using all available rosidl_typesupport_c: rosidl_typesupport_fastrtps_c;rosidl_typesupport_introspection_c
-- Using all available rosidl_typesupport_cpp: rosidl_typesupport_fastrtps_cpp;rosidl_typesupport_introspection_cpp
-- Found PythonInterp: /usr/bin/python3 (found suitable version "3.10.6", minimum required is "3.6") 
-- Found python_cmake_module: 0.10.0 (/opt/ros/humble/share/python_cmake_module/cmake)
-- Found PythonLibs: /usr/lib/x86_64-linux-gnu/libpython3.10.so (found suitable version "3.10.6", minimum required is "3.5") 
-- Using PYTHON_EXECUTABLE: /usr/bin/python3
-- Using PYTHON_INCLUDE_DIRS: /usr/include/python3.10
-- Using PYTHON_LIBRARIES: /usr/lib/x86_64-linux-gnu/libpython3.10.so
-- Found PythonExtra: .so  
-- Found ament_lint_auto: 0.12.5 (/opt/ros/humble/share/ament_lint_auto/cmake)
-- Added test 'lint_cmake' to check CMake code style
-- Added test 'xmllint' to check XML markup files
-- Configuring done
-- Generating done
-- Build files have been written to: /home/saviveros/RoboticaGrupo11/build/servicios
[  2%] [34m[1mGenerating C code for ROS interfaces[0m
[  4%] [34m[1mGenerating C++ code for ROS interfaces[0m
[  4%] Built target ament_cmake_python_copy_servicios
running egg_info
creating servicios.egg-info
writing servicios.egg-info/PKG-INFO
writing dependency_links to servicios.egg-info/dependency_links.txt
writing top-level names to servicios.egg-info/top_level.txt
writing manifest file 'servicios.egg-info/SOURCES.txt'
reading manifest file 'servicios.egg-info/SOURCES.txt'
writing manifest file 'servicios.egg-info/SOURCES.txt'
[  4%] Built target ament_cmake_python_build_servicios_egg
[  8%] [32mBuilding C object CMakeFiles/servicios__rosidl_generator_c.dir/rosidl_generator_c/servicios/srv/detail/end__functions.c.o[0m
[ 10%] [32mBuilding C object CMakeFiles/servicios__rosidl_generator_c.dir/rosidl_generator_c/servicios/srv/detail/reproduce_route__functions.c.o[0m
[ 10%] [32mBuilding C object CMakeFiles/servicios__rosidl_generator_c.dir/rosidl_generator_c/servicios/srv/detail/save__functions.c.o[0m
In file included from [01m[K/home/saviveros/RoboticaGrupo11/build/servicios/rosidl_generator_c/servicios/srv/detail/end__functions.h:19[m[K,
                 from [01m[K/home/saviveros/RoboticaGrupo11/build/servicios/rosidl_generator_c/servicios/srv/detail/end__functions.c:4[m[K:
[01m[K/home/saviveros/RoboticaGrupo11/build/servicios/rosidl_generator_c/servicios/srv/detail/end__struct.h:22:10:[m[K [01;31m[Kfatal error: [m[Kservicios/msg/detail/bool__struct.h: No such file or directory
   22 | #include [01;31m[K"servicios/msg/detail/bool__struct.h"[m[K
      |          [01;31m[K^~~~~~~~~~~~~~~~~~~~~~~~~~~~~~~~~~~~~[m[K
compilation terminated.
In file included from [01m[K/home/saviveros/RoboticaGrupo11/build/servicios/rosidl_generator_c/servicios/srv/detail/save__functions.h:19[m[K,
                 from [01m[K/home/saviveros/RoboticaGrupo11/build/servicios/rosidl_generator_c/servicios/srv/detail/save__functions.c:4[m[K:
[01m[K/home/saviveros/RoboticaGrupo11/build/servicios/rosidl_generator_c/servicios/srv/detail/save__struct.h:22:10:[m[K [01;31m[Kfatal error: [m[Kservicios/msg/detail/bool__struct.h: No such file or directory
   22 | #include [01;31m[K"servicios/msg/detail/bool__struct.h"[m[K
      |          [01;31m[K^~~~~~~~~~~~~~~~~~~~~~~~~~~~~~~~~~~~~[m[K
compilation terminated.
gmake[2]: *** [CMakeFiles/servicios__rosidl_generator_c.dir/build.make:224: CMakeFiles/servicios__rosidl_generator_c.dir/rosidl_generator_c/servicios/srv/detail/end__functions.c.o] Error 1
gmake[2]: *** Waiting for unfinished jobs....
gmake[2]: *** [CMakeFiles/servicios__rosidl_generator_c.dir/build.make:210: CMakeFiles/servicios__rosidl_generator_c.dir/rosidl_generator_c/servicios/srv/detail/save__functions.c.o] Error 1
[ 10%] Built target servicios__cpp
gmake[1]: *** [CMakeFiles/Makefile2:213: CMakeFiles/servicios__rosidl_generator_c.dir/all] Error 2
gmake[1]: *** Waiting for unfinished jobs....
[ 12%] [34m[1mGenerating C++ type support dispatch for ROS interfaces[0m
[ 14%] [34m[1mGenerating C++ type support for eProsima Fast-RTPS[0m
[ 17%] [34m[1mGenerating C++ introspection for ROS interfaces[0m
[ 19%] [32mBuilding CXX object CMakeFiles/servicios__rosidl_typesupport_cpp.dir/rosidl_typesupport_cpp/servicios/srv/end__type_support.cpp.o[0m
[ 23%] [32mBuilding CXX object CMakeFiles/servicios__rosidl_typesupport_cpp.dir/rosidl_typesupport_cpp/servicios/srv/save__type_support.cpp.o[0m
[ 23%] [32mBuilding CXX object CMakeFiles/servicios__rosidl_typesupport_cpp.dir/rosidl_typesupport_cpp/servicios/srv/reproduce_route__type_support.cpp.o[0m
[ 27%] [32mBuilding CXX object CMakeFiles/servicios__rosidl_typesupport_introspection_cpp.dir/rosidl_typesupport_introspection_cpp/servicios/srv/detail/reproduce_route__type_support.cpp.o[0m
[ 27%] [32mBuilding CXX object CMakeFiles/servicios__rosidl_typesupport_introspection_cpp.dir/rosidl_typesupport_introspection_cpp/servicios/srv/detail/save__type_support.cpp.o[0m
[ 29%] [32mBuilding CXX object CMakeFiles/servicios__rosidl_typesupport_introspection_cpp.dir/rosidl_typesupport_introspection_cpp/servicios/srv/detail/end__type_support.cpp.o[0m
In file included from [01m[K/home/saviveros/RoboticaGrupo11/build/servicios/rosidl_typesupport_cpp/servicios/srv/end__type_support.cpp:7[m[K:
[01m[K/home/saviveros/RoboticaGrupo11/build/servicios/rosidl_generator_cpp/servicios/srv/detail/end__struct.hpp:20:10:[m[K [01;31m[Kfatal error: [m[Kservicios/msg/detail/bool__struct.hpp: No such file or directory
   20 | #include [01;31m[K"servicios/msg/detail/bool__struct.hpp"[m[K
      |          [01;31m[K^~~~~~~~~~~~~~~~~~~~~~~~~~~~~~~~~~~~~~~[m[K
compilation terminated.
gmake[2]: *** [CMakeFiles/servicios__rosidl_typesupport_cpp.dir/build.make:181: CMakeFiles/servicios__rosidl_typesupport_cpp.dir/rosidl_typesupport_cpp/servicios/srv/end__type_support.cpp.o] Error 1
gmake[2]: *** Waiting for unfinished jobs....
In file included from [01m[K/home/saviveros/RoboticaGrupo11/build/servicios/rosidl_typesupport_cpp/servicios/srv/save__type_support.cpp:7[m[K:
[01m[K/home/saviveros/RoboticaGrupo11/build/servicios/rosidl_generator_cpp/servicios/srv/detail/save__struct.hpp:20:10:[m[K [01;31m[Kfatal error: [m[Kservicios/msg/detail/bool__struct.hpp: No such file or directory
   20 | #include [01;31m[K"servicios/msg/detail/bool__struct.hpp"[m[K
      |          [01;31m[K^~~~~~~~~~~~~~~~~~~~~~~~~~~~~~~~~~~~~~~[m[K
compilation terminated.
gmake[2]: *** [CMakeFiles/servicios__rosidl_typesupport_cpp.dir/build.make:167: CMakeFiles/servicios__rosidl_typesupport_cpp.dir/rosidl_typesupport_cpp/servicios/srv/save__type_support.cpp.o] Error 1
In file included from [01m[K/home/saviveros/RoboticaGrupo11/build/servicios/rosidl_typesupport_introspection_cpp/servicios/srv/detail/save__type_support.cpp:12[m[K:
[01m[K/home/saviveros/RoboticaGrupo11/build/servicios/rosidl_generator_cpp/servicios/srv/detail/save__struct.hpp:20:10:[m[K [01;31m[Kfatal error: [m[Kservicios/msg/detail/bool__struct.hpp: No such file or directory
   20 | #include [01;31m[K"servicios/msg/detail/bool__struct.hpp"[m[K
      |          [01;31m[K^~~~~~~~~~~~~~~~~~~~~~~~~~~~~~~~~~~~~~~[m[K
compilation terminated.
In file included from [01m[K/home/saviveros/RoboticaGrupo11/build/servicios/rosidl_typesupport_introspection_cpp/servicios/srv/detail/end__type_support.cpp:12[m[K:
[01m[K/home/saviveros/RoboticaGrupo11/build/servicios/rosidl_generator_cpp/servicios/srv/detail/end__struct.hpp:20:10:[m[K [01;31m[Kfatal error: [m[Kservicios/msg/detail/bool__struct.hpp: No such file or directory
   20 | #include [01;31m[K"servicios/msg/detail/bool__struct.hpp"[m[K
      |          [01;31m[K^~~~~~~~~~~~~~~~~~~~~~~~~~~~~~~~~~~~~~~[m[K
compilation terminated.
[ 31%] [32mBuilding CXX object CMakeFiles/servicios__rosidl_typesupport_fastrtps_cpp.dir/rosidl_typesupport_fastrtps_cpp/servicios/srv/detail/dds_fastrtps/reproduce_route__type_support.cpp.o[0m
gmake[2]: *** [CMakeFiles/servicios__rosidl_typesupport_introspection_cpp.dir/build.make:178: CMakeFiles/servicios__rosidl_typesupport_introspection_cpp.dir/rosidl_typesupport_introspection_cpp/servicios/srv/detail/save__type_support.cpp.o] Error 1
gmake[2]: *** Waiting for unfinished jobs....
[ 36%] [32mBuilding CXX object CMakeFiles/servicios__rosidl_typesupport_fastrtps_cpp.dir/rosidl_typesupport_fastrtps_cpp/servicios/srv/detail/dds_fastrtps/end__type_support.cpp.o[0m
[ 36%] [32mBuilding CXX object CMakeFiles/servicios__rosidl_typesupport_fastrtps_cpp.dir/rosidl_typesupport_fastrtps_cpp/servicios/srv/detail/dds_fastrtps/save__type_support.cpp.o[0m
gmake[2]: *** [CMakeFiles/servicios__rosidl_typesupport_introspection_cpp.dir/build.make:192: CMakeFiles/servicios__rosidl_typesupport_introspection_cpp.dir/rosidl_typesupport_introspection_cpp/servicios/srv/detail/end__type_support.cpp.o] Error 1
In file included from [01m[K/home/saviveros/RoboticaGrupo11/build/servicios/rosidl_typesupport_fastrtps_cpp/servicios/srv/detail/save__rosidl_typesupport_fastrtps_cpp.hpp:11[m[K,
                 from [01m[K/home/saviveros/RoboticaGrupo11/build/servicios/rosidl_typesupport_fastrtps_cpp/servicios/srv/detail/dds_fastrtps/save__type_support.cpp:4[m[K:
[01m[K/home/saviveros/RoboticaGrupo11/build/servicios/rosidl_generator_cpp/servicios/srv/detail/save__struct.hpp:20:10:[m[K [01;31m[Kfatal error: [m[Kservicios/msg/detail/bool__struct.hpp: No such file or directory
   20 | #include [01;31m[K"servicios/msg/detail/bool__struct.hpp"[m[K
      |          [01;31m[K^~~~~~~~~~~~~~~~~~~~~~~~~~~~~~~~~~~~~~~[m[K
compilation terminated.
gmake[2]: *** [CMakeFiles/servicios__rosidl_typesupport_fastrtps_cpp.dir/build.make:178: CMakeFiles/servicios__rosidl_typesupport_fastrtps_cpp.dir/rosidl_typesupport_fastrtps_cpp/servicios/srv/detail/dds_fastrtps/save__type_support.cpp.o] Error 1
gmake[2]: *** Waiting for unfinished jobs....
In file included from [01m[K/home/saviveros/RoboticaGrupo11/build/servicios/rosidl_typesupport_fastrtps_cpp/servicios/srv/detail/end__rosidl_typesupport_fastrtps_cpp.hpp:11[m[K,
                 from [01m[K/home/saviveros/RoboticaGrupo11/build/servicios/rosidl_typesupport_fastrtps_cpp/servicios/srv/detail/dds_fastrtps/end__type_support.cpp:4[m[K:
[01m[K/home/saviveros/RoboticaGrupo11/build/servicios/rosidl_generator_cpp/servicios/srv/detail/end__struct.hpp:20:10:[m[K [01;31m[Kfatal error: [m[Kservicios/msg/detail/bool__struct.hpp: No such file or directory
   20 | #include [01;31m[K"servicios/msg/detail/bool__struct.hpp"[m[K
      |          [01;31m[K^~~~~~~~~~~~~~~~~~~~~~~~~~~~~~~~~~~~~~~[m[K
compilation terminated.
gmake[2]: *** [CMakeFiles/servicios__rosidl_typesupport_fastrtps_cpp.dir/build.make:192: CMakeFiles/servicios__rosidl_typesupport_fastrtps_cpp.dir/rosidl_typesupport_fastrtps_cpp/servicios/srv/detail/dds_fastrtps/end__type_support.cpp.o] Error 1
gmake[1]: *** [CMakeFiles/Makefile2:395: CMakeFiles/servicios__rosidl_typesupport_cpp.dir/all] Error 2
gmake[1]: *** [CMakeFiles/Makefile2:369: CMakeFiles/servicios__rosidl_typesupport_introspection_cpp.dir/all] Error 2
gmake[1]: *** [CMakeFiles/Makefile2:291: CMakeFiles/servicios__rosidl_typesupport_fastrtps_cpp.dir/all] Error 2
gmake: *** [Makefile:146: all] Error 2
