[0.032s] Invoking command in '/home/saviveros/RoboticaGrupo11/build/servicios': CMAKE_PREFIX_PATH=/opt/ros/humble /usr/bin/cmake /home/saviveros/RoboticaGrupo11/src/servicios -DCMAKE_INSTALL_PREFIX=/home/saviveros/RoboticaGrupo11/install/servicios
[0.198s] -- The C compiler identification is GNU 11.3.0
[0.737s] -- The CXX compiler identification is GNU 11.3.0
[1.215s] -- Detecting C compiler ABI info
[1.393s] -- Detecting C compiler ABI info - done
[1.401s] -- Check for working C compiler: /usr/bin/cc - skipped
[1.401s] -- Detecting C compile features
[1.402s] -- Detecting C compile features - done
[1.405s] -- Detecting CXX compiler ABI info
[1.585s] -- Detecting CXX compiler ABI info - done
[1.592s] -- Check for working CXX compiler: /usr/bin/c++ - skipped
[1.592s] -- Detecting CXX compile features
[1.592s] -- Detecting CXX compile features - done
[1.593s] -- Found ament_cmake: 1.3.3 (/opt/ros/humble/share/ament_cmake/cmake)
[1.751s] -- Found Python3: /usr/bin/python3.10 (found version "3.10.6") found components: Interpreter 
[1.835s] -- Found geometry_msgs: 4.2.3 (/opt/ros/humble/share/geometry_msgs/cmake)
[1.992s] -- Found rosidl_generator_c: 3.1.4 (/opt/ros/humble/share/rosidl_generator_c/cmake)
[1.995s] -- Found rosidl_adapter: 3.1.4 (/opt/ros/humble/share/rosidl_adapter/cmake)
[2.002s] -- Found rosidl_generator_cpp: 3.1.4 (/opt/ros/humble/share/rosidl_generator_cpp/cmake)
[2.012s] -- Using all available rosidl_typesupport_c: rosidl_typesupport_fastrtps_c;rosidl_typesupport_introspection_c
[2.026s] -- Using all available rosidl_typesupport_cpp: rosidl_typesupport_fastrtps_cpp;rosidl_typesupport_introspection_cpp
[2.123s] -- Found rosidl_default_generators: 1.2.0 (/opt/ros/humble/share/rosidl_default_generators/cmake)
[2.412s] -- Found ament_cmake_ros: 0.10.0 (/opt/ros/humble/share/ament_cmake_ros/cmake)
[2.814s] -- Using all available rosidl_typesupport_c: rosidl_typesupport_fastrtps_c;rosidl_typesupport_introspection_c
[2.962s] -- Using all available rosidl_typesupport_cpp: rosidl_typesupport_fastrtps_cpp;rosidl_typesupport_introspection_cpp
[3.202s] -- Found PythonInterp: /usr/bin/python3 (found suitable version "3.10.6", minimum required is "3.6") 
[3.203s] -- Found python_cmake_module: 0.10.0 (/opt/ros/humble/share/python_cmake_module/cmake)
[3.681s] -- Found PythonLibs: /usr/lib/x86_64-linux-gnu/libpython3.10.so (found suitable version "3.10.6", minimum required is "3.5") 
[3.681s] -- Using PYTHON_EXECUTABLE: /usr/bin/python3
[3.681s] -- Using PYTHON_INCLUDE_DIRS: /usr/include/python3.10
[3.681s] -- Using PYTHON_LIBRARIES: /usr/lib/x86_64-linux-gnu/libpython3.10.so
[3.706s] -- Found PythonExtra: .so  
[3.836s] -- Found ament_lint_auto: 0.12.5 (/opt/ros/humble/share/ament_lint_auto/cmake)
[3.849s] -- Added test 'lint_cmake' to check CMake code style
[3.850s] -- Added test 'xmllint' to check XML markup files
[3.853s] -- Configuring done
[3.891s] -- Generating done
[3.894s] -- Build files have been written to: /home/saviveros/RoboticaGrupo11/build/servicios
[3.904s] Invoked command in '/home/saviveros/RoboticaGrupo11/build/servicios' returned '0': CMAKE_PREFIX_PATH=/opt/ros/humble /usr/bin/cmake /home/saviveros/RoboticaGrupo11/src/servicios -DCMAKE_INSTALL_PREFIX=/home/saviveros/RoboticaGrupo11/install/servicios
[3.907s] Invoking command in '/home/saviveros/RoboticaGrupo11/build/servicios': CMAKE_PREFIX_PATH=/opt/ros/humble /usr/bin/cmake --build /home/saviveros/RoboticaGrupo11/build/servicios -- -j8 -l8
[3.939s] [  2%] [34m[1mGenerating C code for ROS interfaces[0m
[3.949s] [  4%] [34m[1mGenerating C++ code for ROS interfaces[0m
[3.956s] [  4%] Built target ament_cmake_python_copy_servicios
[4.245s] running egg_info
[4.245s] creating servicios.egg-info
[4.246s] writing servicios.egg-info/PKG-INFO
[4.246s] writing dependency_links to servicios.egg-info/dependency_links.txt
[4.246s] writing top-level names to servicios.egg-info/top_level.txt
[4.247s] writing manifest file 'servicios.egg-info/SOURCES.txt'
[4.251s] reading manifest file 'servicios.egg-info/SOURCES.txt'
[4.252s] writing manifest file 'servicios.egg-info/SOURCES.txt'
[4.292s] [  4%] Built target ament_cmake_python_build_servicios_egg
[4.419s] [  8%] [32mBuilding C object CMakeFiles/servicios__rosidl_generator_c.dir/rosidl_generator_c/servicios/srv/detail/end__functions.c.o[0m
[4.419s] [ 10%] [32mBuilding C object CMakeFiles/servicios__rosidl_generator_c.dir/rosidl_generator_c/servicios/srv/detail/reproduce_route__functions.c.o[0m
[4.420s] [ 10%] [32mBuilding C object CMakeFiles/servicios__rosidl_generator_c.dir/rosidl_generator_c/servicios/srv/detail/save__functions.c.o[0m
[4.433s] In file included from [01m[K/home/saviveros/RoboticaGrupo11/build/servicios/rosidl_generator_c/servicios/srv/detail/end__functions.h:19[m[K,
[4.434s]                  from [01m[K/home/saviveros/RoboticaGrupo11/build/servicios/rosidl_generator_c/servicios/srv/detail/end__functions.c:4[m[K:
[4.434s] [01m[K/home/saviveros/RoboticaGrupo11/build/servicios/rosidl_generator_c/servicios/srv/detail/end__struct.h:22:10:[m[K [01;31m[Kfatal error: [m[Kservicios/msg/detail/bool__struct.h: No such file or directory
[4.434s]    22 | #include [01;31m[K"servicios/msg/detail/bool__struct.h"[m[K
[4.435s]       |          [01;31m[K^~~~~~~~~~~~~~~~~~~~~~~~~~~~~~~~~~~~~[m[K
[4.435s] compilation terminated.
[4.435s] In file included from [01m[K/home/saviveros/RoboticaGrupo11/build/servicios/rosidl_generator_c/servicios/srv/detail/save__functions.h:19[m[K,
[4.435s]                  from [01m[K/home/saviveros/RoboticaGrupo11/build/servicios/rosidl_generator_c/servicios/srv/detail/save__functions.c:4[m[K:
[4.435s] [01m[K/home/saviveros/RoboticaGrupo11/build/servicios/rosidl_generator_c/servicios/srv/detail/save__struct.h:22:10:[m[K [01;31m[Kfatal error: [m[Kservicios/msg/detail/bool__struct.h: No such file or directory
[4.435s]    22 | #include [01;31m[K"servicios/msg/detail/bool__struct.h"[m[K
[4.435s]       |          [01;31m[K^~~~~~~~~~~~~~~~~~~~~~~~~~~~~~~~~~~~~[m[K
[4.435s] compilation terminated.
[4.435s] gmake[2]: *** [CMakeFiles/servicios__rosidl_generator_c.dir/build.make:224: CMakeFiles/servicios__rosidl_generator_c.dir/rosidl_generator_c/servicios/srv/detail/end__functions.c.o] Error 1
[4.435s] gmake[2]: *** Waiting for unfinished jobs....
[4.435s] gmake[2]: *** [CMakeFiles/servicios__rosidl_generator_c.dir/build.make:210: CMakeFiles/servicios__rosidl_generator_c.dir/rosidl_generator_c/servicios/srv/detail/save__functions.c.o] Error 1
[4.482s] [ 10%] Built target servicios__cpp
[4.484s] gmake[1]: *** [CMakeFiles/Makefile2:213: CMakeFiles/servicios__rosidl_generator_c.dir/all] Error 2
[4.485s] gmake[1]: *** Waiting for unfinished jobs....
[4.491s] [ 12%] [34m[1mGenerating C++ type support dispatch for ROS interfaces[0m
[4.492s] [ 14%] [34m[1mGenerating C++ type support for eProsima Fast-RTPS[0m
[4.492s] [ 17%] [34m[1mGenerating C++ introspection for ROS interfaces[0m
[4.853s] [ 19%] [32mBuilding CXX object CMakeFiles/servicios__rosidl_typesupport_cpp.dir/rosidl_typesupport_cpp/servicios/srv/end__type_support.cpp.o[0m
[4.854s] [ 23%] [32mBuilding CXX object CMakeFiles/servicios__rosidl_typesupport_cpp.dir/rosidl_typesupport_cpp/servicios/srv/save__type_support.cpp.o[0m
[4.855s] [ 23%] [32mBuilding CXX object CMakeFiles/servicios__rosidl_typesupport_cpp.dir/rosidl_typesupport_cpp/servicios/srv/reproduce_route__type_support.cpp.o[0m
[4.919s] [ 27%] [32mBuilding CXX object CMakeFiles/servicios__rosidl_typesupport_introspection_cpp.dir/rosidl_typesupport_introspection_cpp/servicios/srv/detail/reproduce_route__type_support.cpp.o[0m
[4.919s] [ 27%] [32mBuilding CXX object CMakeFiles/servicios__rosidl_typesupport_introspection_cpp.dir/rosidl_typesupport_introspection_cpp/servicios/srv/detail/save__type_support.cpp.o[0m
[4.919s] [ 29%] [32mBuilding CXX object CMakeFiles/servicios__rosidl_typesupport_introspection_cpp.dir/rosidl_typesupport_introspection_cpp/servicios/srv/detail/end__type_support.cpp.o[0m
[4.929s] In file included from [01m[K/home/saviveros/RoboticaGrupo11/build/servicios/rosidl_typesupport_cpp/servicios/srv/end__type_support.cpp:7[m[K:
[4.929s] [01m[K/home/saviveros/RoboticaGrupo11/build/servicios/rosidl_generator_cpp/servicios/srv/detail/end__struct.hpp:20:10:[m[K [01;31m[Kfatal error: [m[Kservicios/msg/detail/bool__struct.hpp: No such file or directory
[4.929s]    20 | #include [01;31m[K"servicios/msg/detail/bool__struct.hpp"[m[K
[4.930s]       |          [01;31m[K^~~~~~~~~~~~~~~~~~~~~~~~~~~~~~~~~~~~~~~[m[K
[4.930s] compilation terminated.
[4.937s] gmake[2]: *** [CMakeFiles/servicios__rosidl_typesupport_cpp.dir/build.make:181: CMakeFiles/servicios__rosidl_typesupport_cpp.dir/rosidl_typesupport_cpp/servicios/srv/end__type_support.cpp.o] Error 1
[4.938s] gmake[2]: *** Waiting for unfinished jobs....
[4.938s] In file included from [01m[K/home/saviveros/RoboticaGrupo11/build/servicios/rosidl_typesupport_cpp/servicios/srv/save__type_support.cpp:7[m[K:
[4.938s] [01m[K/home/saviveros/RoboticaGrupo11/build/servicios/rosidl_generator_cpp/servicios/srv/detail/save__struct.hpp:20:10:[m[K [01;31m[Kfatal error: [m[Kservicios/msg/detail/bool__struct.hpp: No such file or directory
[4.938s]    20 | #include [01;31m[K"servicios/msg/detail/bool__struct.hpp"[m[K
[4.939s]       |          [01;31m[K^~~~~~~~~~~~~~~~~~~~~~~~~~~~~~~~~~~~~~~[m[K
[4.939s] compilation terminated.
[4.940s] gmake[2]: *** [CMakeFiles/servicios__rosidl_typesupport_cpp.dir/build.make:167: CMakeFiles/servicios__rosidl_typesupport_cpp.dir/rosidl_typesupport_cpp/servicios/srv/save__type_support.cpp.o] Error 1
[5.010s] In file included from [01m[K/home/saviveros/RoboticaGrupo11/build/servicios/rosidl_typesupport_introspection_cpp/servicios/srv/detail/save__type_support.cpp:12[m[K:
[5.010s] [01m[K/home/saviveros/RoboticaGrupo11/build/servicios/rosidl_generator_cpp/servicios/srv/detail/save__struct.hpp:20:10:[m[K [01;31m[Kfatal error: [m[Kservicios/msg/detail/bool__struct.hpp: No such file or directory
[5.010s]    20 | #include [01;31m[K"servicios/msg/detail/bool__struct.hpp"[m[K
[5.010s]       |          [01;31m[K^~~~~~~~~~~~~~~~~~~~~~~~~~~~~~~~~~~~~~~[m[K
[5.010s] compilation terminated.
[5.013s] In file included from [01m[K/home/saviveros/RoboticaGrupo11/build/servicios/rosidl_typesupport_introspection_cpp/servicios/srv/detail/end__type_support.cpp:12[m[K:
[5.013s] [01m[K/home/saviveros/RoboticaGrupo11/build/servicios/rosidl_generator_cpp/servicios/srv/detail/end__struct.hpp:20:10:[m[K [01;31m[Kfatal error: [m[Kservicios/msg/detail/bool__struct.hpp: No such file or directory
[5.013s]    20 | #include [01;31m[K"servicios/msg/detail/bool__struct.hpp"[m[K
[5.014s]       |          [01;31m[K^~~~~~~~~~~~~~~~~~~~~~~~~~~~~~~~~~~~~~~[m[K
[5.014s] compilation terminated.
[5.014s] [ 31%] [32mBuilding CXX object CMakeFiles/servicios__rosidl_typesupport_fastrtps_cpp.dir/rosidl_typesupport_fastrtps_cpp/servicios/srv/detail/dds_fastrtps/reproduce_route__type_support.cpp.o[0m
[5.015s] gmake[2]: *** [CMakeFiles/servicios__rosidl_typesupport_introspection_cpp.dir/build.make:178: CMakeFiles/servicios__rosidl_typesupport_introspection_cpp.dir/rosidl_typesupport_introspection_cpp/servicios/srv/detail/save__type_support.cpp.o] Error 1
[5.015s] gmake[2]: *** Waiting for unfinished jobs....
[5.016s] [ 36%] [32mBuilding CXX object CMakeFiles/servicios__rosidl_typesupport_fastrtps_cpp.dir/rosidl_typesupport_fastrtps_cpp/servicios/srv/detail/dds_fastrtps/end__type_support.cpp.o[0m
[5.016s] [ 36%] [32mBuilding CXX object CMakeFiles/servicios__rosidl_typesupport_fastrtps_cpp.dir/rosidl_typesupport_fastrtps_cpp/servicios/srv/detail/dds_fastrtps/save__type_support.cpp.o[0m
[5.016s] gmake[2]: *** [CMakeFiles/servicios__rosidl_typesupport_introspection_cpp.dir/build.make:192: CMakeFiles/servicios__rosidl_typesupport_introspection_cpp.dir/rosidl_typesupport_introspection_cpp/servicios/srv/detail/end__type_support.cpp.o] Error 1
[5.083s] In file included from [01m[K/home/saviveros/RoboticaGrupo11/build/servicios/rosidl_typesupport_fastrtps_cpp/servicios/srv/detail/save__rosidl_typesupport_fastrtps_cpp.hpp:11[m[K,
[5.083s]                  from [01m[K/home/saviveros/RoboticaGrupo11/build/servicios/rosidl_typesupport_fastrtps_cpp/servicios/srv/detail/dds_fastrtps/save__type_support.cpp:4[m[K:
[5.083s] [01m[K/home/saviveros/RoboticaGrupo11/build/servicios/rosidl_generator_cpp/servicios/srv/detail/save__struct.hpp:20:10:[m[K [01;31m[Kfatal error: [m[Kservicios/msg/detail/bool__struct.hpp: No such file or directory
[5.083s]    20 | #include [01;31m[K"servicios/msg/detail/bool__struct.hpp"[m[K
[5.083s]       |          [01;31m[K^~~~~~~~~~~~~~~~~~~~~~~~~~~~~~~~~~~~~~~[m[K
[5.083s] compilation terminated.
[5.085s] gmake[2]: *** [CMakeFiles/servicios__rosidl_typesupport_fastrtps_cpp.dir/build.make:178: CMakeFiles/servicios__rosidl_typesupport_fastrtps_cpp.dir/rosidl_typesupport_fastrtps_cpp/servicios/srv/detail/dds_fastrtps/save__type_support.cpp.o] Error 1
[5.085s] gmake[2]: *** Waiting for unfinished jobs....
[5.211s] In file included from [01m[K/home/saviveros/RoboticaGrupo11/build/servicios/rosidl_typesupport_fastrtps_cpp/servicios/srv/detail/end__rosidl_typesupport_fastrtps_cpp.hpp:11[m[K,
[5.211s]                  from [01m[K/home/saviveros/RoboticaGrupo11/build/servicios/rosidl_typesupport_fastrtps_cpp/servicios/srv/detail/dds_fastrtps/end__type_support.cpp:4[m[K:
[5.211s] [01m[K/home/saviveros/RoboticaGrupo11/build/servicios/rosidl_generator_cpp/servicios/srv/detail/end__struct.hpp:20:10:[m[K [01;31m[Kfatal error: [m[Kservicios/msg/detail/bool__struct.hpp: No such file or directory
[5.211s]    20 | #include [01;31m[K"servicios/msg/detail/bool__struct.hpp"[m[K
[5.211s]       |          [01;31m[K^~~~~~~~~~~~~~~~~~~~~~~~~~~~~~~~~~~~~~~[m[K
[5.211s] compilation terminated.
[5.213s] gmake[2]: *** [CMakeFiles/servicios__rosidl_typesupport_fastrtps_cpp.dir/build.make:192: CMakeFiles/servicios__rosidl_typesupport_fastrtps_cpp.dir/rosidl_typesupport_fastrtps_cpp/servicios/srv/detail/dds_fastrtps/end__type_support.cpp.o] Error 1
[5.535s] gmake[1]: *** [CMakeFiles/Makefile2:395: CMakeFiles/servicios__rosidl_typesupport_cpp.dir/all] Error 2
[5.705s] gmake[1]: *** [CMakeFiles/Makefile2:369: CMakeFiles/servicios__rosidl_typesupport_introspection_cpp.dir/all] Error 2
[5.818s] gmake[1]: *** [CMakeFiles/Makefile2:291: CMakeFiles/servicios__rosidl_typesupport_fastrtps_cpp.dir/all] Error 2
[5.818s] gmake: *** [Makefile:146: all] Error 2
[5.820s] Invoked command in '/home/saviveros/RoboticaGrupo11/build/servicios' returned '2': CMAKE_PREFIX_PATH=/opt/ros/humble /usr/bin/cmake --build /home/saviveros/RoboticaGrupo11/build/servicios -- -j8 -l8
