[0.056s] Invoking command in '/home/saviveros/RoboticaGrupo11/build/servicios': CMAKE_PREFIX_PATH=${CMAKE_PREFIX_PATH}:/home/saviveros/RoboticaGrupo11/install/turtle_bot_nodos:/opt/ros/humble /usr/bin/cmake --build /home/saviveros/RoboticaGrupo11/build/servicios -- -j8 -l8
[0.137s] [  2%] Built target servicios__cpp
[0.154s] [ 12%] Built target servicios__rosidl_generator_c
[0.160s] [ 12%] Built target ament_cmake_python_copy_servicios
[0.204s] [ 23%] Built target servicios__rosidl_typesupport_introspection_cpp
[0.217s] [ 34%] Built target servicios__rosidl_typesupport_fastrtps_cpp
[0.218s] [ 44%] Built target servicios__rosidl_typesupport_fastrtps_c
[0.222s] [ 55%] Built target servicios__rosidl_typesupport_c
[0.228s] [ 65%] Built target servicios__rosidl_typesupport_introspection_c
[0.233s] [ 76%] Built target servicios__rosidl_typesupport_cpp
[0.277s] [ 76%] Built target servicios
[0.308s] [ 78%] Built target servicios__py
[0.381s] [ 87%] Built target servicios__rosidl_generator_py
[0.440s] [ 91%] Built target servicios__rosidl_typesupport_c__pyext
[0.457s] [ 95%] Built target servicios__rosidl_typesupport_introspection_c__pyext
[0.484s] [100%] Built target servicios__rosidl_typesupport_fastrtps_c__pyext
[0.788s] running egg_info
[0.789s] writing servicios.egg-info/PKG-INFO
[0.790s] writing dependency_links to servicios.egg-info/dependency_links.txt
[0.790s] writing top-level names to servicios.egg-info/top_level.txt
[0.805s] reading manifest file 'servicios.egg-info/SOURCES.txt'
[0.805s] writing manifest file 'servicios.egg-info/SOURCES.txt'
[0.857s] [100%] Built target ament_cmake_python_build_servicios_egg
[0.880s] Invoked command in '/home/saviveros/RoboticaGrupo11/build/servicios' returned '0': CMAKE_PREFIX_PATH=${CMAKE_PREFIX_PATH}:/home/saviveros/RoboticaGrupo11/install/turtle_bot_nodos:/opt/ros/humble /usr/bin/cmake --build /home/saviveros/RoboticaGrupo11/build/servicios -- -j8 -l8
[1.068s] Invoking command in '/home/saviveros/RoboticaGrupo11/build/servicios': CMAKE_PREFIX_PATH=${CMAKE_PREFIX_PATH}:/home/saviveros/RoboticaGrupo11/install/turtle_bot_nodos:/opt/ros/humble /usr/bin/cmake --install /home/saviveros/RoboticaGrupo11/build/servicios
[1.082s] -- Install configuration: ""
[1.082s] -- Up-to-date: /home/saviveros/RoboticaGrupo11/install/servicios/share/ament_index/resource_index/rosidl_interfaces/servicios
[1.082s] -- Up-to-date: /home/saviveros/RoboticaGrupo11/install/servicios/include/servicios/servicios
[1.082s] -- Up-to-date: /home/saviveros/RoboticaGrupo11/install/servicios/include/servicios/servicios/srv
[1.083s] -- Up-to-date: /home/saviveros/RoboticaGrupo11/install/servicios/include/servicios/servicios/srv/end.h
[1.083s] -- Up-to-date: /home/saviveros/RoboticaGrupo11/install/servicios/include/servicios/servicios/srv/reproduce_route.h
[1.083s] -- Up-to-date: /home/saviveros/RoboticaGrupo11/install/servicios/include/servicios/servicios/srv/save.h
[1.083s] -- Up-to-date: /home/saviveros/RoboticaGrupo11/install/servicios/include/servicios/servicios/srv/detail
[1.083s] -- Up-to-date: /home/saviveros/RoboticaGrupo11/install/servicios/include/servicios/servicios/srv/detail/end__functions.c
[1.083s] -- Up-to-date: /home/saviveros/RoboticaGrupo11/install/servicios/include/servicios/servicios/srv/detail/save__type_support.h
[1.083s] -- Up-to-date: /home/saviveros/RoboticaGrupo11/install/servicios/include/servicios/servicios/srv/detail/save__functions.c
[1.084s] -- Up-to-date: /home/saviveros/RoboticaGrupo11/install/servicios/include/servicios/servicios/srv/detail/reproduce_route__functions.c
[1.087s] -- Up-to-date: /home/saviveros/RoboticaGrupo11/install/servicios/include/servicios/servicios/srv/detail/end__functions.h
[1.088s] -- Up-to-date: /home/saviveros/RoboticaGrupo11/install/servicios/include/servicios/servicios/srv/detail/reproduce_route__type_support.h
[1.088s] -- Up-to-date: /home/saviveros/RoboticaGrupo11/install/servicios/include/servicios/servicios/srv/detail/end__struct.h
[1.088s] -- Up-to-date: /home/saviveros/RoboticaGrupo11/install/servicios/include/servicios/servicios/srv/detail/save__functions.h
[1.089s] -- Up-to-date: /home/saviveros/RoboticaGrupo11/install/servicios/include/servicios/servicios/srv/detail/end__type_support.h
[1.089s] -- Up-to-date: /home/saviveros/RoboticaGrupo11/install/servicios/include/servicios/servicios/srv/detail/reproduce_route__functions.h
[1.089s] -- Up-to-date: /home/saviveros/RoboticaGrupo11/install/servicios/include/servicios/servicios/srv/detail/reproduce_route__struct.h
[1.089s] -- Up-to-date: /home/saviveros/RoboticaGrupo11/install/servicios/include/servicios/servicios/srv/detail/save__struct.h
[1.090s] -- Up-to-date: /home/saviveros/RoboticaGrupo11/install/servicios/include/servicios/servicios/msg
[1.090s] -- Up-to-date: /home/saviveros/RoboticaGrupo11/install/servicios/include/servicios/servicios/msg/rosidl_generator_c__visibility_control.h
[1.090s] -- Up-to-date: /home/saviveros/RoboticaGrupo11/install/servicios/share/servicios/environment/library_path.sh
[1.093s] -- Up-to-date: /home/saviveros/RoboticaGrupo11/install/servicios/share/servicios/environment/library_path.dsv
[1.093s] -- Up-to-date: /home/saviveros/RoboticaGrupo11/install/servicios/lib/libservicios__rosidl_generator_c.so
[1.093s] -- Up-to-date: /home/saviveros/RoboticaGrupo11/install/servicios/include/servicios/servicios
[1.093s] -- Up-to-date: /home/saviveros/RoboticaGrupo11/install/servicios/include/servicios/servicios/srv
[1.093s] -- Up-to-date: /home/saviveros/RoboticaGrupo11/install/servicios/include/servicios/servicios/srv/detail
[1.093s] -- Up-to-date: /home/saviveros/RoboticaGrupo11/install/servicios/include/servicios/servicios/srv/detail/end__rosidl_typesupport_fastrtps_c.h
[1.094s] -- Up-to-date: /home/saviveros/RoboticaGrupo11/install/servicios/include/servicios/servicios/srv/detail/save__rosidl_typesupport_fastrtps_c.h
[1.094s] -- Up-to-date: /home/saviveros/RoboticaGrupo11/install/servicios/include/servicios/servicios/srv/detail/reproduce_route__rosidl_typesupport_fastrtps_c.h
[1.094s] -- Up-to-date: /home/saviveros/RoboticaGrupo11/install/servicios/include/servicios/servicios/msg
[1.094s] -- Up-to-date: /home/saviveros/RoboticaGrupo11/install/servicios/include/servicios/servicios/msg/rosidl_typesupport_fastrtps_c__visibility_control.h
[1.094s] -- Up-to-date: /home/saviveros/RoboticaGrupo11/install/servicios/lib/libservicios__rosidl_typesupport_fastrtps_c.so
[1.095s] -- Up-to-date: /home/saviveros/RoboticaGrupo11/install/servicios/include/servicios/servicios
[1.095s] -- Up-to-date: /home/saviveros/RoboticaGrupo11/install/servicios/include/servicios/servicios/srv
[1.095s] -- Up-to-date: /home/saviveros/RoboticaGrupo11/install/servicios/include/servicios/servicios/srv/reproduce_route.hpp
[1.095s] -- Up-to-date: /home/saviveros/RoboticaGrupo11/install/servicios/include/servicios/servicios/srv/save.hpp
[1.095s] -- Up-to-date: /home/saviveros/RoboticaGrupo11/install/servicios/include/servicios/servicios/srv/end.hpp
[1.095s] -- Up-to-date: /home/saviveros/RoboticaGrupo11/install/servicios/include/servicios/servicios/srv/detail
[1.095s] -- Up-to-date: /home/saviveros/RoboticaGrupo11/install/servicios/include/servicios/servicios/srv/detail/save__struct.hpp
[1.095s] -- Up-to-date: /home/saviveros/RoboticaGrupo11/install/servicios/include/servicios/servicios/srv/detail/save__builder.hpp
[1.096s] -- Up-to-date: /home/saviveros/RoboticaGrupo11/install/servicios/include/servicios/servicios/srv/detail/reproduce_route__builder.hpp
[1.096s] -- Up-to-date: /home/saviveros/RoboticaGrupo11/install/servicios/include/servicios/servicios/srv/detail/save__traits.hpp
[1.096s] -- Up-to-date: /home/saviveros/RoboticaGrupo11/install/servicios/include/servicios/servicios/srv/detail/end__builder.hpp
[1.096s] -- Up-to-date: /home/saviveros/RoboticaGrupo11/install/servicios/include/servicios/servicios/srv/detail/end__traits.hpp
[1.096s] -- Up-to-date: /home/saviveros/RoboticaGrupo11/install/servicios/include/servicios/servicios/srv/detail/end__struct.hpp
[1.096s] -- Up-to-date: /home/saviveros/RoboticaGrupo11/install/servicios/include/servicios/servicios/srv/detail/reproduce_route__struct.hpp
[1.096s] -- Up-to-date: /home/saviveros/RoboticaGrupo11/install/servicios/include/servicios/servicios/srv/detail/reproduce_route__traits.hpp
[1.097s] -- Up-to-date: /home/saviveros/RoboticaGrupo11/install/servicios/include/servicios/servicios
[1.097s] -- Up-to-date: /home/saviveros/RoboticaGrupo11/install/servicios/include/servicios/servicios/srv
[1.097s] -- Up-to-date: /home/saviveros/RoboticaGrupo11/install/servicios/include/servicios/servicios/srv/detail
[1.097s] -- Up-to-date: /home/saviveros/RoboticaGrupo11/install/servicios/include/servicios/servicios/srv/detail/end__rosidl_typesupport_fastrtps_cpp.hpp
[1.097s] -- Up-to-date: /home/saviveros/RoboticaGrupo11/install/servicios/include/servicios/servicios/srv/detail/save__rosidl_typesupport_fastrtps_cpp.hpp
[1.097s] -- Up-to-date: /home/saviveros/RoboticaGrupo11/install/servicios/include/servicios/servicios/srv/detail/dds_fastrtps
[1.097s] -- Up-to-date: /home/saviveros/RoboticaGrupo11/install/servicios/include/servicios/servicios/srv/detail/reproduce_route__rosidl_typesupport_fastrtps_cpp.hpp
[1.097s] -- Up-to-date: /home/saviveros/RoboticaGrupo11/install/servicios/include/servicios/servicios/msg
[1.097s] -- Up-to-date: /home/saviveros/RoboticaGrupo11/install/servicios/include/servicios/servicios/msg/rosidl_typesupport_fastrtps_cpp__visibility_control.h
[1.097s] -- Up-to-date: /home/saviveros/RoboticaGrupo11/install/servicios/lib/libservicios__rosidl_typesupport_fastrtps_cpp.so
[1.097s] -- Up-to-date: /home/saviveros/RoboticaGrupo11/install/servicios/include/servicios/servicios
[1.097s] -- Up-to-date: /home/saviveros/RoboticaGrupo11/install/servicios/include/servicios/servicios/srv
[1.098s] -- Up-to-date: /home/saviveros/RoboticaGrupo11/install/servicios/include/servicios/servicios/srv/detail
[1.098s] -- Up-to-date: /home/saviveros/RoboticaGrupo11/install/servicios/include/servicios/servicios/srv/detail/end__rosidl_typesupport_introspection_c.h
[1.098s] -- Up-to-date: /home/saviveros/RoboticaGrupo11/install/servicios/include/servicios/servicios/srv/detail/save__rosidl_typesupport_introspection_c.h
[1.098s] -- Up-to-date: /home/saviveros/RoboticaGrupo11/install/servicios/include/servicios/servicios/srv/detail/reproduce_route__rosidl_typesupport_introspection_c.h
[1.098s] -- Up-to-date: /home/saviveros/RoboticaGrupo11/install/servicios/include/servicios/servicios/srv/detail/save__type_support.c
[1.098s] -- Up-to-date: /home/saviveros/RoboticaGrupo11/install/servicios/include/servicios/servicios/srv/detail/reproduce_route__type_support.c
[1.098s] -- Up-to-date: /home/saviveros/RoboticaGrupo11/install/servicios/include/servicios/servicios/srv/detail/end__type_support.c
[1.098s] -- Up-to-date: /home/saviveros/RoboticaGrupo11/install/servicios/include/servicios/servicios/msg
[1.098s] -- Up-to-date: /home/saviveros/RoboticaGrupo11/install/servicios/include/servicios/servicios/msg/rosidl_typesupport_introspection_c__visibility_control.h
[1.098s] -- Up-to-date: /home/saviveros/RoboticaGrupo11/install/servicios/lib/libservicios__rosidl_typesupport_introspection_c.so
[1.098s] -- Up-to-date: /home/saviveros/RoboticaGrupo11/install/servicios/lib/libservicios__rosidl_typesupport_c.so
[1.098s] -- Up-to-date: /home/saviveros/RoboticaGrupo11/install/servicios/include/servicios/servicios
[1.098s] -- Up-to-date: /home/saviveros/RoboticaGrupo11/install/servicios/include/servicios/servicios/srv
[1.098s] -- Up-to-date: /home/saviveros/RoboticaGrupo11/install/servicios/include/servicios/servicios/srv/detail
[1.099s] -- Up-to-date: /home/saviveros/RoboticaGrupo11/install/servicios/include/servicios/servicios/srv/detail/reproduce_route__rosidl_typesupport_introspection_cpp.hpp
[1.099s] -- Up-to-date: /home/saviveros/RoboticaGrupo11/install/servicios/include/servicios/servicios/srv/detail/end__rosidl_typesupport_introspection_cpp.hpp
[1.099s] -- Up-to-date: /home/saviveros/RoboticaGrupo11/install/servicios/include/servicios/servicios/srv/detail/end__type_support.cpp
[1.099s] -- Up-to-date: /home/saviveros/RoboticaGrupo11/install/servicios/include/servicios/servicios/srv/detail/save__type_support.cpp
[1.099s] -- Up-to-date: /home/saviveros/RoboticaGrupo11/install/servicios/include/servicios/servicios/srv/detail/reproduce_route__type_support.cpp
[1.099s] -- Up-to-date: /home/saviveros/RoboticaGrupo11/install/servicios/include/servicios/servicios/srv/detail/save__rosidl_typesupport_introspection_cpp.hpp
[1.099s] -- Up-to-date: /home/saviveros/RoboticaGrupo11/install/servicios/lib/libservicios__rosidl_typesupport_introspection_cpp.so
[1.099s] -- Up-to-date: /home/saviveros/RoboticaGrupo11/install/servicios/lib/libservicios__rosidl_typesupport_cpp.so
[1.099s] -- Up-to-date: /home/saviveros/RoboticaGrupo11/install/servicios/share/servicios/environment/pythonpath.sh
[1.099s] -- Up-to-date: /home/saviveros/RoboticaGrupo11/install/servicios/share/servicios/environment/pythonpath.dsv
[1.099s] -- Up-to-date: /home/saviveros/RoboticaGrupo11/install/servicios/local/lib/python3.10/dist-packages/servicios-0.0.0-py3.10.egg-info
[1.100s] -- Installing: /home/saviveros/RoboticaGrupo11/install/servicios/local/lib/python3.10/dist-packages/servicios-0.0.0-py3.10.egg-info/top_level.txt
[1.100s] -- Installing: /home/saviveros/RoboticaGrupo11/install/servicios/local/lib/python3.10/dist-packages/servicios-0.0.0-py3.10.egg-info/dependency_links.txt
[1.100s] -- Installing: /home/saviveros/RoboticaGrupo11/install/servicios/local/lib/python3.10/dist-packages/servicios-0.0.0-py3.10.egg-info/SOURCES.txt
[1.100s] -- Installing: /home/saviveros/RoboticaGrupo11/install/servicios/local/lib/python3.10/dist-packages/servicios-0.0.0-py3.10.egg-info/PKG-INFO
[1.100s] -- Up-to-date: /home/saviveros/RoboticaGrupo11/install/servicios/local/lib/python3.10/dist-packages/servicios
[1.100s] -- Up-to-date: /home/saviveros/RoboticaGrupo11/install/servicios/local/lib/python3.10/dist-packages/servicios/srv
[1.100s] -- Up-to-date: /home/saviveros/RoboticaGrupo11/install/servicios/local/lib/python3.10/dist-packages/servicios/srv/_reproduce_route.py
[1.100s] -- Up-to-date: /home/saviveros/RoboticaGrupo11/install/servicios/local/lib/python3.10/dist-packages/servicios/srv/_end_s.c
[1.100s] -- Up-to-date: /home/saviveros/RoboticaGrupo11/install/servicios/local/lib/python3.10/dist-packages/servicios/srv/_reproduce_route_s.c
[1.100s] -- Up-to-date: /home/saviveros/RoboticaGrupo11/install/servicios/local/lib/python3.10/dist-packages/servicios/srv/_save_s.c
[1.100s] -- Up-to-date: /home/saviveros/RoboticaGrupo11/install/servicios/local/lib/python3.10/dist-packages/servicios/srv/_end.py
[1.101s] -- Up-to-date: /home/saviveros/RoboticaGrupo11/install/servicios/local/lib/python3.10/dist-packages/servicios/srv/_save.py
[1.101s] -- Up-to-date: /home/saviveros/RoboticaGrupo11/install/servicios/local/lib/python3.10/dist-packages/servicios/srv/__init__.py
[1.101s] -- Up-to-date: /home/saviveros/RoboticaGrupo11/install/servicios/local/lib/python3.10/dist-packages/servicios/servicios_s__rosidl_typesupport_fastrtps_c.cpython-310-x86_64-linux-gnu.so
[1.101s] -- Up-to-date: /home/saviveros/RoboticaGrupo11/install/servicios/local/lib/python3.10/dist-packages/servicios/servicios_s__rosidl_typesupport_introspection_c.cpython-310-x86_64-linux-gnu.so
[1.101s] -- Up-to-date: /home/saviveros/RoboticaGrupo11/install/servicios/local/lib/python3.10/dist-packages/servicios/_servicios_s.ep.rosidl_typesupport_introspection_c.c
[1.101s] -- Up-to-date: /home/saviveros/RoboticaGrupo11/install/servicios/local/lib/python3.10/dist-packages/servicios/servicios_s__rosidl_typesupport_c.cpython-310-x86_64-linux-gnu.so
[1.101s] -- Up-to-date: /home/saviveros/RoboticaGrupo11/install/servicios/local/lib/python3.10/dist-packages/servicios/libservicios__rosidl_generator_py.so
[1.101s] -- Up-to-date: /home/saviveros/RoboticaGrupo11/install/servicios/local/lib/python3.10/dist-packages/servicios/_servicios_s.ep.rosidl_typesupport_c.c
[1.101s] -- Up-to-date: /home/saviveros/RoboticaGrupo11/install/servicios/local/lib/python3.10/dist-packages/servicios/__init__.py
[1.101s] -- Up-to-date: /home/saviveros/RoboticaGrupo11/install/servicios/local/lib/python3.10/dist-packages/servicios/_servicios_s.ep.rosidl_typesupport_fastrtps_c.c
[1.165s] Listing '/home/saviveros/RoboticaGrupo11/install/servicios/local/lib/python3.10/dist-packages/servicios'...
[1.167s] Listing '/home/saviveros/RoboticaGrupo11/install/servicios/local/lib/python3.10/dist-packages/servicios/srv'...
[1.169s] -- Up-to-date: /home/saviveros/RoboticaGrupo11/install/servicios/local/lib/python3.10/dist-packages/servicios/servicios_s__rosidl_typesupport_fastrtps_c.cpython-310-x86_64-linux-gnu.so
[1.170s] -- Up-to-date: /home/saviveros/RoboticaGrupo11/install/servicios/local/lib/python3.10/dist-packages/servicios/servicios_s__rosidl_typesupport_introspection_c.cpython-310-x86_64-linux-gnu.so
[1.170s] -- Up-to-date: /home/saviveros/RoboticaGrupo11/install/servicios/local/lib/python3.10/dist-packages/servicios/servicios_s__rosidl_typesupport_c.cpython-310-x86_64-linux-gnu.so
[1.170s] -- Up-to-date: /home/saviveros/RoboticaGrupo11/install/servicios/lib/libservicios__rosidl_generator_py.so
[1.171s] -- Up-to-date: /home/saviveros/RoboticaGrupo11/install/servicios/share/servicios/srv/ReproduceRoute.idl
[1.171s] -- Up-to-date: /home/saviveros/RoboticaGrupo11/install/servicios/share/servicios/srv/Save.idl
[1.171s] -- Up-to-date: /home/saviveros/RoboticaGrupo11/install/servicios/share/servicios/srv/End.idl
[1.171s] -- Up-to-date: /home/saviveros/RoboticaGrupo11/install/servicios/share/servicios/srv/ReproduceRoute.srv
[1.171s] -- Up-to-date: /home/saviveros/RoboticaGrupo11/install/servicios/share/servicios/srv/ReproduceRoute_Request.msg
[1.172s] -- Up-to-date: /home/saviveros/RoboticaGrupo11/install/servicios/share/servicios/srv/ReproduceRoute_Response.msg
[1.173s] -- Up-to-date: /home/saviveros/RoboticaGrupo11/install/servicios/share/servicios/srv/Save.srv
[1.173s] -- Up-to-date: /home/saviveros/RoboticaGrupo11/install/servicios/share/servicios/srv/Save_Request.msg
[1.173s] -- Up-to-date: /home/saviveros/RoboticaGrupo11/install/servicios/share/servicios/srv/Save_Response.msg
[1.174s] -- Up-to-date: /home/saviveros/RoboticaGrupo11/install/servicios/share/servicios/srv/End.srv
[1.174s] -- Up-to-date: /home/saviveros/RoboticaGrupo11/install/servicios/share/servicios/srv/End_Request.msg
[1.174s] -- Up-to-date: /home/saviveros/RoboticaGrupo11/install/servicios/share/servicios/srv/End_Response.msg
[1.175s] -- Up-to-date: /home/saviveros/RoboticaGrupo11/install/servicios/share/ament_index/resource_index/package_run_dependencies/servicios
[1.175s] -- Up-to-date: /home/saviveros/RoboticaGrupo11/install/servicios/share/ament_index/resource_index/parent_prefix_path/servicios
[1.177s] -- Up-to-date: /home/saviveros/RoboticaGrupo11/install/servicios/share/servicios/environment/ament_prefix_path.sh
[1.178s] -- Up-to-date: /home/saviveros/RoboticaGrupo11/install/servicios/share/servicios/environment/ament_prefix_path.dsv
[1.178s] -- Up-to-date: /home/saviveros/RoboticaGrupo11/install/servicios/share/servicios/environment/path.sh
[1.179s] -- Up-to-date: /home/saviveros/RoboticaGrupo11/install/servicios/share/servicios/environment/path.dsv
[1.179s] -- Up-to-date: /home/saviveros/RoboticaGrupo11/install/servicios/share/servicios/local_setup.bash
[1.180s] -- Up-to-date: /home/saviveros/RoboticaGrupo11/install/servicios/share/servicios/local_setup.sh
[1.180s] -- Up-to-date: /home/saviveros/RoboticaGrupo11/install/servicios/share/servicios/local_setup.zsh
[1.181s] -- Up-to-date: /home/saviveros/RoboticaGrupo11/install/servicios/share/servicios/local_setup.dsv
[1.181s] -- Installing: /home/saviveros/RoboticaGrupo11/install/servicios/share/servicios/package.dsv
[1.181s] -- Up-to-date: /home/saviveros/RoboticaGrupo11/install/servicios/share/ament_index/resource_index/packages/servicios
[1.181s] -- Up-to-date: /home/saviveros/RoboticaGrupo11/install/servicios/share/servicios/cmake/export_servicios__rosidl_generator_cExport.cmake
[1.181s] -- Up-to-date: /home/saviveros/RoboticaGrupo11/install/servicios/share/servicios/cmake/export_servicios__rosidl_generator_cExport-noconfig.cmake
[1.182s] -- Up-to-date: /home/saviveros/RoboticaGrupo11/install/servicios/share/servicios/cmake/export_servicios__rosidl_typesupport_fastrtps_cExport.cmake
[1.182s] -- Up-to-date: /home/saviveros/RoboticaGrupo11/install/servicios/share/servicios/cmake/export_servicios__rosidl_typesupport_fastrtps_cExport-noconfig.cmake
[1.184s] -- Up-to-date: /home/saviveros/RoboticaGrupo11/install/servicios/share/servicios/cmake/export_servicios__rosidl_generator_cppExport.cmake
[1.185s] -- Up-to-date: /home/saviveros/RoboticaGrupo11/install/servicios/share/servicios/cmake/export_servicios__rosidl_typesupport_fastrtps_cppExport.cmake
[1.185s] -- Up-to-date: /home/saviveros/RoboticaGrupo11/install/servicios/share/servicios/cmake/export_servicios__rosidl_typesupport_fastrtps_cppExport-noconfig.cmake
[1.188s] -- Up-to-date: /home/saviveros/RoboticaGrupo11/install/servicios/share/servicios/cmake/servicios__rosidl_typesupport_introspection_cExport.cmake
[1.189s] -- Up-to-date: /home/saviveros/RoboticaGrupo11/install/servicios/share/servicios/cmake/servicios__rosidl_typesupport_introspection_cExport-noconfig.cmake
[1.190s] -- Up-to-date: /home/saviveros/RoboticaGrupo11/install/servicios/share/servicios/cmake/servicios__rosidl_typesupport_cExport.cmake
[1.190s] -- Up-to-date: /home/saviveros/RoboticaGrupo11/install/servicios/share/servicios/cmake/servicios__rosidl_typesupport_cExport-noconfig.cmake
[1.191s] -- Up-to-date: /home/saviveros/RoboticaGrupo11/install/servicios/share/servicios/cmake/servicios__rosidl_typesupport_introspection_cppExport.cmake
[1.191s] -- Up-to-date: /home/saviveros/RoboticaGrupo11/install/servicios/share/servicios/cmake/servicios__rosidl_typesupport_introspection_cppExport-noconfig.cmake
[1.191s] -- Up-to-date: /home/saviveros/RoboticaGrupo11/install/servicios/share/servicios/cmake/servicios__rosidl_typesupport_cppExport.cmake
[1.192s] -- Up-to-date: /home/saviveros/RoboticaGrupo11/install/servicios/share/servicios/cmake/servicios__rosidl_typesupport_cppExport-noconfig.cmake
[1.192s] -- Up-to-date: /home/saviveros/RoboticaGrupo11/install/servicios/share/servicios/cmake/export_servicios__rosidl_generator_pyExport.cmake
[1.192s] -- Up-to-date: /home/saviveros/RoboticaGrupo11/install/servicios/share/servicios/cmake/export_servicios__rosidl_generator_pyExport-noconfig.cmake
[1.192s] -- Up-to-date: /home/saviveros/RoboticaGrupo11/install/servicios/share/servicios/cmake/rosidl_cmake-extras.cmake
[1.193s] -- Up-to-date: /home/saviveros/RoboticaGrupo11/install/servicios/share/servicios/cmake/ament_cmake_export_dependencies-extras.cmake
[1.196s] -- Up-to-date: /home/saviveros/RoboticaGrupo11/install/servicios/share/servicios/cmake/ament_cmake_export_include_directories-extras.cmake
[1.197s] -- Up-to-date: /home/saviveros/RoboticaGrupo11/install/servicios/share/servicios/cmake/ament_cmake_export_libraries-extras.cmake
[1.197s] -- Up-to-date: /home/saviveros/RoboticaGrupo11/install/servicios/share/servicios/cmake/ament_cmake_export_targets-extras.cmake
[1.199s] -- Up-to-date: /home/saviveros/RoboticaGrupo11/install/servicios/share/servicios/cmake/rosidl_cmake_export_typesupport_targets-extras.cmake
[1.200s] -- Up-to-date: /home/saviveros/RoboticaGrupo11/install/servicios/share/servicios/cmake/rosidl_cmake_export_typesupport_libraries-extras.cmake
[1.200s] -- Up-to-date: /home/saviveros/RoboticaGrupo11/install/servicios/share/servicios/cmake/serviciosConfig.cmake
[1.200s] -- Up-to-date: /home/saviveros/RoboticaGrupo11/install/servicios/share/servicios/cmake/serviciosConfig-version.cmake
[1.201s] -- Up-to-date: /home/saviveros/RoboticaGrupo11/install/servicios/share/servicios/package.xml
[1.201s] Invoked command in '/home/saviveros/RoboticaGrupo11/build/servicios' returned '0': CMAKE_PREFIX_PATH=${CMAKE_PREFIX_PATH}:/home/saviveros/RoboticaGrupo11/install/turtle_bot_nodos:/opt/ros/humble /usr/bin/cmake --install /home/saviveros/RoboticaGrupo11/build/servicios
