[0.033s] Invoking command in '/home/saviveros/RoboticaGrupo11/build/servicios': CMAKE_PREFIX_PATH=${CMAKE_PREFIX_PATH}:/home/saviveros/RoboticaGrupo11/install/turtle_bot_nodos:/opt/ros/humble /usr/bin/cmake --build /home/saviveros/RoboticaGrupo11/build/servicios -- -j8 -l8
[0.105s] [  6%] Built target servicios__cpp
[0.105s] [ 12%] Built target servicios__rosidl_generator_c
[0.123s] [ 12%] Built target ament_cmake_python_copy_servicios
[0.184s] [ 23%] Built target servicios__rosidl_typesupport_fastrtps_cpp
[0.185s] [ 34%] Built target servicios__rosidl_typesupport_c
[0.185s] [ 44%] Built target servicios__rosidl_typesupport_cpp
[0.185s] [ 55%] Built target servicios__rosidl_typesupport_introspection_c
[0.186s] [ 65%] Built target servicios__rosidl_typesupport_fastrtps_c
[0.192s] [ 76%] Built target servicios__rosidl_typesupport_introspection_cpp
[0.225s] [ 76%] Built target servicios
[0.256s] [ 78%] Built target servicios__py
[0.294s] [ 87%] Built target servicios__rosidl_generator_py
[0.326s] [100%] Built target servicios__rosidl_typesupport_c__pyext
[0.326s] [100%] Built target servicios__rosidl_typesupport_introspection_c__pyext
[0.326s] [100%] Built target servicios__rosidl_typesupport_fastrtps_c__pyext
[0.511s] running egg_info
[0.512s] writing servicios.egg-info/PKG-INFO
[0.513s] writing dependency_links to servicios.egg-info/dependency_links.txt
[0.514s] writing top-level names to servicios.egg-info/top_level.txt
[0.517s] reading manifest file 'servicios.egg-info/SOURCES.txt'
[0.518s] writing manifest file 'servicios.egg-info/SOURCES.txt'
[0.587s] [100%] Built target ament_cmake_python_build_servicios_egg
[0.600s] Invoked command in '/home/saviveros/RoboticaGrupo11/build/servicios' returned '0': CMAKE_PREFIX_PATH=${CMAKE_PREFIX_PATH}:/home/saviveros/RoboticaGrupo11/install/turtle_bot_nodos:/opt/ros/humble /usr/bin/cmake --build /home/saviveros/RoboticaGrupo11/build/servicios -- -j8 -l8
[0.743s] Invoking command in '/home/saviveros/RoboticaGrupo11/build/servicios': CMAKE_PREFIX_PATH=${CMAKE_PREFIX_PATH}:/home/saviveros/RoboticaGrupo11/install/turtle_bot_nodos:/opt/ros/humble /usr/bin/cmake --install /home/saviveros/RoboticaGrupo11/build/servicios
[0.762s] -- Install configuration: ""
[0.763s] -- Up-to-date: /home/saviveros/RoboticaGrupo11/install/servicios/share/ament_index/resource_index/rosidl_interfaces/servicios
[0.763s] -- Up-to-date: /home/saviveros/RoboticaGrupo11/install/servicios/include/servicios/servicios
[0.763s] -- Up-to-date: /home/saviveros/RoboticaGrupo11/install/servicios/include/servicios/servicios/srv
[0.764s] -- Up-to-date: /home/saviveros/RoboticaGrupo11/install/servicios/include/servicios/servicios/srv/end.h
[0.764s] -- Up-to-date: /home/saviveros/RoboticaGrupo11/install/servicios/include/servicios/servicios/srv/reproduce_route.h
[0.764s] -- Up-to-date: /home/saviveros/RoboticaGrupo11/install/servicios/include/servicios/servicios/srv/save.h
[0.764s] -- Up-to-date: /home/saviveros/RoboticaGrupo11/install/servicios/include/servicios/servicios/srv/detail
[0.765s] -- Up-to-date: /home/saviveros/RoboticaGrupo11/install/servicios/include/servicios/servicios/srv/detail/end__functions.c
[0.765s] -- Up-to-date: /home/saviveros/RoboticaGrupo11/install/servicios/include/servicios/servicios/srv/detail/save__type_support.h
[0.765s] -- Up-to-date: /home/saviveros/RoboticaGrupo11/install/servicios/include/servicios/servicios/srv/detail/save__functions.c
[0.766s] -- Up-to-date: /home/saviveros/RoboticaGrupo11/install/servicios/include/servicios/servicios/srv/detail/reproduce_route__functions.c
[0.766s] -- Up-to-date: /home/saviveros/RoboticaGrupo11/install/servicios/include/servicios/servicios/srv/detail/end__functions.h
[0.766s] -- Up-to-date: /home/saviveros/RoboticaGrupo11/install/servicios/include/servicios/servicios/srv/detail/reproduce_route__type_support.h
[0.766s] -- Up-to-date: /home/saviveros/RoboticaGrupo11/install/servicios/include/servicios/servicios/srv/detail/end__struct.h
[0.767s] -- Up-to-date: /home/saviveros/RoboticaGrupo11/install/servicios/include/servicios/servicios/srv/detail/save__functions.h
[0.767s] -- Up-to-date: /home/saviveros/RoboticaGrupo11/install/servicios/include/servicios/servicios/srv/detail/end__type_support.h
[0.767s] -- Up-to-date: /home/saviveros/RoboticaGrupo11/install/servicios/include/servicios/servicios/srv/detail/reproduce_route__functions.h
[0.768s] -- Up-to-date: /home/saviveros/RoboticaGrupo11/install/servicios/include/servicios/servicios/srv/detail/reproduce_route__struct.h
[0.768s] -- Up-to-date: /home/saviveros/RoboticaGrupo11/install/servicios/include/servicios/servicios/srv/detail/save__struct.h
[0.768s] -- Up-to-date: /home/saviveros/RoboticaGrupo11/install/servicios/include/servicios/servicios/msg
[0.769s] -- Up-to-date: /home/saviveros/RoboticaGrupo11/install/servicios/include/servicios/servicios/msg/rosidl_generator_c__visibility_control.h
[0.769s] -- Up-to-date: /home/saviveros/RoboticaGrupo11/install/servicios/share/servicios/environment/library_path.sh
[0.769s] -- Up-to-date: /home/saviveros/RoboticaGrupo11/install/servicios/share/servicios/environment/library_path.dsv
[0.770s] -- Up-to-date: /home/saviveros/RoboticaGrupo11/install/servicios/lib/libservicios__rosidl_generator_c.so
[0.771s] -- Up-to-date: /home/saviveros/RoboticaGrupo11/install/servicios/include/servicios/servicios
[0.774s] -- Up-to-date: /home/saviveros/RoboticaGrupo11/install/servicios/include/servicios/servicios/srv
[0.774s] -- Up-to-date: /home/saviveros/RoboticaGrupo11/install/servicios/include/servicios/servicios/srv/detail
[0.775s] -- Up-to-date: /home/saviveros/RoboticaGrupo11/install/servicios/include/servicios/servicios/srv/detail/end__rosidl_typesupport_fastrtps_c.h
[0.775s] -- Up-to-date: /home/saviveros/RoboticaGrupo11/install/servicios/include/servicios/servicios/srv/detail/save__rosidl_typesupport_fastrtps_c.h
[0.775s] -- Up-to-date: /home/saviveros/RoboticaGrupo11/install/servicios/include/servicios/servicios/srv/detail/reproduce_route__rosidl_typesupport_fastrtps_c.h
[0.776s] -- Up-to-date: /home/saviveros/RoboticaGrupo11/install/servicios/include/servicios/servicios/msg
[0.776s] -- Up-to-date: /home/saviveros/RoboticaGrupo11/install/servicios/include/servicios/servicios/msg/rosidl_typesupport_fastrtps_c__visibility_control.h
[0.776s] -- Up-to-date: /home/saviveros/RoboticaGrupo11/install/servicios/lib/libservicios__rosidl_typesupport_fastrtps_c.so
[0.776s] -- Up-to-date: /home/saviveros/RoboticaGrupo11/install/servicios/include/servicios/servicios
[0.777s] -- Up-to-date: /home/saviveros/RoboticaGrupo11/install/servicios/include/servicios/servicios/srv
[0.777s] -- Up-to-date: /home/saviveros/RoboticaGrupo11/install/servicios/include/servicios/servicios/srv/reproduce_route.hpp
[0.777s] -- Up-to-date: /home/saviveros/RoboticaGrupo11/install/servicios/include/servicios/servicios/srv/save.hpp
[0.778s] -- Up-to-date: /home/saviveros/RoboticaGrupo11/install/servicios/include/servicios/servicios/srv/end.hpp
[0.778s] -- Up-to-date: /home/saviveros/RoboticaGrupo11/install/servicios/include/servicios/servicios/srv/detail
[0.778s] -- Up-to-date: /home/saviveros/RoboticaGrupo11/install/servicios/include/servicios/servicios/srv/detail/save__struct.hpp
[0.778s] -- Up-to-date: /home/saviveros/RoboticaGrupo11/install/servicios/include/servicios/servicios/srv/detail/save__builder.hpp
[0.779s] -- Up-to-date: /home/saviveros/RoboticaGrupo11/install/servicios/include/servicios/servicios/srv/detail/reproduce_route__builder.hpp
[0.779s] -- Up-to-date: /home/saviveros/RoboticaGrupo11/install/servicios/include/servicios/servicios/srv/detail/save__traits.hpp
[0.779s] -- Up-to-date: /home/saviveros/RoboticaGrupo11/install/servicios/include/servicios/servicios/srv/detail/end__builder.hpp
[0.779s] -- Up-to-date: /home/saviveros/RoboticaGrupo11/install/servicios/include/servicios/servicios/srv/detail/end__traits.hpp
[0.780s] -- Up-to-date: /home/saviveros/RoboticaGrupo11/install/servicios/include/servicios/servicios/srv/detail/end__struct.hpp
[0.780s] -- Up-to-date: /home/saviveros/RoboticaGrupo11/install/servicios/include/servicios/servicios/srv/detail/reproduce_route__struct.hpp
[0.780s] -- Up-to-date: /home/saviveros/RoboticaGrupo11/install/servicios/include/servicios/servicios/srv/detail/reproduce_route__traits.hpp
[0.781s] -- Up-to-date: /home/saviveros/RoboticaGrupo11/install/servicios/include/servicios/servicios
[0.781s] -- Up-to-date: /home/saviveros/RoboticaGrupo11/install/servicios/include/servicios/servicios/srv
[0.781s] -- Up-to-date: /home/saviveros/RoboticaGrupo11/install/servicios/include/servicios/servicios/srv/detail
[0.781s] -- Up-to-date: /home/saviveros/RoboticaGrupo11/install/servicios/include/servicios/servicios/srv/detail/end__rosidl_typesupport_fastrtps_cpp.hpp
[0.781s] -- Up-to-date: /home/saviveros/RoboticaGrupo11/install/servicios/include/servicios/servicios/srv/detail/save__rosidl_typesupport_fastrtps_cpp.hpp
[0.781s] -- Up-to-date: /home/saviveros/RoboticaGrupo11/install/servicios/include/servicios/servicios/srv/detail/dds_fastrtps
[0.782s] -- Up-to-date: /home/saviveros/RoboticaGrupo11/install/servicios/include/servicios/servicios/srv/detail/reproduce_route__rosidl_typesupport_fastrtps_cpp.hpp
[0.782s] -- Up-to-date: /home/saviveros/RoboticaGrupo11/install/servicios/include/servicios/servicios/msg
[0.782s] -- Up-to-date: /home/saviveros/RoboticaGrupo11/install/servicios/include/servicios/servicios/msg/rosidl_typesupport_fastrtps_cpp__visibility_control.h
[0.782s] -- Up-to-date: /home/saviveros/RoboticaGrupo11/install/servicios/lib/libservicios__rosidl_typesupport_fastrtps_cpp.so
[0.782s] -- Up-to-date: /home/saviveros/RoboticaGrupo11/install/servicios/include/servicios/servicios
[0.782s] -- Up-to-date: /home/saviveros/RoboticaGrupo11/install/servicios/include/servicios/servicios/srv
[0.782s] -- Up-to-date: /home/saviveros/RoboticaGrupo11/install/servicios/include/servicios/servicios/srv/detail
[0.782s] -- Up-to-date: /home/saviveros/RoboticaGrupo11/install/servicios/include/servicios/servicios/srv/detail/end__rosidl_typesupport_introspection_c.h
[0.782s] -- Up-to-date: /home/saviveros/RoboticaGrupo11/install/servicios/include/servicios/servicios/srv/detail/save__rosidl_typesupport_introspection_c.h
[0.782s] -- Up-to-date: /home/saviveros/RoboticaGrupo11/install/servicios/include/servicios/servicios/srv/detail/reproduce_route__rosidl_typesupport_introspection_c.h
[0.782s] -- Up-to-date: /home/saviveros/RoboticaGrupo11/install/servicios/include/servicios/servicios/srv/detail/save__type_support.c
[0.782s] -- Up-to-date: /home/saviveros/RoboticaGrupo11/install/servicios/include/servicios/servicios/srv/detail/reproduce_route__type_support.c
[0.782s] -- Up-to-date: /home/saviveros/RoboticaGrupo11/install/servicios/include/servicios/servicios/srv/detail/end__type_support.c
[0.782s] -- Up-to-date: /home/saviveros/RoboticaGrupo11/install/servicios/include/servicios/servicios/msg
[0.782s] -- Up-to-date: /home/saviveros/RoboticaGrupo11/install/servicios/include/servicios/servicios/msg/rosidl_typesupport_introspection_c__visibility_control.h
[0.783s] -- Up-to-date: /home/saviveros/RoboticaGrupo11/install/servicios/lib/libservicios__rosidl_typesupport_introspection_c.so
[0.783s] -- Up-to-date: /home/saviveros/RoboticaGrupo11/install/servicios/lib/libservicios__rosidl_typesupport_c.so
[0.783s] -- Up-to-date: /home/saviveros/RoboticaGrupo11/install/servicios/include/servicios/servicios
[0.783s] -- Up-to-date: /home/saviveros/RoboticaGrupo11/install/servicios/include/servicios/servicios/srv
[0.783s] -- Up-to-date: /home/saviveros/RoboticaGrupo11/install/servicios/include/servicios/servicios/srv/detail
[0.783s] -- Up-to-date: /home/saviveros/RoboticaGrupo11/install/servicios/include/servicios/servicios/srv/detail/reproduce_route__rosidl_typesupport_introspection_cpp.hpp
[0.783s] -- Up-to-date: /home/saviveros/RoboticaGrupo11/install/servicios/include/servicios/servicios/srv/detail/end__rosidl_typesupport_introspection_cpp.hpp
[0.783s] -- Up-to-date: /home/saviveros/RoboticaGrupo11/install/servicios/include/servicios/servicios/srv/detail/end__type_support.cpp
[0.783s] -- Up-to-date: /home/saviveros/RoboticaGrupo11/install/servicios/include/servicios/servicios/srv/detail/save__type_support.cpp
[0.783s] -- Up-to-date: /home/saviveros/RoboticaGrupo11/install/servicios/include/servicios/servicios/srv/detail/reproduce_route__type_support.cpp
[0.783s] -- Up-to-date: /home/saviveros/RoboticaGrupo11/install/servicios/include/servicios/servicios/srv/detail/save__rosidl_typesupport_introspection_cpp.hpp
[0.783s] -- Up-to-date: /home/saviveros/RoboticaGrupo11/install/servicios/lib/libservicios__rosidl_typesupport_introspection_cpp.so
[0.783s] -- Up-to-date: /home/saviveros/RoboticaGrupo11/install/servicios/lib/libservicios__rosidl_typesupport_cpp.so
[0.783s] -- Up-to-date: /home/saviveros/RoboticaGrupo11/install/servicios/share/servicios/environment/pythonpath.sh
[0.783s] -- Up-to-date: /home/saviveros/RoboticaGrupo11/install/servicios/share/servicios/environment/pythonpath.dsv
[0.783s] -- Up-to-date: /home/saviveros/RoboticaGrupo11/install/servicios/local/lib/python3.10/dist-packages/servicios-0.0.0-py3.10.egg-info
[0.783s] -- Installing: /home/saviveros/RoboticaGrupo11/install/servicios/local/lib/python3.10/dist-packages/servicios-0.0.0-py3.10.egg-info/top_level.txt
[0.784s] -- Installing: /home/saviveros/RoboticaGrupo11/install/servicios/local/lib/python3.10/dist-packages/servicios-0.0.0-py3.10.egg-info/dependency_links.txt
[0.784s] -- Installing: /home/saviveros/RoboticaGrupo11/install/servicios/local/lib/python3.10/dist-packages/servicios-0.0.0-py3.10.egg-info/SOURCES.txt
[0.784s] -- Installing: /home/saviveros/RoboticaGrupo11/install/servicios/local/lib/python3.10/dist-packages/servicios-0.0.0-py3.10.egg-info/PKG-INFO
[0.784s] -- Up-to-date: /home/saviveros/RoboticaGrupo11/install/servicios/local/lib/python3.10/dist-packages/servicios
[0.784s] -- Up-to-date: /home/saviveros/RoboticaGrupo11/install/servicios/local/lib/python3.10/dist-packages/servicios/srv
[0.784s] -- Up-to-date: /home/saviveros/RoboticaGrupo11/install/servicios/local/lib/python3.10/dist-packages/servicios/srv/_reproduce_route.py
[0.784s] -- Up-to-date: /home/saviveros/RoboticaGrupo11/install/servicios/local/lib/python3.10/dist-packages/servicios/srv/_end_s.c
[0.784s] -- Up-to-date: /home/saviveros/RoboticaGrupo11/install/servicios/local/lib/python3.10/dist-packages/servicios/srv/_reproduce_route_s.c
[0.784s] -- Up-to-date: /home/saviveros/RoboticaGrupo11/install/servicios/local/lib/python3.10/dist-packages/servicios/srv/_save_s.c
[0.784s] -- Up-to-date: /home/saviveros/RoboticaGrupo11/install/servicios/local/lib/python3.10/dist-packages/servicios/srv/_end.py
[0.784s] -- Up-to-date: /home/saviveros/RoboticaGrupo11/install/servicios/local/lib/python3.10/dist-packages/servicios/srv/_save.py
[0.784s] -- Up-to-date: /home/saviveros/RoboticaGrupo11/install/servicios/local/lib/python3.10/dist-packages/servicios/srv/__init__.py
[0.784s] -- Up-to-date: /home/saviveros/RoboticaGrupo11/install/servicios/local/lib/python3.10/dist-packages/servicios/servicios_s__rosidl_typesupport_fastrtps_c.cpython-310-x86_64-linux-gnu.so
[0.785s] -- Up-to-date: /home/saviveros/RoboticaGrupo11/install/servicios/local/lib/python3.10/dist-packages/servicios/servicios_s__rosidl_typesupport_introspection_c.cpython-310-x86_64-linux-gnu.so
[0.785s] -- Up-to-date: /home/saviveros/RoboticaGrupo11/install/servicios/local/lib/python3.10/dist-packages/servicios/_servicios_s.ep.rosidl_typesupport_introspection_c.c
[0.785s] -- Up-to-date: /home/saviveros/RoboticaGrupo11/install/servicios/local/lib/python3.10/dist-packages/servicios/servicios_s__rosidl_typesupport_c.cpython-310-x86_64-linux-gnu.so
[0.785s] -- Up-to-date: /home/saviveros/RoboticaGrupo11/install/servicios/local/lib/python3.10/dist-packages/servicios/libservicios__rosidl_generator_py.so
[0.785s] -- Up-to-date: /home/saviveros/RoboticaGrupo11/install/servicios/local/lib/python3.10/dist-packages/servicios/_servicios_s.ep.rosidl_typesupport_c.c
[0.785s] -- Up-to-date: /home/saviveros/RoboticaGrupo11/install/servicios/local/lib/python3.10/dist-packages/servicios/__init__.py
[0.785s] -- Up-to-date: /home/saviveros/RoboticaGrupo11/install/servicios/local/lib/python3.10/dist-packages/servicios/_servicios_s.ep.rosidl_typesupport_fastrtps_c.c
[0.814s] Listing '/home/saviveros/RoboticaGrupo11/install/servicios/local/lib/python3.10/dist-packages/servicios'...
[0.814s] Listing '/home/saviveros/RoboticaGrupo11/install/servicios/local/lib/python3.10/dist-packages/servicios/srv'...
[0.820s] -- Up-to-date: /home/saviveros/RoboticaGrupo11/install/servicios/local/lib/python3.10/dist-packages/servicios/servicios_s__rosidl_typesupport_fastrtps_c.cpython-310-x86_64-linux-gnu.so
[0.821s] -- Up-to-date: /home/saviveros/RoboticaGrupo11/install/servicios/local/lib/python3.10/dist-packages/servicios/servicios_s__rosidl_typesupport_introspection_c.cpython-310-x86_64-linux-gnu.so
[0.821s] -- Up-to-date: /home/saviveros/RoboticaGrupo11/install/servicios/local/lib/python3.10/dist-packages/servicios/servicios_s__rosidl_typesupport_c.cpython-310-x86_64-linux-gnu.so
[0.822s] -- Up-to-date: /home/saviveros/RoboticaGrupo11/install/servicios/lib/libservicios__rosidl_generator_py.so
[0.822s] -- Up-to-date: /home/saviveros/RoboticaGrupo11/install/servicios/share/servicios/srv/ReproduceRoute.idl
[0.822s] -- Up-to-date: /home/saviveros/RoboticaGrupo11/install/servicios/share/servicios/srv/Save.idl
[0.823s] -- Up-to-date: /home/saviveros/RoboticaGrupo11/install/servicios/share/servicios/srv/End.idl
[0.823s] -- Up-to-date: /home/saviveros/RoboticaGrupo11/install/servicios/share/servicios/srv/ReproduceRoute.srv
[0.823s] -- Up-to-date: /home/saviveros/RoboticaGrupo11/install/servicios/share/servicios/srv/ReproduceRoute_Request.msg
[0.823s] -- Up-to-date: /home/saviveros/RoboticaGrupo11/install/servicios/share/servicios/srv/ReproduceRoute_Response.msg
[0.824s] -- Up-to-date: /home/saviveros/RoboticaGrupo11/install/servicios/share/servicios/srv/Save.srv
[0.824s] -- Up-to-date: /home/saviveros/RoboticaGrupo11/install/servicios/share/servicios/srv/Save_Request.msg
[0.824s] -- Up-to-date: /home/saviveros/RoboticaGrupo11/install/servicios/share/servicios/srv/Save_Response.msg
[0.825s] -- Up-to-date: /home/saviveros/RoboticaGrupo11/install/servicios/share/servicios/srv/End.srv
[0.825s] -- Up-to-date: /home/saviveros/RoboticaGrupo11/install/servicios/share/servicios/srv/End_Request.msg
[0.825s] -- Up-to-date: /home/saviveros/RoboticaGrupo11/install/servicios/share/servicios/srv/End_Response.msg
[0.826s] -- Up-to-date: /home/saviveros/RoboticaGrupo11/install/servicios/share/ament_index/resource_index/package_run_dependencies/servicios
[0.826s] -- Up-to-date: /home/saviveros/RoboticaGrupo11/install/servicios/share/ament_index/resource_index/parent_prefix_path/servicios
[0.826s] -- Up-to-date: /home/saviveros/RoboticaGrupo11/install/servicios/share/servicios/environment/ament_prefix_path.sh
[0.827s] -- Up-to-date: /home/saviveros/RoboticaGrupo11/install/servicios/share/servicios/environment/ament_prefix_path.dsv
[0.827s] -- Up-to-date: /home/saviveros/RoboticaGrupo11/install/servicios/share/servicios/environment/path.sh
[0.827s] -- Up-to-date: /home/saviveros/RoboticaGrupo11/install/servicios/share/servicios/environment/path.dsv
[0.827s] -- Up-to-date: /home/saviveros/RoboticaGrupo11/install/servicios/share/servicios/local_setup.bash
[0.827s] -- Up-to-date: /home/saviveros/RoboticaGrupo11/install/servicios/share/servicios/local_setup.sh
[0.828s] -- Up-to-date: /home/saviveros/RoboticaGrupo11/install/servicios/share/servicios/local_setup.zsh
[0.828s] -- Up-to-date: /home/saviveros/RoboticaGrupo11/install/servicios/share/servicios/local_setup.dsv
[0.828s] -- Installing: /home/saviveros/RoboticaGrupo11/install/servicios/share/servicios/package.dsv
[0.828s] -- Up-to-date: /home/saviveros/RoboticaGrupo11/install/servicios/share/ament_index/resource_index/packages/servicios
[0.828s] -- Up-to-date: /home/saviveros/RoboticaGrupo11/install/servicios/share/servicios/cmake/export_servicios__rosidl_generator_cExport.cmake
[0.828s] -- Up-to-date: /home/saviveros/RoboticaGrupo11/install/servicios/share/servicios/cmake/export_servicios__rosidl_generator_cExport-noconfig.cmake
[0.828s] -- Up-to-date: /home/saviveros/RoboticaGrupo11/install/servicios/share/servicios/cmake/export_servicios__rosidl_typesupport_fastrtps_cExport.cmake
[0.828s] -- Up-to-date: /home/saviveros/RoboticaGrupo11/install/servicios/share/servicios/cmake/export_servicios__rosidl_typesupport_fastrtps_cExport-noconfig.cmake
[0.828s] -- Up-to-date: /home/saviveros/RoboticaGrupo11/install/servicios/share/servicios/cmake/export_servicios__rosidl_generator_cppExport.cmake
[0.829s] -- Up-to-date: /home/saviveros/RoboticaGrupo11/install/servicios/share/servicios/cmake/export_servicios__rosidl_typesupport_fastrtps_cppExport.cmake
[0.829s] -- Up-to-date: /home/saviveros/RoboticaGrupo11/install/servicios/share/servicios/cmake/export_servicios__rosidl_typesupport_fastrtps_cppExport-noconfig.cmake
[0.829s] -- Up-to-date: /home/saviveros/RoboticaGrupo11/install/servicios/share/servicios/cmake/servicios__rosidl_typesupport_introspection_cExport.cmake
[0.829s] -- Up-to-date: /home/saviveros/RoboticaGrupo11/install/servicios/share/servicios/cmake/servicios__rosidl_typesupport_introspection_cExport-noconfig.cmake
[0.829s] -- Up-to-date: /home/saviveros/RoboticaGrupo11/install/servicios/share/servicios/cmake/servicios__rosidl_typesupport_cExport.cmake
[0.829s] -- Up-to-date: /home/saviveros/RoboticaGrupo11/install/servicios/share/servicios/cmake/servicios__rosidl_typesupport_cExport-noconfig.cmake
[0.829s] -- Up-to-date: /home/saviveros/RoboticaGrupo11/install/servicios/share/servicios/cmake/servicios__rosidl_typesupport_introspection_cppExport.cmake
[0.829s] -- Up-to-date: /home/saviveros/RoboticaGrupo11/install/servicios/share/servicios/cmake/servicios__rosidl_typesupport_introspection_cppExport-noconfig.cmake
[0.829s] -- Up-to-date: /home/saviveros/RoboticaGrupo11/install/servicios/share/servicios/cmake/servicios__rosidl_typesupport_cppExport.cmake
[0.829s] -- Up-to-date: /home/saviveros/RoboticaGrupo11/install/servicios/share/servicios/cmake/servicios__rosidl_typesupport_cppExport-noconfig.cmake
[0.829s] -- Up-to-date: /home/saviveros/RoboticaGrupo11/install/servicios/share/servicios/cmake/export_servicios__rosidl_generator_pyExport.cmake
[0.829s] -- Up-to-date: /home/saviveros/RoboticaGrupo11/install/servicios/share/servicios/cmake/export_servicios__rosidl_generator_pyExport-noconfig.cmake
[0.829s] -- Up-to-date: /home/saviveros/RoboticaGrupo11/install/servicios/share/servicios/cmake/rosidl_cmake-extras.cmake
[0.830s] -- Up-to-date: /home/saviveros/RoboticaGrupo11/install/servicios/share/servicios/cmake/ament_cmake_export_dependencies-extras.cmake
[0.830s] -- Up-to-date: /home/saviveros/RoboticaGrupo11/install/servicios/share/servicios/cmake/ament_cmake_export_include_directories-extras.cmake
[0.831s] -- Up-to-date: /home/saviveros/RoboticaGrupo11/install/servicios/share/servicios/cmake/ament_cmake_export_libraries-extras.cmake
[0.834s] -- Up-to-date: /home/saviveros/RoboticaGrupo11/install/servicios/share/servicios/cmake/ament_cmake_export_targets-extras.cmake
[0.834s] -- Up-to-date: /home/saviveros/RoboticaGrupo11/install/servicios/share/servicios/cmake/rosidl_cmake_export_typesupport_targets-extras.cmake
[0.834s] -- Up-to-date: /home/saviveros/RoboticaGrupo11/install/servicios/share/servicios/cmake/rosidl_cmake_export_typesupport_libraries-extras.cmake
[0.835s] -- Up-to-date: /home/saviveros/RoboticaGrupo11/install/servicios/share/servicios/cmake/serviciosConfig.cmake
[0.835s] -- Up-to-date: /home/saviveros/RoboticaGrupo11/install/servicios/share/servicios/cmake/serviciosConfig-version.cmake
[0.835s] -- Up-to-date: /home/saviveros/RoboticaGrupo11/install/servicios/share/servicios/package.xml
[0.837s] Invoked command in '/home/saviveros/RoboticaGrupo11/build/servicios' returned '0': CMAKE_PREFIX_PATH=${CMAKE_PREFIX_PATH}:/home/saviveros/RoboticaGrupo11/install/turtle_bot_nodos:/opt/ros/humble /usr/bin/cmake --install /home/saviveros/RoboticaGrupo11/build/servicios
