[0.031s] Invoking command in '/home/saviveros/RoboticaGrupo11/build/servicios': CMAKE_PREFIX_PATH=/opt/ros/humble /usr/bin/cmake --build /home/saviveros/RoboticaGrupo11/build/servicios -- -j8 -l8
[0.097s] [  2%] Built target servicios__cpp
[0.101s] [ 12%] Built target servicios__rosidl_generator_c
[0.111s] [ 12%] Built target ament_cmake_python_copy_servicios
[0.132s] [ 23%] Built target servicios__rosidl_typesupport_cpp
[0.142s] [ 34%] Built target servicios__rosidl_typesupport_fastrtps_cpp
[0.142s] [ 44%] Built target servicios__rosidl_typesupport_fastrtps_c
[0.144s] [ 55%] Built target servicios__rosidl_typesupport_c
[0.146s] [ 65%] Built target servicios__rosidl_typesupport_introspection_c
[0.153s] [ 76%] Built target servicios__rosidl_typesupport_introspection_cpp
[0.181s] [ 76%] Built target servicios
[0.213s] [ 78%] Built target servicios__py
[0.241s] [ 87%] Built target servicios__rosidl_generator_py
[0.264s] [ 91%] Built target servicios__rosidl_typesupport_fastrtps_c__pyext
[0.265s] [ 95%] Built target servicios__rosidl_typesupport_introspection_c__pyext
[0.267s] [100%] Built target servicios__rosidl_typesupport_c__pyext
[0.449s] running egg_info
[0.450s] writing servicios.egg-info/PKG-INFO
[0.451s] writing dependency_links to servicios.egg-info/dependency_links.txt
[0.451s] writing top-level names to servicios.egg-info/top_level.txt
[0.458s] reading manifest file 'servicios.egg-info/SOURCES.txt'
[0.460s] writing manifest file 'servicios.egg-info/SOURCES.txt'
[0.494s] [100%] Built target ament_cmake_python_build_servicios_egg
[0.507s] Invoked command in '/home/saviveros/RoboticaGrupo11/build/servicios' returned '0': CMAKE_PREFIX_PATH=/opt/ros/humble /usr/bin/cmake --build /home/saviveros/RoboticaGrupo11/build/servicios -- -j8 -l8
[0.626s] Invoking command in '/home/saviveros/RoboticaGrupo11/build/servicios': CMAKE_PREFIX_PATH=/opt/ros/humble /usr/bin/cmake --install /home/saviveros/RoboticaGrupo11/build/servicios
[0.636s] -- Install configuration: ""
[0.637s] -- Up-to-date: /home/saviveros/RoboticaGrupo11/install/servicios/share/ament_index/resource_index/rosidl_interfaces/servicios
[0.638s] -- Up-to-date: /home/saviveros/RoboticaGrupo11/install/servicios/include/servicios/servicios
[0.638s] -- Up-to-date: /home/saviveros/RoboticaGrupo11/install/servicios/include/servicios/servicios/srv
[0.640s] -- Up-to-date: /home/saviveros/RoboticaGrupo11/install/servicios/include/servicios/servicios/srv/end.h
[0.641s] -- Up-to-date: /home/saviveros/RoboticaGrupo11/install/servicios/include/servicios/servicios/srv/reproduce_route.h
[0.642s] -- Up-to-date: /home/saviveros/RoboticaGrupo11/install/servicios/include/servicios/servicios/srv/save.h
[0.642s] -- Up-to-date: /home/saviveros/RoboticaGrupo11/install/servicios/include/servicios/servicios/srv/detail
[0.643s] -- Up-to-date: /home/saviveros/RoboticaGrupo11/install/servicios/include/servicios/servicios/srv/detail/end__functions.c
[0.643s] -- Up-to-date: /home/saviveros/RoboticaGrupo11/install/servicios/include/servicios/servicios/srv/detail/save__type_support.h
[0.643s] -- Up-to-date: /home/saviveros/RoboticaGrupo11/install/servicios/include/servicios/servicios/srv/detail/save__functions.c
[0.644s] -- Up-to-date: /home/saviveros/RoboticaGrupo11/install/servicios/include/servicios/servicios/srv/detail/reproduce_route__functions.c
[0.644s] -- Up-to-date: /home/saviveros/RoboticaGrupo11/install/servicios/include/servicios/servicios/srv/detail/end__functions.h
[0.644s] -- Up-to-date: /home/saviveros/RoboticaGrupo11/install/servicios/include/servicios/servicios/srv/detail/reproduce_route__type_support.h
[0.645s] -- Up-to-date: /home/saviveros/RoboticaGrupo11/install/servicios/include/servicios/servicios/srv/detail/end__struct.h
[0.645s] -- Up-to-date: /home/saviveros/RoboticaGrupo11/install/servicios/include/servicios/servicios/srv/detail/save__functions.h
[0.645s] -- Up-to-date: /home/saviveros/RoboticaGrupo11/install/servicios/include/servicios/servicios/srv/detail/end__type_support.h
[0.646s] -- Up-to-date: /home/saviveros/RoboticaGrupo11/install/servicios/include/servicios/servicios/srv/detail/reproduce_route__functions.h
[0.647s] -- Up-to-date: /home/saviveros/RoboticaGrupo11/install/servicios/include/servicios/servicios/srv/detail/reproduce_route__struct.h
[0.647s] -- Up-to-date: /home/saviveros/RoboticaGrupo11/install/servicios/include/servicios/servicios/srv/detail/save__struct.h
[0.647s] -- Up-to-date: /home/saviveros/RoboticaGrupo11/install/servicios/include/servicios/servicios/msg
[0.647s] -- Up-to-date: /home/saviveros/RoboticaGrupo11/install/servicios/include/servicios/servicios/msg/rosidl_generator_c__visibility_control.h
[0.647s] -- Up-to-date: /home/saviveros/RoboticaGrupo11/install/servicios/share/servicios/environment/library_path.sh
[0.647s] -- Up-to-date: /home/saviveros/RoboticaGrupo11/install/servicios/share/servicios/environment/library_path.dsv
[0.647s] -- Up-to-date: /home/saviveros/RoboticaGrupo11/install/servicios/lib/libservicios__rosidl_generator_c.so
[0.647s] -- Up-to-date: /home/saviveros/RoboticaGrupo11/install/servicios/include/servicios/servicios
[0.647s] -- Up-to-date: /home/saviveros/RoboticaGrupo11/install/servicios/include/servicios/servicios/srv
[0.647s] -- Up-to-date: /home/saviveros/RoboticaGrupo11/install/servicios/include/servicios/servicios/srv/detail
[0.647s] -- Up-to-date: /home/saviveros/RoboticaGrupo11/install/servicios/include/servicios/servicios/srv/detail/end__rosidl_typesupport_fastrtps_c.h
[0.648s] -- Up-to-date: /home/saviveros/RoboticaGrupo11/install/servicios/include/servicios/servicios/srv/detail/save__rosidl_typesupport_fastrtps_c.h
[0.648s] -- Up-to-date: /home/saviveros/RoboticaGrupo11/install/servicios/include/servicios/servicios/srv/detail/reproduce_route__rosidl_typesupport_fastrtps_c.h
[0.648s] -- Up-to-date: /home/saviveros/RoboticaGrupo11/install/servicios/include/servicios/servicios/msg
[0.648s] -- Up-to-date: /home/saviveros/RoboticaGrupo11/install/servicios/include/servicios/servicios/msg/rosidl_typesupport_fastrtps_c__visibility_control.h
[0.648s] -- Up-to-date: /home/saviveros/RoboticaGrupo11/install/servicios/lib/libservicios__rosidl_typesupport_fastrtps_c.so
[0.648s] -- Up-to-date: /home/saviveros/RoboticaGrupo11/install/servicios/include/servicios/servicios
[0.648s] -- Up-to-date: /home/saviveros/RoboticaGrupo11/install/servicios/include/servicios/servicios/srv
[0.648s] -- Up-to-date: /home/saviveros/RoboticaGrupo11/install/servicios/include/servicios/servicios/srv/reproduce_route.hpp
[0.648s] -- Up-to-date: /home/saviveros/RoboticaGrupo11/install/servicios/include/servicios/servicios/srv/save.hpp
[0.649s] -- Up-to-date: /home/saviveros/RoboticaGrupo11/install/servicios/include/servicios/servicios/srv/end.hpp
[0.649s] -- Up-to-date: /home/saviveros/RoboticaGrupo11/install/servicios/include/servicios/servicios/srv/detail
[0.649s] -- Up-to-date: /home/saviveros/RoboticaGrupo11/install/servicios/include/servicios/servicios/srv/detail/save__struct.hpp
[0.649s] -- Up-to-date: /home/saviveros/RoboticaGrupo11/install/servicios/include/servicios/servicios/srv/detail/save__builder.hpp
[0.649s] -- Up-to-date: /home/saviveros/RoboticaGrupo11/install/servicios/include/servicios/servicios/srv/detail/reproduce_route__builder.hpp
[0.649s] -- Up-to-date: /home/saviveros/RoboticaGrupo11/install/servicios/include/servicios/servicios/srv/detail/save__traits.hpp
[0.649s] -- Up-to-date: /home/saviveros/RoboticaGrupo11/install/servicios/include/servicios/servicios/srv/detail/end__builder.hpp
[0.649s] -- Up-to-date: /home/saviveros/RoboticaGrupo11/install/servicios/include/servicios/servicios/srv/detail/end__traits.hpp
[0.649s] -- Up-to-date: /home/saviveros/RoboticaGrupo11/install/servicios/include/servicios/servicios/srv/detail/end__struct.hpp
[0.649s] -- Up-to-date: /home/saviveros/RoboticaGrupo11/install/servicios/include/servicios/servicios/srv/detail/reproduce_route__struct.hpp
[0.649s] -- Up-to-date: /home/saviveros/RoboticaGrupo11/install/servicios/include/servicios/servicios/srv/detail/reproduce_route__traits.hpp
[0.649s] -- Up-to-date: /home/saviveros/RoboticaGrupo11/install/servicios/include/servicios/servicios
[0.649s] -- Up-to-date: /home/saviveros/RoboticaGrupo11/install/servicios/include/servicios/servicios/srv
[0.650s] -- Up-to-date: /home/saviveros/RoboticaGrupo11/install/servicios/include/servicios/servicios/srv/detail
[0.650s] -- Up-to-date: /home/saviveros/RoboticaGrupo11/install/servicios/include/servicios/servicios/srv/detail/end__rosidl_typesupport_fastrtps_cpp.hpp
[0.650s] -- Up-to-date: /home/saviveros/RoboticaGrupo11/install/servicios/include/servicios/servicios/srv/detail/save__rosidl_typesupport_fastrtps_cpp.hpp
[0.650s] -- Up-to-date: /home/saviveros/RoboticaGrupo11/install/servicios/include/servicios/servicios/srv/detail/dds_fastrtps
[0.650s] -- Up-to-date: /home/saviveros/RoboticaGrupo11/install/servicios/include/servicios/servicios/srv/detail/reproduce_route__rosidl_typesupport_fastrtps_cpp.hpp
[0.650s] -- Up-to-date: /home/saviveros/RoboticaGrupo11/install/servicios/include/servicios/servicios/msg
[0.650s] -- Up-to-date: /home/saviveros/RoboticaGrupo11/install/servicios/include/servicios/servicios/msg/rosidl_typesupport_fastrtps_cpp__visibility_control.h
[0.650s] -- Up-to-date: /home/saviveros/RoboticaGrupo11/install/servicios/lib/libservicios__rosidl_typesupport_fastrtps_cpp.so
[0.650s] -- Up-to-date: /home/saviveros/RoboticaGrupo11/install/servicios/include/servicios/servicios
[0.650s] -- Up-to-date: /home/saviveros/RoboticaGrupo11/install/servicios/include/servicios/servicios/srv
[0.650s] -- Up-to-date: /home/saviveros/RoboticaGrupo11/install/servicios/include/servicios/servicios/srv/detail
[0.650s] -- Up-to-date: /home/saviveros/RoboticaGrupo11/install/servicios/include/servicios/servicios/srv/detail/end__rosidl_typesupport_introspection_c.h
[0.650s] -- Up-to-date: /home/saviveros/RoboticaGrupo11/install/servicios/include/servicios/servicios/srv/detail/save__rosidl_typesupport_introspection_c.h
[0.650s] -- Up-to-date: /home/saviveros/RoboticaGrupo11/install/servicios/include/servicios/servicios/srv/detail/reproduce_route__rosidl_typesupport_introspection_c.h
[0.651s] -- Up-to-date: /home/saviveros/RoboticaGrupo11/install/servicios/include/servicios/servicios/srv/detail/save__type_support.c
[0.651s] -- Up-to-date: /home/saviveros/RoboticaGrupo11/install/servicios/include/servicios/servicios/srv/detail/reproduce_route__type_support.c
[0.651s] -- Up-to-date: /home/saviveros/RoboticaGrupo11/install/servicios/include/servicios/servicios/srv/detail/end__type_support.c
[0.651s] -- Up-to-date: /home/saviveros/RoboticaGrupo11/install/servicios/include/servicios/servicios/msg
[0.651s] -- Up-to-date: /home/saviveros/RoboticaGrupo11/install/servicios/include/servicios/servicios/msg/rosidl_typesupport_introspection_c__visibility_control.h
[0.651s] -- Up-to-date: /home/saviveros/RoboticaGrupo11/install/servicios/lib/libservicios__rosidl_typesupport_introspection_c.so
[0.651s] -- Up-to-date: /home/saviveros/RoboticaGrupo11/install/servicios/lib/libservicios__rosidl_typesupport_c.so
[0.651s] -- Up-to-date: /home/saviveros/RoboticaGrupo11/install/servicios/include/servicios/servicios
[0.651s] -- Up-to-date: /home/saviveros/RoboticaGrupo11/install/servicios/include/servicios/servicios/srv
[0.651s] -- Up-to-date: /home/saviveros/RoboticaGrupo11/install/servicios/include/servicios/servicios/srv/detail
[0.652s] -- Up-to-date: /home/saviveros/RoboticaGrupo11/install/servicios/include/servicios/servicios/srv/detail/reproduce_route__rosidl_typesupport_introspection_cpp.hpp
[0.652s] -- Up-to-date: /home/saviveros/RoboticaGrupo11/install/servicios/include/servicios/servicios/srv/detail/end__rosidl_typesupport_introspection_cpp.hpp
[0.652s] -- Up-to-date: /home/saviveros/RoboticaGrupo11/install/servicios/include/servicios/servicios/srv/detail/end__type_support.cpp
[0.652s] -- Up-to-date: /home/saviveros/RoboticaGrupo11/install/servicios/include/servicios/servicios/srv/detail/save__type_support.cpp
[0.652s] -- Up-to-date: /home/saviveros/RoboticaGrupo11/install/servicios/include/servicios/servicios/srv/detail/reproduce_route__type_support.cpp
[0.652s] -- Up-to-date: /home/saviveros/RoboticaGrupo11/install/servicios/include/servicios/servicios/srv/detail/save__rosidl_typesupport_introspection_cpp.hpp
[0.652s] -- Up-to-date: /home/saviveros/RoboticaGrupo11/install/servicios/lib/libservicios__rosidl_typesupport_introspection_cpp.so
[0.652s] -- Up-to-date: /home/saviveros/RoboticaGrupo11/install/servicios/lib/libservicios__rosidl_typesupport_cpp.so
[0.652s] -- Up-to-date: /home/saviveros/RoboticaGrupo11/install/servicios/share/servicios/environment/pythonpath.sh
[0.652s] -- Up-to-date: /home/saviveros/RoboticaGrupo11/install/servicios/share/servicios/environment/pythonpath.dsv
[0.653s] -- Up-to-date: /home/saviveros/RoboticaGrupo11/install/servicios/local/lib/python3.10/dist-packages/servicios-0.0.0-py3.10.egg-info
[0.653s] -- Installing: /home/saviveros/RoboticaGrupo11/install/servicios/local/lib/python3.10/dist-packages/servicios-0.0.0-py3.10.egg-info/top_level.txt
[0.653s] -- Installing: /home/saviveros/RoboticaGrupo11/install/servicios/local/lib/python3.10/dist-packages/servicios-0.0.0-py3.10.egg-info/dependency_links.txt
[0.653s] -- Installing: /home/saviveros/RoboticaGrupo11/install/servicios/local/lib/python3.10/dist-packages/servicios-0.0.0-py3.10.egg-info/SOURCES.txt
[0.653s] -- Installing: /home/saviveros/RoboticaGrupo11/install/servicios/local/lib/python3.10/dist-packages/servicios-0.0.0-py3.10.egg-info/PKG-INFO
[0.653s] -- Up-to-date: /home/saviveros/RoboticaGrupo11/install/servicios/local/lib/python3.10/dist-packages/servicios
[0.653s] -- Up-to-date: /home/saviveros/RoboticaGrupo11/install/servicios/local/lib/python3.10/dist-packages/servicios/srv
[0.653s] -- Up-to-date: /home/saviveros/RoboticaGrupo11/install/servicios/local/lib/python3.10/dist-packages/servicios/srv/_reproduce_route.py
[0.653s] -- Up-to-date: /home/saviveros/RoboticaGrupo11/install/servicios/local/lib/python3.10/dist-packages/servicios/srv/_end_s.c
[0.653s] -- Up-to-date: /home/saviveros/RoboticaGrupo11/install/servicios/local/lib/python3.10/dist-packages/servicios/srv/_reproduce_route_s.c
[0.654s] -- Up-to-date: /home/saviveros/RoboticaGrupo11/install/servicios/local/lib/python3.10/dist-packages/servicios/srv/_save_s.c
[0.654s] -- Up-to-date: /home/saviveros/RoboticaGrupo11/install/servicios/local/lib/python3.10/dist-packages/servicios/srv/_end.py
[0.654s] -- Up-to-date: /home/saviveros/RoboticaGrupo11/install/servicios/local/lib/python3.10/dist-packages/servicios/srv/_save.py
[0.655s] -- Up-to-date: /home/saviveros/RoboticaGrupo11/install/servicios/local/lib/python3.10/dist-packages/servicios/srv/__init__.py
[0.656s] -- Up-to-date: /home/saviveros/RoboticaGrupo11/install/servicios/local/lib/python3.10/dist-packages/servicios/servicios_s__rosidl_typesupport_fastrtps_c.cpython-310-x86_64-linux-gnu.so
[0.656s] -- Up-to-date: /home/saviveros/RoboticaGrupo11/install/servicios/local/lib/python3.10/dist-packages/servicios/servicios_s__rosidl_typesupport_introspection_c.cpython-310-x86_64-linux-gnu.so
[0.656s] -- Up-to-date: /home/saviveros/RoboticaGrupo11/install/servicios/local/lib/python3.10/dist-packages/servicios/_servicios_s.ep.rosidl_typesupport_introspection_c.c
[0.656s] -- Up-to-date: /home/saviveros/RoboticaGrupo11/install/servicios/local/lib/python3.10/dist-packages/servicios/servicios_s__rosidl_typesupport_c.cpython-310-x86_64-linux-gnu.so
[0.656s] -- Up-to-date: /home/saviveros/RoboticaGrupo11/install/servicios/local/lib/python3.10/dist-packages/servicios/libservicios__rosidl_generator_py.so
[0.656s] -- Up-to-date: /home/saviveros/RoboticaGrupo11/install/servicios/local/lib/python3.10/dist-packages/servicios/_servicios_s.ep.rosidl_typesupport_c.c
[0.656s] -- Up-to-date: /home/saviveros/RoboticaGrupo11/install/servicios/local/lib/python3.10/dist-packages/servicios/__init__.py
[0.657s] -- Up-to-date: /home/saviveros/RoboticaGrupo11/install/servicios/local/lib/python3.10/dist-packages/servicios/_servicios_s.ep.rosidl_typesupport_fastrtps_c.c
[0.683s] Listing '/home/saviveros/RoboticaGrupo11/install/servicios/local/lib/python3.10/dist-packages/servicios'...
[0.683s] Listing '/home/saviveros/RoboticaGrupo11/install/servicios/local/lib/python3.10/dist-packages/servicios/srv'...
[0.690s] -- Up-to-date: /home/saviveros/RoboticaGrupo11/install/servicios/local/lib/python3.10/dist-packages/servicios/servicios_s__rosidl_typesupport_fastrtps_c.cpython-310-x86_64-linux-gnu.so
[0.690s] -- Up-to-date: /home/saviveros/RoboticaGrupo11/install/servicios/local/lib/python3.10/dist-packages/servicios/servicios_s__rosidl_typesupport_introspection_c.cpython-310-x86_64-linux-gnu.so
[0.690s] -- Up-to-date: /home/saviveros/RoboticaGrupo11/install/servicios/local/lib/python3.10/dist-packages/servicios/servicios_s__rosidl_typesupport_c.cpython-310-x86_64-linux-gnu.so
[0.691s] -- Up-to-date: /home/saviveros/RoboticaGrupo11/install/servicios/lib/libservicios__rosidl_generator_py.so
[0.691s] -- Up-to-date: /home/saviveros/RoboticaGrupo11/install/servicios/share/servicios/srv/ReproduceRoute.idl
[0.691s] -- Up-to-date: /home/saviveros/RoboticaGrupo11/install/servicios/share/servicios/srv/Save.idl
[0.692s] -- Up-to-date: /home/saviveros/RoboticaGrupo11/install/servicios/share/servicios/srv/End.idl
[0.692s] -- Up-to-date: /home/saviveros/RoboticaGrupo11/install/servicios/share/servicios/srv/ReproduceRoute.srv
[0.692s] -- Up-to-date: /home/saviveros/RoboticaGrupo11/install/servicios/share/servicios/srv/ReproduceRoute_Request.msg
[0.693s] -- Up-to-date: /home/saviveros/RoboticaGrupo11/install/servicios/share/servicios/srv/ReproduceRoute_Response.msg
[0.693s] -- Up-to-date: /home/saviveros/RoboticaGrupo11/install/servicios/share/servicios/srv/Save.srv
[0.693s] -- Up-to-date: /home/saviveros/RoboticaGrupo11/install/servicios/share/servicios/srv/Save_Request.msg
[0.694s] -- Up-to-date: /home/saviveros/RoboticaGrupo11/install/servicios/share/servicios/srv/Save_Response.msg
[0.694s] -- Up-to-date: /home/saviveros/RoboticaGrupo11/install/servicios/share/servicios/srv/End.srv
[0.694s] -- Up-to-date: /home/saviveros/RoboticaGrupo11/install/servicios/share/servicios/srv/End_Request.msg
[0.695s] -- Up-to-date: /home/saviveros/RoboticaGrupo11/install/servicios/share/servicios/srv/End_Response.msg
[0.695s] -- Up-to-date: /home/saviveros/RoboticaGrupo11/install/servicios/share/ament_index/resource_index/package_run_dependencies/servicios
[0.695s] -- Up-to-date: /home/saviveros/RoboticaGrupo11/install/servicios/share/ament_index/resource_index/parent_prefix_path/servicios
[0.696s] -- Up-to-date: /home/saviveros/RoboticaGrupo11/install/servicios/share/servicios/environment/ament_prefix_path.sh
[0.696s] -- Up-to-date: /home/saviveros/RoboticaGrupo11/install/servicios/share/servicios/environment/ament_prefix_path.dsv
[0.696s] -- Up-to-date: /home/saviveros/RoboticaGrupo11/install/servicios/share/servicios/environment/path.sh
[0.696s] -- Up-to-date: /home/saviveros/RoboticaGrupo11/install/servicios/share/servicios/environment/path.dsv
[0.696s] -- Up-to-date: /home/saviveros/RoboticaGrupo11/install/servicios/share/servicios/local_setup.bash
[0.696s] -- Up-to-date: /home/saviveros/RoboticaGrupo11/install/servicios/share/servicios/local_setup.sh
[0.696s] -- Up-to-date: /home/saviveros/RoboticaGrupo11/install/servicios/share/servicios/local_setup.zsh
[0.696s] -- Up-to-date: /home/saviveros/RoboticaGrupo11/install/servicios/share/servicios/local_setup.dsv
[0.696s] -- Installing: /home/saviveros/RoboticaGrupo11/install/servicios/share/servicios/package.dsv
[0.696s] -- Up-to-date: /home/saviveros/RoboticaGrupo11/install/servicios/share/ament_index/resource_index/packages/servicios
[0.697s] -- Up-to-date: /home/saviveros/RoboticaGrupo11/install/servicios/share/servicios/cmake/export_servicios__rosidl_generator_cExport.cmake
[0.697s] -- Up-to-date: /home/saviveros/RoboticaGrupo11/install/servicios/share/servicios/cmake/export_servicios__rosidl_generator_cExport-noconfig.cmake
[0.697s] -- Up-to-date: /home/saviveros/RoboticaGrupo11/install/servicios/share/servicios/cmake/export_servicios__rosidl_typesupport_fastrtps_cExport.cmake
[0.697s] -- Up-to-date: /home/saviveros/RoboticaGrupo11/install/servicios/share/servicios/cmake/export_servicios__rosidl_typesupport_fastrtps_cExport-noconfig.cmake
[0.697s] -- Up-to-date: /home/saviveros/RoboticaGrupo11/install/servicios/share/servicios/cmake/export_servicios__rosidl_generator_cppExport.cmake
[0.697s] -- Up-to-date: /home/saviveros/RoboticaGrupo11/install/servicios/share/servicios/cmake/export_servicios__rosidl_typesupport_fastrtps_cppExport.cmake
[0.697s] -- Up-to-date: /home/saviveros/RoboticaGrupo11/install/servicios/share/servicios/cmake/export_servicios__rosidl_typesupport_fastrtps_cppExport-noconfig.cmake
[0.697s] -- Up-to-date: /home/saviveros/RoboticaGrupo11/install/servicios/share/servicios/cmake/servicios__rosidl_typesupport_introspection_cExport.cmake
[0.697s] -- Up-to-date: /home/saviveros/RoboticaGrupo11/install/servicios/share/servicios/cmake/servicios__rosidl_typesupport_introspection_cExport-noconfig.cmake
[0.697s] -- Up-to-date: /home/saviveros/RoboticaGrupo11/install/servicios/share/servicios/cmake/servicios__rosidl_typesupport_cExport.cmake
[0.697s] -- Up-to-date: /home/saviveros/RoboticaGrupo11/install/servicios/share/servicios/cmake/servicios__rosidl_typesupport_cExport-noconfig.cmake
[0.697s] -- Up-to-date: /home/saviveros/RoboticaGrupo11/install/servicios/share/servicios/cmake/servicios__rosidl_typesupport_introspection_cppExport.cmake
[0.697s] -- Up-to-date: /home/saviveros/RoboticaGrupo11/install/servicios/share/servicios/cmake/servicios__rosidl_typesupport_introspection_cppExport-noconfig.cmake
[0.698s] -- Up-to-date: /home/saviveros/RoboticaGrupo11/install/servicios/share/servicios/cmake/servicios__rosidl_typesupport_cppExport.cmake
[0.698s] -- Up-to-date: /home/saviveros/RoboticaGrupo11/install/servicios/share/servicios/cmake/servicios__rosidl_typesupport_cppExport-noconfig.cmake
[0.698s] -- Up-to-date: /home/saviveros/RoboticaGrupo11/install/servicios/share/servicios/cmake/export_servicios__rosidl_generator_pyExport.cmake
[0.699s] -- Up-to-date: /home/saviveros/RoboticaGrupo11/install/servicios/share/servicios/cmake/export_servicios__rosidl_generator_pyExport-noconfig.cmake
[0.699s] -- Up-to-date: /home/saviveros/RoboticaGrupo11/install/servicios/share/servicios/cmake/rosidl_cmake-extras.cmake
[0.699s] -- Up-to-date: /home/saviveros/RoboticaGrupo11/install/servicios/share/servicios/cmake/ament_cmake_export_dependencies-extras.cmake
[0.700s] -- Up-to-date: /home/saviveros/RoboticaGrupo11/install/servicios/share/servicios/cmake/ament_cmake_export_include_directories-extras.cmake
[0.700s] -- Up-to-date: /home/saviveros/RoboticaGrupo11/install/servicios/share/servicios/cmake/ament_cmake_export_libraries-extras.cmake
[0.700s] -- Up-to-date: /home/saviveros/RoboticaGrupo11/install/servicios/share/servicios/cmake/ament_cmake_export_targets-extras.cmake
[0.700s] -- Up-to-date: /home/saviveros/RoboticaGrupo11/install/servicios/share/servicios/cmake/rosidl_cmake_export_typesupport_targets-extras.cmake
[0.701s] -- Up-to-date: /home/saviveros/RoboticaGrupo11/install/servicios/share/servicios/cmake/rosidl_cmake_export_typesupport_libraries-extras.cmake
[0.701s] -- Up-to-date: /home/saviveros/RoboticaGrupo11/install/servicios/share/servicios/cmake/serviciosConfig.cmake
[0.702s] -- Up-to-date: /home/saviveros/RoboticaGrupo11/install/servicios/share/servicios/cmake/serviciosConfig-version.cmake
[0.702s] -- Up-to-date: /home/saviveros/RoboticaGrupo11/install/servicios/share/servicios/package.xml
[0.703s] Invoked command in '/home/saviveros/RoboticaGrupo11/build/servicios' returned '0': CMAKE_PREFIX_PATH=/opt/ros/humble /usr/bin/cmake --install /home/saviveros/RoboticaGrupo11/build/servicios
