[1.746s] Invoking command in '/home/saviveros/RoboticaGrupo11/src/turtle_bot_nodos': PYTHONPATH=/home/saviveros/RoboticaGrupo11/build/turtle_bot_nodos/prefix_override:/home/saviveros/RoboticaGrupo11/install/turtle_bot_nodos/lib/python3.10/site-packages:${PYTHONPATH} /usr/bin/python3 setup.py egg_info --egg-base ../../build/turtle_bot_nodos build --build-base /home/saviveros/RoboticaGrupo11/build/turtle_bot_nodos/build install --record /home/saviveros/RoboticaGrupo11/build/turtle_bot_nodos/install.log --single-version-externally-managed
[2.114s] running egg_info
[2.114s] writing ../../build/turtle_bot_nodos/turtle_bot_nodos.egg-info/PKG-INFO
[2.115s] writing dependency_links to ../../build/turtle_bot_nodos/turtle_bot_nodos.egg-info/dependency_links.txt
[2.115s] writing entry points to ../../build/turtle_bot_nodos/turtle_bot_nodos.egg-info/entry_points.txt
[2.115s] writing requirements to ../../build/turtle_bot_nodos/turtle_bot_nodos.egg-info/requires.txt
[2.115s] writing top-level names to ../../build/turtle_bot_nodos/turtle_bot_nodos.egg-info/top_level.txt
[2.117s] reading manifest file '../../build/turtle_bot_nodos/turtle_bot_nodos.egg-info/SOURCES.txt'
[2.118s] writing manifest file '../../build/turtle_bot_nodos/turtle_bot_nodos.egg-info/SOURCES.txt'
[2.118s] running build
[2.119s] running build_py
[2.119s] copying turtle_bot_nodos/turtle_bot_teleop.py -> /home/saviveros/RoboticaGrupo11/build/turtle_bot_nodos/build/lib/turtle_bot_nodos
[2.120s] running install
[2.120s] /usr/lib/python3/dist-packages/setuptools/command/install.py:34: SetuptoolsDeprecationWarning: setup.py install is deprecated. Use build and pip and other standards-based tools.
[2.120s]   warnings.warn(
[2.120s] running install_lib
[2.121s] copying /home/saviveros/RoboticaGrupo11/build/turtle_bot_nodos/build/lib/turtle_bot_nodos/turtle_bot_teleop.py -> /home/saviveros/RoboticaGrupo11/install/turtle_bot_nodos/lib/python3.10/site-packages/turtle_bot_nodos
[2.122s] byte-compiling /home/saviveros/RoboticaGrupo11/install/turtle_bot_nodos/lib/python3.10/site-packages/turtle_bot_nodos/turtle_bot_teleop.py to turtle_bot_teleop.cpython-310.pyc
[2.125s] running install_data
[2.128s] running install_egg_info
[2.133s] removing '/home/saviveros/RoboticaGrupo11/install/turtle_bot_nodos/lib/python3.10/site-packages/turtle_bot_nodos-0.0.0-py3.10.egg-info' (and everything under it)
[2.135s] Copying ../../build/turtle_bot_nodos/turtle_bot_nodos.egg-info to /home/saviveros/RoboticaGrupo11/install/turtle_bot_nodos/lib/python3.10/site-packages/turtle_bot_nodos-0.0.0-py3.10.egg-info
[2.136s] running install_scripts
[2.178s] Installing turtle_bot_interface script to /home/saviveros/RoboticaGrupo11/install/turtle_bot_nodos/lib/turtle_bot_nodos
[2.178s] Installing turtle_bot_player script to /home/saviveros/RoboticaGrupo11/install/turtle_bot_nodos/lib/turtle_bot_nodos
[2.179s] Installing turtle_bot_save_route script to /home/saviveros/RoboticaGrupo11/install/turtle_bot_nodos/lib/turtle_bot_nodos
[2.179s] Installing turtle_bot_teleop_ script to /home/saviveros/RoboticaGrupo11/install/turtle_bot_nodos/lib/turtle_bot_nodos
[2.180s] writing list of installed files to '/home/saviveros/RoboticaGrupo11/build/turtle_bot_nodos/install.log'
[2.252s] Invoked command in '/home/saviveros/RoboticaGrupo11/src/turtle_bot_nodos' returned '0': PYTHONPATH=/home/saviveros/RoboticaGrupo11/build/turtle_bot_nodos/prefix_override:/home/saviveros/RoboticaGrupo11/install/turtle_bot_nodos/lib/python3.10/site-packages:${PYTHONPATH} /usr/bin/python3 setup.py egg_info --egg-base ../../build/turtle_bot_nodos build --build-base /home/saviveros/RoboticaGrupo11/build/turtle_bot_nodos/build install --record /home/saviveros/RoboticaGrupo11/build/turtle_bot_nodos/install.log --single-version-externally-managed
